ARM GAS  C:\Users\svcgu\AppData\Local\Temp\ccIJzEmq.s 			page 1


   1              		.cpu cortex-m4
   2              		.eabi_attribute 27, 1
   3              		.eabi_attribute 28, 1
   4              		.eabi_attribute 20, 1
   5              		.eabi_attribute 21, 1
   6              		.eabi_attribute 23, 3
   7              		.eabi_attribute 24, 1
   8              		.eabi_attribute 25, 1
   9              		.eabi_attribute 26, 1
  10              		.eabi_attribute 30, 1
  11              		.eabi_attribute 34, 1
  12              		.eabi_attribute 18, 4
  13              		.file	"ff_gen_drv.c"
  14              		.text
  15              	.Ltext0:
  16              		.cfi_sections	.debug_frame
  17              		.section	.text.FATFS_LinkDriverEx,"ax",%progbits
  18              		.align	1
  19              		.global	FATFS_LinkDriverEx
  20              		.syntax unified
  21              		.thumb
  22              		.thumb_func
  23              		.fpu fpv4-sp-d16
  25              	FATFS_LinkDriverEx:
  26              	.LFB124:
  27              		.file 1 "Middlewares/Third_Party/FatFs/src/ff_gen_drv.c"
   1:Middlewares/Third_Party/FatFs/src/ff_gen_drv.c **** /**
   2:Middlewares/Third_Party/FatFs/src/ff_gen_drv.c ****   ******************************************************************************
   3:Middlewares/Third_Party/FatFs/src/ff_gen_drv.c ****   * @file    ff_gen_drv.c
   4:Middlewares/Third_Party/FatFs/src/ff_gen_drv.c ****   * @author  MCD Application Team
   5:Middlewares/Third_Party/FatFs/src/ff_gen_drv.c ****   * @version V2.0.2
   6:Middlewares/Third_Party/FatFs/src/ff_gen_drv.c ****   * @date    10-November-2017
   7:Middlewares/Third_Party/FatFs/src/ff_gen_drv.c ****   * @brief   FatFs generic low level driver.
   8:Middlewares/Third_Party/FatFs/src/ff_gen_drv.c ****   ******************************************************************************
   9:Middlewares/Third_Party/FatFs/src/ff_gen_drv.c ****   * @attention
  10:Middlewares/Third_Party/FatFs/src/ff_gen_drv.c ****   *
  11:Middlewares/Third_Party/FatFs/src/ff_gen_drv.c ****   * <h2><center>&copy; Copyright (c) 2017 STMicroelectronics International N.V.
  12:Middlewares/Third_Party/FatFs/src/ff_gen_drv.c ****   * All rights reserved.</center></h2>
  13:Middlewares/Third_Party/FatFs/src/ff_gen_drv.c ****   *
  14:Middlewares/Third_Party/FatFs/src/ff_gen_drv.c ****   * Redistribution and use in source and binary forms, with or without
  15:Middlewares/Third_Party/FatFs/src/ff_gen_drv.c ****   * modification, are permitted, provided that the following conditions are met:
  16:Middlewares/Third_Party/FatFs/src/ff_gen_drv.c ****   *
  17:Middlewares/Third_Party/FatFs/src/ff_gen_drv.c ****   * 1. Redistribution of source code must retain the above copyright notice,
  18:Middlewares/Third_Party/FatFs/src/ff_gen_drv.c ****   *    this list of conditions and the following disclaimer.
  19:Middlewares/Third_Party/FatFs/src/ff_gen_drv.c ****   * 2. Redistributions in binary form must reproduce the above copyright notice,
  20:Middlewares/Third_Party/FatFs/src/ff_gen_drv.c ****   *    this list of conditions and the following disclaimer in the documentation
  21:Middlewares/Third_Party/FatFs/src/ff_gen_drv.c ****   *    and/or other materials provided with the distribution.
  22:Middlewares/Third_Party/FatFs/src/ff_gen_drv.c ****   * 3. Neither the name of STMicroelectronics nor the names of other
  23:Middlewares/Third_Party/FatFs/src/ff_gen_drv.c ****   *    contributors to this software may be used to endorse or promote products
  24:Middlewares/Third_Party/FatFs/src/ff_gen_drv.c ****   *    derived from this software without specific written permission.
  25:Middlewares/Third_Party/FatFs/src/ff_gen_drv.c ****   * 4. This software, including modifications and/or derivative works of this
  26:Middlewares/Third_Party/FatFs/src/ff_gen_drv.c ****   *    software, must execute solely and exclusively on microcontroller or
  27:Middlewares/Third_Party/FatFs/src/ff_gen_drv.c ****   *    microprocessor devices manufactured by or for STMicroelectronics.
  28:Middlewares/Third_Party/FatFs/src/ff_gen_drv.c ****   * 5. Redistribution and use of this software other than as permitted under
  29:Middlewares/Third_Party/FatFs/src/ff_gen_drv.c ****   *    this license is void and will automatically terminate your rights under
  30:Middlewares/Third_Party/FatFs/src/ff_gen_drv.c ****   *    this license.
  31:Middlewares/Third_Party/FatFs/src/ff_gen_drv.c ****   *
ARM GAS  C:\Users\svcgu\AppData\Local\Temp\ccIJzEmq.s 			page 2


  32:Middlewares/Third_Party/FatFs/src/ff_gen_drv.c ****   * THIS SOFTWARE IS PROVIDED BY STMICROELECTRONICS AND CONTRIBUTORS "AS IS"
  33:Middlewares/Third_Party/FatFs/src/ff_gen_drv.c ****   * AND ANY EXPRESS, IMPLIED OR STATUTORY WARRANTIES, INCLUDING, BUT NOT
  34:Middlewares/Third_Party/FatFs/src/ff_gen_drv.c ****   * LIMITED TO, THE IMPLIED WARRANTIES OF MERCHANTABILITY, FITNESS FOR A
  35:Middlewares/Third_Party/FatFs/src/ff_gen_drv.c ****   * PARTICULAR PURPOSE AND NON-INFRINGEMENT OF THIRD PARTY INTELLECTUAL PROPERTY
  36:Middlewares/Third_Party/FatFs/src/ff_gen_drv.c ****   * RIGHTS ARE DISCLAIMED TO THE FULLEST EXTENT PERMITTED BY LAW. IN NO EVENT
  37:Middlewares/Third_Party/FatFs/src/ff_gen_drv.c ****   * SHALL STMICROELECTRONICS OR CONTRIBUTORS BE LIABLE FOR ANY DIRECT, INDIRECT,
  38:Middlewares/Third_Party/FatFs/src/ff_gen_drv.c ****   * INCIDENTAL, SPECIAL, EXEMPLARY, OR CONSEQUENTIAL DAMAGES (INCLUDING, BUT NOT
  39:Middlewares/Third_Party/FatFs/src/ff_gen_drv.c ****   * LIMITED TO, PROCUREMENT OF SUBSTITUTE GOODS OR SERVICES; LOSS OF USE, DATA,
  40:Middlewares/Third_Party/FatFs/src/ff_gen_drv.c ****   * OR PROFITS; OR BUSINESS INTERRUPTION) HOWEVER CAUSED AND ON ANY THEORY OF
  41:Middlewares/Third_Party/FatFs/src/ff_gen_drv.c ****   * LIABILITY, WHETHER IN CONTRACT, STRICT LIABILITY, OR TORT (INCLUDING
  42:Middlewares/Third_Party/FatFs/src/ff_gen_drv.c ****   * NEGLIGENCE OR OTHERWISE) ARISING IN ANY WAY OUT OF THE USE OF THIS SOFTWARE,
  43:Middlewares/Third_Party/FatFs/src/ff_gen_drv.c ****   * EVEN IF ADVISED OF THE POSSIBILITY OF SUCH DAMAGE.
  44:Middlewares/Third_Party/FatFs/src/ff_gen_drv.c ****   *
  45:Middlewares/Third_Party/FatFs/src/ff_gen_drv.c ****   ******************************************************************************
  46:Middlewares/Third_Party/FatFs/src/ff_gen_drv.c ****   */
  47:Middlewares/Third_Party/FatFs/src/ff_gen_drv.c **** 
  48:Middlewares/Third_Party/FatFs/src/ff_gen_drv.c **** /* Includes ------------------------------------------------------------------*/
  49:Middlewares/Third_Party/FatFs/src/ff_gen_drv.c **** #include "ff_gen_drv.h"
  50:Middlewares/Third_Party/FatFs/src/ff_gen_drv.c **** 
  51:Middlewares/Third_Party/FatFs/src/ff_gen_drv.c **** /* Private typedef -----------------------------------------------------------*/
  52:Middlewares/Third_Party/FatFs/src/ff_gen_drv.c **** /* Private define ------------------------------------------------------------*/
  53:Middlewares/Third_Party/FatFs/src/ff_gen_drv.c **** /* Private variables ---------------------------------------------------------*/
  54:Middlewares/Third_Party/FatFs/src/ff_gen_drv.c **** Disk_drvTypeDef disk = {{0},{0},{0},0};
  55:Middlewares/Third_Party/FatFs/src/ff_gen_drv.c **** 
  56:Middlewares/Third_Party/FatFs/src/ff_gen_drv.c **** /* Private function prototypes -----------------------------------------------*/
  57:Middlewares/Third_Party/FatFs/src/ff_gen_drv.c **** /* Private functions ---------------------------------------------------------*/
  58:Middlewares/Third_Party/FatFs/src/ff_gen_drv.c **** 
  59:Middlewares/Third_Party/FatFs/src/ff_gen_drv.c **** /**
  60:Middlewares/Third_Party/FatFs/src/ff_gen_drv.c ****   * @brief  Links a compatible diskio driver/lun id and increments the number of active
  61:Middlewares/Third_Party/FatFs/src/ff_gen_drv.c ****   *         linked drivers.
  62:Middlewares/Third_Party/FatFs/src/ff_gen_drv.c ****   * @note   The number of linked drivers (volumes) is up to 10 due to FatFs limits.
  63:Middlewares/Third_Party/FatFs/src/ff_gen_drv.c ****   * @param  drv: pointer to the disk IO Driver structure
  64:Middlewares/Third_Party/FatFs/src/ff_gen_drv.c ****   * @param  path: pointer to the logical drive path
  65:Middlewares/Third_Party/FatFs/src/ff_gen_drv.c ****   * @param  lun : only used for USB Key Disk to add multi-lun management
  66:Middlewares/Third_Party/FatFs/src/ff_gen_drv.c ****             else the parameter must be equal to 0
  67:Middlewares/Third_Party/FatFs/src/ff_gen_drv.c ****   * @retval Returns 0 in case of success, otherwise 1.
  68:Middlewares/Third_Party/FatFs/src/ff_gen_drv.c ****   */
  69:Middlewares/Third_Party/FatFs/src/ff_gen_drv.c **** uint8_t FATFS_LinkDriverEx(const Diskio_drvTypeDef *drv, char *path, uint8_t lun)
  70:Middlewares/Third_Party/FatFs/src/ff_gen_drv.c **** {
  28              		.loc 1 70 0
  29              		.cfi_startproc
  30              		@ args = 0, pretend = 0, frame = 0
  31              		@ frame_needed = 0, uses_anonymous_args = 0
  32              		@ link register save eliminated.
  33              	.LVL0:
  71:Middlewares/Third_Party/FatFs/src/ff_gen_drv.c ****   uint8_t ret = 1;
  72:Middlewares/Third_Party/FatFs/src/ff_gen_drv.c ****   uint8_t DiskNum = 0;
  73:Middlewares/Third_Party/FatFs/src/ff_gen_drv.c **** 
  74:Middlewares/Third_Party/FatFs/src/ff_gen_drv.c ****   if(disk.nbr < _VOLUMES)
  34              		.loc 1 74 0
  35 0000 104B     		ldr	r3, .L8
  36 0002 5B7A     		ldrb	r3, [r3, #9]	@ zero_extendqisi2
  37 0004 DBB9     		cbnz	r3, .L3
  70:Middlewares/Third_Party/FatFs/src/ff_gen_drv.c ****   uint8_t ret = 1;
  38              		.loc 1 70 0
  39 0006 30B4     		push	{r4, r5}
  40              	.LCFI0:
ARM GAS  C:\Users\svcgu\AppData\Local\Temp\ccIJzEmq.s 			page 3


  41              		.cfi_def_cfa_offset 8
  42              		.cfi_offset 4, -8
  43              		.cfi_offset 5, -4
  75:Middlewares/Third_Party/FatFs/src/ff_gen_drv.c ****   {
  76:Middlewares/Third_Party/FatFs/src/ff_gen_drv.c ****     disk.is_initialized[disk.nbr] = 0;
  44              		.loc 1 76 0
  45 0008 0E4B     		ldr	r3, .L8
  46 000a 5D7A     		ldrb	r5, [r3, #9]	@ zero_extendqisi2
  47 000c EDB2     		uxtb	r5, r5
  48 000e 0024     		movs	r4, #0
  49 0010 5C55     		strb	r4, [r3, r5]
  77:Middlewares/Third_Party/FatFs/src/ff_gen_drv.c ****     disk.drv[disk.nbr] = drv;
  50              		.loc 1 77 0
  51 0012 5D7A     		ldrb	r5, [r3, #9]	@ zero_extendqisi2
  52 0014 03EB8505 		add	r5, r3, r5, lsl #2
  53 0018 6860     		str	r0, [r5, #4]
  78:Middlewares/Third_Party/FatFs/src/ff_gen_drv.c ****     disk.lun[disk.nbr] = lun;
  54              		.loc 1 78 0
  55 001a 587A     		ldrb	r0, [r3, #9]	@ zero_extendqisi2
  56              	.LVL1:
  57 001c 1844     		add	r0, r0, r3
  58 001e 0272     		strb	r2, [r0, #8]
  79:Middlewares/Third_Party/FatFs/src/ff_gen_drv.c ****     DiskNum = disk.nbr++;
  59              		.loc 1 79 0
  60 0020 5A7A     		ldrb	r2, [r3, #9]	@ zero_extendqisi2
  61              	.LVL2:
  62 0022 D2B2     		uxtb	r2, r2
  63 0024 501C     		adds	r0, r2, #1
  64              	.LVL3:
  65 0026 C0B2     		uxtb	r0, r0
  66 0028 5872     		strb	r0, [r3, #9]
  67              	.LVL4:
  80:Middlewares/Third_Party/FatFs/src/ff_gen_drv.c ****     path[0] = DiskNum + '0';
  68              		.loc 1 80 0
  69 002a 3032     		adds	r2, r2, #48
  70              	.LVL5:
  71 002c 0A70     		strb	r2, [r1]
  72              	.LVL6:
  81:Middlewares/Third_Party/FatFs/src/ff_gen_drv.c ****     path[1] = ':';
  73              		.loc 1 81 0
  74 002e 3A23     		movs	r3, #58
  75 0030 4B70     		strb	r3, [r1, #1]
  82:Middlewares/Third_Party/FatFs/src/ff_gen_drv.c ****     path[2] = '/';
  76              		.loc 1 82 0
  77 0032 2F23     		movs	r3, #47
  78 0034 8B70     		strb	r3, [r1, #2]
  83:Middlewares/Third_Party/FatFs/src/ff_gen_drv.c ****     path[3] = 0;
  79              		.loc 1 83 0
  80 0036 CC70     		strb	r4, [r1, #3]
  81              	.LVL7:
  84:Middlewares/Third_Party/FatFs/src/ff_gen_drv.c ****     ret = 0;
  82              		.loc 1 84 0
  83 0038 2046     		mov	r0, r4
  84              	.LVL8:
  85:Middlewares/Third_Party/FatFs/src/ff_gen_drv.c ****   }
  86:Middlewares/Third_Party/FatFs/src/ff_gen_drv.c **** 
  87:Middlewares/Third_Party/FatFs/src/ff_gen_drv.c ****   return ret;
ARM GAS  C:\Users\svcgu\AppData\Local\Temp\ccIJzEmq.s 			page 4


  88:Middlewares/Third_Party/FatFs/src/ff_gen_drv.c **** }
  85              		.loc 1 88 0
  86 003a 30BC     		pop	{r4, r5}
  87              	.LCFI1:
  88              		.cfi_restore 5
  89              		.cfi_restore 4
  90              		.cfi_def_cfa_offset 0
  91 003c 7047     		bx	lr
  92              	.LVL9:
  93              	.L3:
  71:Middlewares/Third_Party/FatFs/src/ff_gen_drv.c ****   uint8_t DiskNum = 0;
  94              		.loc 1 71 0
  95 003e 0120     		movs	r0, #1
  96              	.LVL10:
  97 0040 7047     		bx	lr
  98              	.L9:
  99 0042 00BF     		.align	2
 100              	.L8:
 101 0044 00000000 		.word	.LANCHOR0
 102              		.cfi_endproc
 103              	.LFE124:
 105              		.section	.text.FATFS_LinkDriver,"ax",%progbits
 106              		.align	1
 107              		.global	FATFS_LinkDriver
 108              		.syntax unified
 109              		.thumb
 110              		.thumb_func
 111              		.fpu fpv4-sp-d16
 113              	FATFS_LinkDriver:
 114              	.LFB125:
  89:Middlewares/Third_Party/FatFs/src/ff_gen_drv.c **** 
  90:Middlewares/Third_Party/FatFs/src/ff_gen_drv.c **** /**
  91:Middlewares/Third_Party/FatFs/src/ff_gen_drv.c ****   * @brief  Links a compatible diskio driver and increments the number of active
  92:Middlewares/Third_Party/FatFs/src/ff_gen_drv.c ****   *         linked drivers.
  93:Middlewares/Third_Party/FatFs/src/ff_gen_drv.c ****   * @note   The number of linked drivers (volumes) is up to 10 due to FatFs limits
  94:Middlewares/Third_Party/FatFs/src/ff_gen_drv.c ****   * @param  drv: pointer to the disk IO Driver structure
  95:Middlewares/Third_Party/FatFs/src/ff_gen_drv.c ****   * @param  path: pointer to the logical drive path
  96:Middlewares/Third_Party/FatFs/src/ff_gen_drv.c ****   * @retval Returns 0 in case of success, otherwise 1.
  97:Middlewares/Third_Party/FatFs/src/ff_gen_drv.c ****   */
  98:Middlewares/Third_Party/FatFs/src/ff_gen_drv.c **** uint8_t FATFS_LinkDriver(const Diskio_drvTypeDef *drv, char *path)
  99:Middlewares/Third_Party/FatFs/src/ff_gen_drv.c **** {
 115              		.loc 1 99 0
 116              		.cfi_startproc
 117              		@ args = 0, pretend = 0, frame = 0
 118              		@ frame_needed = 0, uses_anonymous_args = 0
 119              	.LVL11:
 120 0000 08B5     		push	{r3, lr}
 121              	.LCFI2:
 122              		.cfi_def_cfa_offset 8
 123              		.cfi_offset 3, -8
 124              		.cfi_offset 14, -4
 100:Middlewares/Third_Party/FatFs/src/ff_gen_drv.c ****   return FATFS_LinkDriverEx(drv, path, 0);
 125              		.loc 1 100 0
 126 0002 0022     		movs	r2, #0
 127 0004 FFF7FEFF 		bl	FATFS_LinkDriverEx
 128              	.LVL12:
 101:Middlewares/Third_Party/FatFs/src/ff_gen_drv.c **** }
ARM GAS  C:\Users\svcgu\AppData\Local\Temp\ccIJzEmq.s 			page 5


 129              		.loc 1 101 0
 130 0008 08BD     		pop	{r3, pc}
 131              		.cfi_endproc
 132              	.LFE125:
 134              		.section	.text.FATFS_UnLinkDriverEx,"ax",%progbits
 135              		.align	1
 136              		.global	FATFS_UnLinkDriverEx
 137              		.syntax unified
 138              		.thumb
 139              		.thumb_func
 140              		.fpu fpv4-sp-d16
 142              	FATFS_UnLinkDriverEx:
 143              	.LFB126:
 102:Middlewares/Third_Party/FatFs/src/ff_gen_drv.c **** 
 103:Middlewares/Third_Party/FatFs/src/ff_gen_drv.c **** /**
 104:Middlewares/Third_Party/FatFs/src/ff_gen_drv.c ****   * @brief  Unlinks a diskio driver and decrements the number of active linked
 105:Middlewares/Third_Party/FatFs/src/ff_gen_drv.c ****   *         drivers.
 106:Middlewares/Third_Party/FatFs/src/ff_gen_drv.c ****   * @param  path: pointer to the logical drive path
 107:Middlewares/Third_Party/FatFs/src/ff_gen_drv.c ****   * @param  lun : not used
 108:Middlewares/Third_Party/FatFs/src/ff_gen_drv.c ****   * @retval Returns 0 in case of success, otherwise 1.
 109:Middlewares/Third_Party/FatFs/src/ff_gen_drv.c ****   */
 110:Middlewares/Third_Party/FatFs/src/ff_gen_drv.c **** uint8_t FATFS_UnLinkDriverEx(char *path, uint8_t lun)
 111:Middlewares/Third_Party/FatFs/src/ff_gen_drv.c **** {
 144              		.loc 1 111 0
 145              		.cfi_startproc
 146              		@ args = 0, pretend = 0, frame = 0
 147              		@ frame_needed = 0, uses_anonymous_args = 0
 148              		@ link register save eliminated.
 149              	.LVL13:
 112:Middlewares/Third_Party/FatFs/src/ff_gen_drv.c ****   uint8_t DiskNum = 0;
 113:Middlewares/Third_Party/FatFs/src/ff_gen_drv.c ****   uint8_t ret = 1;
 114:Middlewares/Third_Party/FatFs/src/ff_gen_drv.c **** 
 115:Middlewares/Third_Party/FatFs/src/ff_gen_drv.c ****   if(disk.nbr >= 1)
 150              		.loc 1 115 0
 151 0000 0D4B     		ldr	r3, .L16
 152 0002 5B7A     		ldrb	r3, [r3, #9]	@ zero_extendqisi2
 153 0004 9BB1     		cbz	r3, .L14
 116:Middlewares/Third_Party/FatFs/src/ff_gen_drv.c ****   {
 117:Middlewares/Third_Party/FatFs/src/ff_gen_drv.c ****     DiskNum = path[0] - '0';
 154              		.loc 1 117 0
 155 0006 0378     		ldrb	r3, [r0]	@ zero_extendqisi2
 156 0008 303B     		subs	r3, r3, #48
 157 000a DBB2     		uxtb	r3, r3
 158              	.LVL14:
 118:Middlewares/Third_Party/FatFs/src/ff_gen_drv.c ****     if(disk.drv[DiskNum] != 0)
 159              		.loc 1 118 0
 160 000c 0A4A     		ldr	r2, .L16
 161 000e 02EB8302 		add	r2, r2, r3, lsl #2
 162 0012 5268     		ldr	r2, [r2, #4]
 163 0014 6AB1     		cbz	r2, .L15
 119:Middlewares/Third_Party/FatFs/src/ff_gen_drv.c ****     {
 120:Middlewares/Third_Party/FatFs/src/ff_gen_drv.c ****       disk.drv[DiskNum] = 0;
 164              		.loc 1 120 0
 165 0016 084A     		ldr	r2, .L16
 166 0018 02EB8301 		add	r1, r2, r3, lsl #2
 167              	.LVL15:
 168 001c 0020     		movs	r0, #0
ARM GAS  C:\Users\svcgu\AppData\Local\Temp\ccIJzEmq.s 			page 6


 169              	.LVL16:
 170 001e 4860     		str	r0, [r1, #4]
 121:Middlewares/Third_Party/FatFs/src/ff_gen_drv.c ****       disk.lun[DiskNum] = 0;
 171              		.loc 1 121 0
 172 0020 1344     		add	r3, r3, r2
 173 0022 1872     		strb	r0, [r3, #8]
 122:Middlewares/Third_Party/FatFs/src/ff_gen_drv.c ****       disk.nbr--;
 174              		.loc 1 122 0
 175 0024 537A     		ldrb	r3, [r2, #9]	@ zero_extendqisi2
 176 0026 013B     		subs	r3, r3, #1
 177 0028 DBB2     		uxtb	r3, r3
 178 002a 5372     		strb	r3, [r2, #9]
 179              	.LVL17:
 180 002c 7047     		bx	lr
 181              	.LVL18:
 182              	.L14:
 113:Middlewares/Third_Party/FatFs/src/ff_gen_drv.c **** 
 183              		.loc 1 113 0
 184 002e 0120     		movs	r0, #1
 185              	.LVL19:
 186 0030 7047     		bx	lr
 187              	.LVL20:
 188              	.L15:
 189 0032 0120     		movs	r0, #1
 190              	.LVL21:
 123:Middlewares/Third_Party/FatFs/src/ff_gen_drv.c ****       ret = 0;
 124:Middlewares/Third_Party/FatFs/src/ff_gen_drv.c ****     }
 125:Middlewares/Third_Party/FatFs/src/ff_gen_drv.c ****   }
 126:Middlewares/Third_Party/FatFs/src/ff_gen_drv.c **** 
 127:Middlewares/Third_Party/FatFs/src/ff_gen_drv.c ****   return ret;
 128:Middlewares/Third_Party/FatFs/src/ff_gen_drv.c **** }
 191              		.loc 1 128 0
 192 0034 7047     		bx	lr
 193              	.L17:
 194 0036 00BF     		.align	2
 195              	.L16:
 196 0038 00000000 		.word	.LANCHOR0
 197              		.cfi_endproc
 198              	.LFE126:
 200              		.section	.text.FATFS_UnLinkDriver,"ax",%progbits
 201              		.align	1
 202              		.global	FATFS_UnLinkDriver
 203              		.syntax unified
 204              		.thumb
 205              		.thumb_func
 206              		.fpu fpv4-sp-d16
 208              	FATFS_UnLinkDriver:
 209              	.LFB127:
 129:Middlewares/Third_Party/FatFs/src/ff_gen_drv.c **** 
 130:Middlewares/Third_Party/FatFs/src/ff_gen_drv.c **** /**
 131:Middlewares/Third_Party/FatFs/src/ff_gen_drv.c ****   * @brief  Unlinks a diskio driver and decrements the number of active linked
 132:Middlewares/Third_Party/FatFs/src/ff_gen_drv.c ****   *         drivers.
 133:Middlewares/Third_Party/FatFs/src/ff_gen_drv.c ****   * @param  path: pointer to the logical drive path
 134:Middlewares/Third_Party/FatFs/src/ff_gen_drv.c ****   * @retval Returns 0 in case of success, otherwise 1.
 135:Middlewares/Third_Party/FatFs/src/ff_gen_drv.c ****   */
 136:Middlewares/Third_Party/FatFs/src/ff_gen_drv.c **** uint8_t FATFS_UnLinkDriver(char *path)
 137:Middlewares/Third_Party/FatFs/src/ff_gen_drv.c **** {
ARM GAS  C:\Users\svcgu\AppData\Local\Temp\ccIJzEmq.s 			page 7


 210              		.loc 1 137 0
 211              		.cfi_startproc
 212              		@ args = 0, pretend = 0, frame = 0
 213              		@ frame_needed = 0, uses_anonymous_args = 0
 214              	.LVL22:
 215 0000 08B5     		push	{r3, lr}
 216              	.LCFI3:
 217              		.cfi_def_cfa_offset 8
 218              		.cfi_offset 3, -8
 219              		.cfi_offset 14, -4
 138:Middlewares/Third_Party/FatFs/src/ff_gen_drv.c ****   return FATFS_UnLinkDriverEx(path, 0);
 220              		.loc 1 138 0
 221 0002 0021     		movs	r1, #0
 222 0004 FFF7FEFF 		bl	FATFS_UnLinkDriverEx
 223              	.LVL23:
 139:Middlewares/Third_Party/FatFs/src/ff_gen_drv.c **** }
 224              		.loc 1 139 0
 225 0008 08BD     		pop	{r3, pc}
 226              		.cfi_endproc
 227              	.LFE127:
 229              		.section	.text.FATFS_GetAttachedDriversNbr,"ax",%progbits
 230              		.align	1
 231              		.global	FATFS_GetAttachedDriversNbr
 232              		.syntax unified
 233              		.thumb
 234              		.thumb_func
 235              		.fpu fpv4-sp-d16
 237              	FATFS_GetAttachedDriversNbr:
 238              	.LFB128:
 140:Middlewares/Third_Party/FatFs/src/ff_gen_drv.c **** 
 141:Middlewares/Third_Party/FatFs/src/ff_gen_drv.c **** /**
 142:Middlewares/Third_Party/FatFs/src/ff_gen_drv.c ****   * @brief  Gets number of linked drivers to the FatFs module.
 143:Middlewares/Third_Party/FatFs/src/ff_gen_drv.c ****   * @param  None
 144:Middlewares/Third_Party/FatFs/src/ff_gen_drv.c ****   * @retval Number of attached drivers.
 145:Middlewares/Third_Party/FatFs/src/ff_gen_drv.c ****   */
 146:Middlewares/Third_Party/FatFs/src/ff_gen_drv.c **** uint8_t FATFS_GetAttachedDriversNbr(void)
 147:Middlewares/Third_Party/FatFs/src/ff_gen_drv.c **** {
 239              		.loc 1 147 0
 240              		.cfi_startproc
 241              		@ args = 0, pretend = 0, frame = 0
 242              		@ frame_needed = 0, uses_anonymous_args = 0
 243              		@ link register save eliminated.
 148:Middlewares/Third_Party/FatFs/src/ff_gen_drv.c ****   return disk.nbr;
 244              		.loc 1 148 0
 245 0000 014B     		ldr	r3, .L21
 246 0002 587A     		ldrb	r0, [r3, #9]	@ zero_extendqisi2
 149:Middlewares/Third_Party/FatFs/src/ff_gen_drv.c **** }
 247              		.loc 1 149 0
 248 0004 7047     		bx	lr
 249              	.L22:
 250 0006 00BF     		.align	2
 251              	.L21:
 252 0008 00000000 		.word	.LANCHOR0
 253              		.cfi_endproc
 254              	.LFE128:
 256              		.global	disk
 257              		.section	.bss.disk,"aw",%nobits
ARM GAS  C:\Users\svcgu\AppData\Local\Temp\ccIJzEmq.s 			page 8


 258              		.align	2
 259              		.set	.LANCHOR0,. + 0
 262              	disk:
 263 0000 00000000 		.space	12
 263      00000000 
 263      00000000 
 264              		.text
 265              	.Letext0:
 266              		.file 2 "Middlewares/Third_Party/FatFs/src/integer.h"
 267              		.file 3 "Middlewares/Third_Party/FatFs/src/diskio.h"
 268              		.file 4 "c:\\program files (x86)\\gnu tools arm embedded\\6 2017-q2-update\\arm-none-eabi\\include
 269              		.file 5 "c:\\program files (x86)\\gnu tools arm embedded\\6 2017-q2-update\\arm-none-eabi\\include
 270              		.file 6 "Drivers/CMSIS/Include/core_cm4.h"
 271              		.file 7 "Drivers/CMSIS/Device/ST/STM32F4xx/Include/system_stm32f4xx.h"
 272              		.file 8 "c:\\program files (x86)\\gnu tools arm embedded\\6 2017-q2-update\\arm-none-eabi\\include
 273              		.file 9 "c:\\program files (x86)\\gnu tools arm embedded\\6 2017-q2-update\\arm-none-eabi\\include
 274              		.file 10 "c:\\program files (x86)\\gnu tools arm embedded\\6 2017-q2-update\\lib\\gcc\\arm-none-ea
 275              		.file 11 "c:\\program files (x86)\\gnu tools arm embedded\\6 2017-q2-update\\arm-none-eabi\\includ
 276              		.file 12 "c:\\program files (x86)\\gnu tools arm embedded\\6 2017-q2-update\\arm-none-eabi\\includ
 277              		.file 13 "Middlewares/Third_Party/FatFs/src/ff_gen_drv.h"
ARM GAS  C:\Users\svcgu\AppData\Local\Temp\ccIJzEmq.s 			page 9


DEFINED SYMBOLS
                            *ABS*:00000000 ff_gen_drv.c
C:\Users\svcgu\AppData\Local\Temp\ccIJzEmq.s:18     .text.FATFS_LinkDriverEx:00000000 $t
C:\Users\svcgu\AppData\Local\Temp\ccIJzEmq.s:25     .text.FATFS_LinkDriverEx:00000000 FATFS_LinkDriverEx
C:\Users\svcgu\AppData\Local\Temp\ccIJzEmq.s:101    .text.FATFS_LinkDriverEx:00000044 $d
C:\Users\svcgu\AppData\Local\Temp\ccIJzEmq.s:106    .text.FATFS_LinkDriver:00000000 $t
C:\Users\svcgu\AppData\Local\Temp\ccIJzEmq.s:113    .text.FATFS_LinkDriver:00000000 FATFS_LinkDriver
C:\Users\svcgu\AppData\Local\Temp\ccIJzEmq.s:135    .text.FATFS_UnLinkDriverEx:00000000 $t
C:\Users\svcgu\AppData\Local\Temp\ccIJzEmq.s:142    .text.FATFS_UnLinkDriverEx:00000000 FATFS_UnLinkDriverEx
C:\Users\svcgu\AppData\Local\Temp\ccIJzEmq.s:196    .text.FATFS_UnLinkDriverEx:00000038 $d
C:\Users\svcgu\AppData\Local\Temp\ccIJzEmq.s:201    .text.FATFS_UnLinkDriver:00000000 $t
C:\Users\svcgu\AppData\Local\Temp\ccIJzEmq.s:208    .text.FATFS_UnLinkDriver:00000000 FATFS_UnLinkDriver
C:\Users\svcgu\AppData\Local\Temp\ccIJzEmq.s:230    .text.FATFS_GetAttachedDriversNbr:00000000 $t
C:\Users\svcgu\AppData\Local\Temp\ccIJzEmq.s:237    .text.FATFS_GetAttachedDriversNbr:00000000 FATFS_GetAttachedDriversNbr
C:\Users\svcgu\AppData\Local\Temp\ccIJzEmq.s:252    .text.FATFS_GetAttachedDriversNbr:00000008 $d
C:\Users\svcgu\AppData\Local\Temp\ccIJzEmq.s:262    .bss.disk:00000000 disk
C:\Users\svcgu\AppData\Local\Temp\ccIJzEmq.s:258    .bss.disk:00000000 $d
                     .debug_frame:00000010 $d

NO UNDEFINED SYMBOLS
