ARM GAS  C:\Users\svcgu\AppData\Local\Temp\ccVf4H1C.s 			page 1


   1              		.cpu cortex-m4
   2              		.eabi_attribute 27, 1
   3              		.eabi_attribute 28, 1
   4              		.eabi_attribute 20, 1
   5              		.eabi_attribute 21, 1
   6              		.eabi_attribute 23, 3
   7              		.eabi_attribute 24, 1
   8              		.eabi_attribute 25, 1
   9              		.eabi_attribute 26, 1
  10              		.eabi_attribute 30, 1
  11              		.eabi_attribute 34, 1
  12              		.eabi_attribute 18, 4
  13              		.file	"stm32f4xx_hal.c"
  14              		.text
  15              	.Ltext0:
  16              		.cfi_sections	.debug_frame
  17              		.section	.text.HAL_MspInit,"ax",%progbits
  18              		.align	1
  19              		.weak	HAL_MspInit
  20              		.syntax unified
  21              		.thumb
  22              		.thumb_func
  23              		.fpu fpv4-sp-d16
  25              	HAL_MspInit:
  26              	.LFB126:
  27              		.file 1 "Drivers/STM32F4xx_HAL_Driver/Src/stm32f4xx_hal.c"
   1:Drivers/STM32F4xx_HAL_Driver/Src/stm32f4xx_hal.c **** /**
   2:Drivers/STM32F4xx_HAL_Driver/Src/stm32f4xx_hal.c ****   ******************************************************************************
   3:Drivers/STM32F4xx_HAL_Driver/Src/stm32f4xx_hal.c ****   * @file    stm32f4xx_hal.c
   4:Drivers/STM32F4xx_HAL_Driver/Src/stm32f4xx_hal.c ****   * @author  MCD Application Team
   5:Drivers/STM32F4xx_HAL_Driver/Src/stm32f4xx_hal.c ****   * @brief   HAL module driver.
   6:Drivers/STM32F4xx_HAL_Driver/Src/stm32f4xx_hal.c ****   *          This is the common part of the HAL initialization
   7:Drivers/STM32F4xx_HAL_Driver/Src/stm32f4xx_hal.c ****   *
   8:Drivers/STM32F4xx_HAL_Driver/Src/stm32f4xx_hal.c ****   @verbatim
   9:Drivers/STM32F4xx_HAL_Driver/Src/stm32f4xx_hal.c ****   ==============================================================================
  10:Drivers/STM32F4xx_HAL_Driver/Src/stm32f4xx_hal.c ****                      ##### How to use this driver #####
  11:Drivers/STM32F4xx_HAL_Driver/Src/stm32f4xx_hal.c ****   ==============================================================================
  12:Drivers/STM32F4xx_HAL_Driver/Src/stm32f4xx_hal.c ****     [..]
  13:Drivers/STM32F4xx_HAL_Driver/Src/stm32f4xx_hal.c ****     The common HAL driver contains a set of generic and common APIs that can be
  14:Drivers/STM32F4xx_HAL_Driver/Src/stm32f4xx_hal.c ****     used by the PPP peripheral drivers and the user to start using the HAL. 
  15:Drivers/STM32F4xx_HAL_Driver/Src/stm32f4xx_hal.c ****     [..]
  16:Drivers/STM32F4xx_HAL_Driver/Src/stm32f4xx_hal.c ****     The HAL contains two APIs' categories: 
  17:Drivers/STM32F4xx_HAL_Driver/Src/stm32f4xx_hal.c ****          (+) Common HAL APIs
  18:Drivers/STM32F4xx_HAL_Driver/Src/stm32f4xx_hal.c ****          (+) Services HAL APIs
  19:Drivers/STM32F4xx_HAL_Driver/Src/stm32f4xx_hal.c **** 
  20:Drivers/STM32F4xx_HAL_Driver/Src/stm32f4xx_hal.c ****   @endverbatim
  21:Drivers/STM32F4xx_HAL_Driver/Src/stm32f4xx_hal.c ****   ******************************************************************************
  22:Drivers/STM32F4xx_HAL_Driver/Src/stm32f4xx_hal.c ****   * @attention
  23:Drivers/STM32F4xx_HAL_Driver/Src/stm32f4xx_hal.c ****   *
  24:Drivers/STM32F4xx_HAL_Driver/Src/stm32f4xx_hal.c ****   * <h2><center>&copy; COPYRIGHT(c) 2017 STMicroelectronics</center></h2>
  25:Drivers/STM32F4xx_HAL_Driver/Src/stm32f4xx_hal.c ****   *
  26:Drivers/STM32F4xx_HAL_Driver/Src/stm32f4xx_hal.c ****   * Redistribution and use in source and binary forms, with or without modification,
  27:Drivers/STM32F4xx_HAL_Driver/Src/stm32f4xx_hal.c ****   * are permitted provided that the following conditions are met:
  28:Drivers/STM32F4xx_HAL_Driver/Src/stm32f4xx_hal.c ****   *   1. Redistributions of source code must retain the above copyright notice,
  29:Drivers/STM32F4xx_HAL_Driver/Src/stm32f4xx_hal.c ****   *      this list of conditions and the following disclaimer.
  30:Drivers/STM32F4xx_HAL_Driver/Src/stm32f4xx_hal.c ****   *   2. Redistributions in binary form must reproduce the above copyright notice,
  31:Drivers/STM32F4xx_HAL_Driver/Src/stm32f4xx_hal.c ****   *      this list of conditions and the following disclaimer in the documentation
ARM GAS  C:\Users\svcgu\AppData\Local\Temp\ccVf4H1C.s 			page 2


  32:Drivers/STM32F4xx_HAL_Driver/Src/stm32f4xx_hal.c ****   *      and/or other materials provided with the distribution.
  33:Drivers/STM32F4xx_HAL_Driver/Src/stm32f4xx_hal.c ****   *   3. Neither the name of STMicroelectronics nor the names of its contributors
  34:Drivers/STM32F4xx_HAL_Driver/Src/stm32f4xx_hal.c ****   *      may be used to endorse or promote products derived from this software
  35:Drivers/STM32F4xx_HAL_Driver/Src/stm32f4xx_hal.c ****   *      without specific prior written permission.
  36:Drivers/STM32F4xx_HAL_Driver/Src/stm32f4xx_hal.c ****   *
  37:Drivers/STM32F4xx_HAL_Driver/Src/stm32f4xx_hal.c ****   * THIS SOFTWARE IS PROVIDED BY THE COPYRIGHT HOLDERS AND CONTRIBUTORS "AS IS"
  38:Drivers/STM32F4xx_HAL_Driver/Src/stm32f4xx_hal.c ****   * AND ANY EXPRESS OR IMPLIED WARRANTIES, INCLUDING, BUT NOT LIMITED TO, THE
  39:Drivers/STM32F4xx_HAL_Driver/Src/stm32f4xx_hal.c ****   * IMPLIED WARRANTIES OF MERCHANTABILITY AND FITNESS FOR A PARTICULAR PURPOSE ARE
  40:Drivers/STM32F4xx_HAL_Driver/Src/stm32f4xx_hal.c ****   * DISCLAIMED. IN NO EVENT SHALL THE COPYRIGHT HOLDER OR CONTRIBUTORS BE LIABLE
  41:Drivers/STM32F4xx_HAL_Driver/Src/stm32f4xx_hal.c ****   * FOR ANY DIRECT, INDIRECT, INCIDENTAL, SPECIAL, EXEMPLARY, OR CONSEQUENTIAL
  42:Drivers/STM32F4xx_HAL_Driver/Src/stm32f4xx_hal.c ****   * DAMAGES (INCLUDING, BUT NOT LIMITED TO, PROCUREMENT OF SUBSTITUTE GOODS OR
  43:Drivers/STM32F4xx_HAL_Driver/Src/stm32f4xx_hal.c ****   * SERVICES; LOSS OF USE, DATA, OR PROFITS; OR BUSINESS INTERRUPTION) HOWEVER
  44:Drivers/STM32F4xx_HAL_Driver/Src/stm32f4xx_hal.c ****   * CAUSED AND ON ANY THEORY OF LIABILITY, WHETHER IN CONTRACT, STRICT LIABILITY,
  45:Drivers/STM32F4xx_HAL_Driver/Src/stm32f4xx_hal.c ****   * OR TORT (INCLUDING NEGLIGENCE OR OTHERWISE) ARISING IN ANY WAY OUT OF THE USE
  46:Drivers/STM32F4xx_HAL_Driver/Src/stm32f4xx_hal.c ****   * OF THIS SOFTWARE, EVEN IF ADVISED OF THE POSSIBILITY OF SUCH DAMAGE.
  47:Drivers/STM32F4xx_HAL_Driver/Src/stm32f4xx_hal.c ****   *
  48:Drivers/STM32F4xx_HAL_Driver/Src/stm32f4xx_hal.c ****   ******************************************************************************
  49:Drivers/STM32F4xx_HAL_Driver/Src/stm32f4xx_hal.c ****   */ 
  50:Drivers/STM32F4xx_HAL_Driver/Src/stm32f4xx_hal.c **** 
  51:Drivers/STM32F4xx_HAL_Driver/Src/stm32f4xx_hal.c **** /* Includes ------------------------------------------------------------------*/
  52:Drivers/STM32F4xx_HAL_Driver/Src/stm32f4xx_hal.c **** #include "stm32f4xx_hal.h"
  53:Drivers/STM32F4xx_HAL_Driver/Src/stm32f4xx_hal.c **** 
  54:Drivers/STM32F4xx_HAL_Driver/Src/stm32f4xx_hal.c **** /** @addtogroup STM32F4xx_HAL_Driver
  55:Drivers/STM32F4xx_HAL_Driver/Src/stm32f4xx_hal.c ****   * @{
  56:Drivers/STM32F4xx_HAL_Driver/Src/stm32f4xx_hal.c ****   */
  57:Drivers/STM32F4xx_HAL_Driver/Src/stm32f4xx_hal.c **** 
  58:Drivers/STM32F4xx_HAL_Driver/Src/stm32f4xx_hal.c **** /** @defgroup HAL HAL
  59:Drivers/STM32F4xx_HAL_Driver/Src/stm32f4xx_hal.c ****   * @brief HAL module driver.
  60:Drivers/STM32F4xx_HAL_Driver/Src/stm32f4xx_hal.c ****   * @{
  61:Drivers/STM32F4xx_HAL_Driver/Src/stm32f4xx_hal.c ****   */
  62:Drivers/STM32F4xx_HAL_Driver/Src/stm32f4xx_hal.c **** 
  63:Drivers/STM32F4xx_HAL_Driver/Src/stm32f4xx_hal.c **** /* Private typedef -----------------------------------------------------------*/
  64:Drivers/STM32F4xx_HAL_Driver/Src/stm32f4xx_hal.c **** /* Private define ------------------------------------------------------------*/
  65:Drivers/STM32F4xx_HAL_Driver/Src/stm32f4xx_hal.c **** /** @addtogroup HAL_Private_Constants
  66:Drivers/STM32F4xx_HAL_Driver/Src/stm32f4xx_hal.c ****   * @{
  67:Drivers/STM32F4xx_HAL_Driver/Src/stm32f4xx_hal.c ****   */
  68:Drivers/STM32F4xx_HAL_Driver/Src/stm32f4xx_hal.c **** /**
  69:Drivers/STM32F4xx_HAL_Driver/Src/stm32f4xx_hal.c ****   * @brief STM32F4xx HAL Driver version number V1.7.3
  70:Drivers/STM32F4xx_HAL_Driver/Src/stm32f4xx_hal.c ****   */
  71:Drivers/STM32F4xx_HAL_Driver/Src/stm32f4xx_hal.c **** #define __STM32F4xx_HAL_VERSION_MAIN   (0x01U) /*!< [31:24] main version */
  72:Drivers/STM32F4xx_HAL_Driver/Src/stm32f4xx_hal.c **** #define __STM32F4xx_HAL_VERSION_SUB1   (0x07U) /*!< [23:16] sub1 version */
  73:Drivers/STM32F4xx_HAL_Driver/Src/stm32f4xx_hal.c **** #define __STM32F4xx_HAL_VERSION_SUB2   (0x03U) /*!< [15:8]  sub2 version */
  74:Drivers/STM32F4xx_HAL_Driver/Src/stm32f4xx_hal.c **** #define __STM32F4xx_HAL_VERSION_RC     (0x00U) /*!< [7:0]  release candidate */ 
  75:Drivers/STM32F4xx_HAL_Driver/Src/stm32f4xx_hal.c **** #define __STM32F4xx_HAL_VERSION         ((__STM32F4xx_HAL_VERSION_MAIN << 24U)\
  76:Drivers/STM32F4xx_HAL_Driver/Src/stm32f4xx_hal.c ****                                         |(__STM32F4xx_HAL_VERSION_SUB1 << 16U)\
  77:Drivers/STM32F4xx_HAL_Driver/Src/stm32f4xx_hal.c ****                                         |(__STM32F4xx_HAL_VERSION_SUB2 << 8U )\
  78:Drivers/STM32F4xx_HAL_Driver/Src/stm32f4xx_hal.c ****                                         |(__STM32F4xx_HAL_VERSION_RC))
  79:Drivers/STM32F4xx_HAL_Driver/Src/stm32f4xx_hal.c ****                                         
  80:Drivers/STM32F4xx_HAL_Driver/Src/stm32f4xx_hal.c **** #define IDCODE_DEVID_MASK    0x00000FFFU
  81:Drivers/STM32F4xx_HAL_Driver/Src/stm32f4xx_hal.c **** 
  82:Drivers/STM32F4xx_HAL_Driver/Src/stm32f4xx_hal.c **** /* ------------ RCC registers bit address in the alias region ----------- */
  83:Drivers/STM32F4xx_HAL_Driver/Src/stm32f4xx_hal.c **** #define SYSCFG_OFFSET             (SYSCFG_BASE - PERIPH_BASE)
  84:Drivers/STM32F4xx_HAL_Driver/Src/stm32f4xx_hal.c **** /* ---  MEMRMP Register ---*/ 
  85:Drivers/STM32F4xx_HAL_Driver/Src/stm32f4xx_hal.c **** /* Alias word address of UFB_MODE bit */ 
  86:Drivers/STM32F4xx_HAL_Driver/Src/stm32f4xx_hal.c **** #define MEMRMP_OFFSET             SYSCFG_OFFSET 
  87:Drivers/STM32F4xx_HAL_Driver/Src/stm32f4xx_hal.c **** #define UFB_MODE_BIT_NUMBER       SYSCFG_MEMRMP_UFB_MODE_Pos
  88:Drivers/STM32F4xx_HAL_Driver/Src/stm32f4xx_hal.c **** #define UFB_MODE_BB               (uint32_t)(PERIPH_BB_BASE + (MEMRMP_OFFSET * 32U) + (UFB_MODE_BIT
ARM GAS  C:\Users\svcgu\AppData\Local\Temp\ccVf4H1C.s 			page 3


  89:Drivers/STM32F4xx_HAL_Driver/Src/stm32f4xx_hal.c **** 
  90:Drivers/STM32F4xx_HAL_Driver/Src/stm32f4xx_hal.c **** /* ---  CMPCR Register ---*/ 
  91:Drivers/STM32F4xx_HAL_Driver/Src/stm32f4xx_hal.c **** /* Alias word address of CMP_PD bit */ 
  92:Drivers/STM32F4xx_HAL_Driver/Src/stm32f4xx_hal.c **** #define CMPCR_OFFSET              (SYSCFG_OFFSET + 0x20U) 
  93:Drivers/STM32F4xx_HAL_Driver/Src/stm32f4xx_hal.c **** #define CMP_PD_BIT_NUMBER         SYSCFG_CMPCR_CMP_PD_Pos
  94:Drivers/STM32F4xx_HAL_Driver/Src/stm32f4xx_hal.c **** #define CMPCR_CMP_PD_BB           (uint32_t)(PERIPH_BB_BASE + (CMPCR_OFFSET * 32U) + (CMP_PD_BIT_NU
  95:Drivers/STM32F4xx_HAL_Driver/Src/stm32f4xx_hal.c **** 
  96:Drivers/STM32F4xx_HAL_Driver/Src/stm32f4xx_hal.c **** /* ---  MCHDLYCR Register ---*/ 
  97:Drivers/STM32F4xx_HAL_Driver/Src/stm32f4xx_hal.c **** /* Alias word address of BSCKSEL bit */ 
  98:Drivers/STM32F4xx_HAL_Driver/Src/stm32f4xx_hal.c **** #define MCHDLYCR_OFFSET            (SYSCFG_OFFSET + 0x30U) 
  99:Drivers/STM32F4xx_HAL_Driver/Src/stm32f4xx_hal.c **** #define BSCKSEL_BIT_NUMBER         SYSCFG_MCHDLYCR_BSCKSEL_Pos
 100:Drivers/STM32F4xx_HAL_Driver/Src/stm32f4xx_hal.c **** #define MCHDLYCR_BSCKSEL_BB        (uint32_t)(PERIPH_BB_BASE + (MCHDLYCR_OFFSET * 32U) + (BSCKSEL_B
 101:Drivers/STM32F4xx_HAL_Driver/Src/stm32f4xx_hal.c **** /**
 102:Drivers/STM32F4xx_HAL_Driver/Src/stm32f4xx_hal.c ****   * @}
 103:Drivers/STM32F4xx_HAL_Driver/Src/stm32f4xx_hal.c ****   */
 104:Drivers/STM32F4xx_HAL_Driver/Src/stm32f4xx_hal.c **** 
 105:Drivers/STM32F4xx_HAL_Driver/Src/stm32f4xx_hal.c **** /* Private macro -------------------------------------------------------------*/
 106:Drivers/STM32F4xx_HAL_Driver/Src/stm32f4xx_hal.c **** /* Private variables ---------------------------------------------------------*/
 107:Drivers/STM32F4xx_HAL_Driver/Src/stm32f4xx_hal.c **** /** @addtogroup HAL_Private_Variables
 108:Drivers/STM32F4xx_HAL_Driver/Src/stm32f4xx_hal.c ****   * @{
 109:Drivers/STM32F4xx_HAL_Driver/Src/stm32f4xx_hal.c ****   */
 110:Drivers/STM32F4xx_HAL_Driver/Src/stm32f4xx_hal.c **** __IO uint32_t uwTick;
 111:Drivers/STM32F4xx_HAL_Driver/Src/stm32f4xx_hal.c **** uint32_t uwTickPrio   = (1UL << __NVIC_PRIO_BITS); /* Invalid PRIO */
 112:Drivers/STM32F4xx_HAL_Driver/Src/stm32f4xx_hal.c **** HAL_TickFreqTypeDef uwTickFreq = HAL_TICK_FREQ_DEFAULT;  /* 1KHz */
 113:Drivers/STM32F4xx_HAL_Driver/Src/stm32f4xx_hal.c **** /**
 114:Drivers/STM32F4xx_HAL_Driver/Src/stm32f4xx_hal.c ****   * @}
 115:Drivers/STM32F4xx_HAL_Driver/Src/stm32f4xx_hal.c ****   */
 116:Drivers/STM32F4xx_HAL_Driver/Src/stm32f4xx_hal.c **** /* Private function prototypes -----------------------------------------------*/
 117:Drivers/STM32F4xx_HAL_Driver/Src/stm32f4xx_hal.c **** /* Private functions ---------------------------------------------------------*/
 118:Drivers/STM32F4xx_HAL_Driver/Src/stm32f4xx_hal.c **** 
 119:Drivers/STM32F4xx_HAL_Driver/Src/stm32f4xx_hal.c **** /** @defgroup HAL_Exported_Functions HAL Exported Functions
 120:Drivers/STM32F4xx_HAL_Driver/Src/stm32f4xx_hal.c ****   * @{
 121:Drivers/STM32F4xx_HAL_Driver/Src/stm32f4xx_hal.c ****   */
 122:Drivers/STM32F4xx_HAL_Driver/Src/stm32f4xx_hal.c **** 
 123:Drivers/STM32F4xx_HAL_Driver/Src/stm32f4xx_hal.c **** /** @defgroup HAL_Exported_Functions_Group1 Initialization and de-initialization Functions 
 124:Drivers/STM32F4xx_HAL_Driver/Src/stm32f4xx_hal.c ****  *  @brief    Initialization and de-initialization functions
 125:Drivers/STM32F4xx_HAL_Driver/Src/stm32f4xx_hal.c ****  *
 126:Drivers/STM32F4xx_HAL_Driver/Src/stm32f4xx_hal.c **** @verbatim    
 127:Drivers/STM32F4xx_HAL_Driver/Src/stm32f4xx_hal.c ****  ===============================================================================
 128:Drivers/STM32F4xx_HAL_Driver/Src/stm32f4xx_hal.c ****               ##### Initialization and Configuration functions #####
 129:Drivers/STM32F4xx_HAL_Driver/Src/stm32f4xx_hal.c ****  ===============================================================================
 130:Drivers/STM32F4xx_HAL_Driver/Src/stm32f4xx_hal.c ****     [..]  This section provides functions allowing to:
 131:Drivers/STM32F4xx_HAL_Driver/Src/stm32f4xx_hal.c ****       (+) Initializes the Flash interface the NVIC allocation and initial clock 
 132:Drivers/STM32F4xx_HAL_Driver/Src/stm32f4xx_hal.c ****           configuration. It initializes the systick also when timeout is needed 
 133:Drivers/STM32F4xx_HAL_Driver/Src/stm32f4xx_hal.c ****           and the backup domain when enabled.
 134:Drivers/STM32F4xx_HAL_Driver/Src/stm32f4xx_hal.c ****       (+) De-Initializes common part of the HAL.
 135:Drivers/STM32F4xx_HAL_Driver/Src/stm32f4xx_hal.c ****       (+) Configure the time base source to have 1ms time base with a dedicated 
 136:Drivers/STM32F4xx_HAL_Driver/Src/stm32f4xx_hal.c ****           Tick interrupt priority. 
 137:Drivers/STM32F4xx_HAL_Driver/Src/stm32f4xx_hal.c ****         (++) SysTick timer is used by default as source of time base, but user
 138:Drivers/STM32F4xx_HAL_Driver/Src/stm32f4xx_hal.c ****              can eventually implement his proper time base source (a general purpose 
 139:Drivers/STM32F4xx_HAL_Driver/Src/stm32f4xx_hal.c ****              timer for example or other time source), keeping in mind that Time base 
 140:Drivers/STM32F4xx_HAL_Driver/Src/stm32f4xx_hal.c ****              duration should be kept 1ms since PPP_TIMEOUT_VALUEs are defined and 
 141:Drivers/STM32F4xx_HAL_Driver/Src/stm32f4xx_hal.c ****              handled in milliseconds basis.
 142:Drivers/STM32F4xx_HAL_Driver/Src/stm32f4xx_hal.c ****         (++) Time base configuration function (HAL_InitTick ()) is called automatically 
 143:Drivers/STM32F4xx_HAL_Driver/Src/stm32f4xx_hal.c ****              at the beginning of the program after reset by HAL_Init() or at any time 
 144:Drivers/STM32F4xx_HAL_Driver/Src/stm32f4xx_hal.c ****              when clock is configured, by HAL_RCC_ClockConfig(). 
 145:Drivers/STM32F4xx_HAL_Driver/Src/stm32f4xx_hal.c ****         (++) Source of time base is configured  to generate interrupts at regular 
ARM GAS  C:\Users\svcgu\AppData\Local\Temp\ccVf4H1C.s 			page 4


 146:Drivers/STM32F4xx_HAL_Driver/Src/stm32f4xx_hal.c ****              time intervals. Care must be taken if HAL_Delay() is called from a 
 147:Drivers/STM32F4xx_HAL_Driver/Src/stm32f4xx_hal.c ****              peripheral ISR process, the Tick interrupt line must have higher priority 
 148:Drivers/STM32F4xx_HAL_Driver/Src/stm32f4xx_hal.c ****             (numerically lower) than the peripheral interrupt. Otherwise the caller 
 149:Drivers/STM32F4xx_HAL_Driver/Src/stm32f4xx_hal.c ****             ISR process will be blocked. 
 150:Drivers/STM32F4xx_HAL_Driver/Src/stm32f4xx_hal.c ****        (++) functions affecting time base configurations are declared as __weak  
 151:Drivers/STM32F4xx_HAL_Driver/Src/stm32f4xx_hal.c ****              to make  override possible  in case of other  implementations in user file.
 152:Drivers/STM32F4xx_HAL_Driver/Src/stm32f4xx_hal.c **** @endverbatim
 153:Drivers/STM32F4xx_HAL_Driver/Src/stm32f4xx_hal.c ****   * @{
 154:Drivers/STM32F4xx_HAL_Driver/Src/stm32f4xx_hal.c ****   */
 155:Drivers/STM32F4xx_HAL_Driver/Src/stm32f4xx_hal.c **** 
 156:Drivers/STM32F4xx_HAL_Driver/Src/stm32f4xx_hal.c **** /**
 157:Drivers/STM32F4xx_HAL_Driver/Src/stm32f4xx_hal.c ****   * @brief  This function is used to initialize the HAL Library; it must be the first 
 158:Drivers/STM32F4xx_HAL_Driver/Src/stm32f4xx_hal.c ****   *         instruction to be executed in the main program (before to call any other
 159:Drivers/STM32F4xx_HAL_Driver/Src/stm32f4xx_hal.c ****   *         HAL function), it performs the following:
 160:Drivers/STM32F4xx_HAL_Driver/Src/stm32f4xx_hal.c ****   *           Configure the Flash prefetch, instruction and Data caches.
 161:Drivers/STM32F4xx_HAL_Driver/Src/stm32f4xx_hal.c ****   *           Configures the SysTick to generate an interrupt each 1 millisecond,
 162:Drivers/STM32F4xx_HAL_Driver/Src/stm32f4xx_hal.c ****   *           which is clocked by the HSI (at this stage, the clock is not yet
 163:Drivers/STM32F4xx_HAL_Driver/Src/stm32f4xx_hal.c ****   *           configured and thus the system is running from the internal HSI at 16 MHz).
 164:Drivers/STM32F4xx_HAL_Driver/Src/stm32f4xx_hal.c ****   *           Set NVIC Group Priority to 4.
 165:Drivers/STM32F4xx_HAL_Driver/Src/stm32f4xx_hal.c ****   *           Calls the HAL_MspInit() callback function defined in user file 
 166:Drivers/STM32F4xx_HAL_Driver/Src/stm32f4xx_hal.c ****   *           "stm32f4xx_hal_msp.c" to do the global low level hardware initialization 
 167:Drivers/STM32F4xx_HAL_Driver/Src/stm32f4xx_hal.c ****   *            
 168:Drivers/STM32F4xx_HAL_Driver/Src/stm32f4xx_hal.c ****   * @note   SysTick is used as time base for the HAL_Delay() function, the application
 169:Drivers/STM32F4xx_HAL_Driver/Src/stm32f4xx_hal.c ****   *         need to ensure that the SysTick time base is always set to 1 millisecond
 170:Drivers/STM32F4xx_HAL_Driver/Src/stm32f4xx_hal.c ****   *         to have correct HAL operation.
 171:Drivers/STM32F4xx_HAL_Driver/Src/stm32f4xx_hal.c ****   * @retval HAL status
 172:Drivers/STM32F4xx_HAL_Driver/Src/stm32f4xx_hal.c ****   */
 173:Drivers/STM32F4xx_HAL_Driver/Src/stm32f4xx_hal.c **** HAL_StatusTypeDef HAL_Init(void)
 174:Drivers/STM32F4xx_HAL_Driver/Src/stm32f4xx_hal.c **** {
 175:Drivers/STM32F4xx_HAL_Driver/Src/stm32f4xx_hal.c ****   /* Configure Flash prefetch, Instruction cache, Data cache */ 
 176:Drivers/STM32F4xx_HAL_Driver/Src/stm32f4xx_hal.c **** #if (INSTRUCTION_CACHE_ENABLE != 0U)
 177:Drivers/STM32F4xx_HAL_Driver/Src/stm32f4xx_hal.c ****   __HAL_FLASH_INSTRUCTION_CACHE_ENABLE();
 178:Drivers/STM32F4xx_HAL_Driver/Src/stm32f4xx_hal.c **** #endif /* INSTRUCTION_CACHE_ENABLE */
 179:Drivers/STM32F4xx_HAL_Driver/Src/stm32f4xx_hal.c **** 
 180:Drivers/STM32F4xx_HAL_Driver/Src/stm32f4xx_hal.c **** #if (DATA_CACHE_ENABLE != 0U)
 181:Drivers/STM32F4xx_HAL_Driver/Src/stm32f4xx_hal.c ****   __HAL_FLASH_DATA_CACHE_ENABLE();
 182:Drivers/STM32F4xx_HAL_Driver/Src/stm32f4xx_hal.c **** #endif /* DATA_CACHE_ENABLE */
 183:Drivers/STM32F4xx_HAL_Driver/Src/stm32f4xx_hal.c **** 
 184:Drivers/STM32F4xx_HAL_Driver/Src/stm32f4xx_hal.c **** #if (PREFETCH_ENABLE != 0U)
 185:Drivers/STM32F4xx_HAL_Driver/Src/stm32f4xx_hal.c ****   __HAL_FLASH_PREFETCH_BUFFER_ENABLE();
 186:Drivers/STM32F4xx_HAL_Driver/Src/stm32f4xx_hal.c **** #endif /* PREFETCH_ENABLE */
 187:Drivers/STM32F4xx_HAL_Driver/Src/stm32f4xx_hal.c **** 
 188:Drivers/STM32F4xx_HAL_Driver/Src/stm32f4xx_hal.c ****   /* Set Interrupt Group Priority */
 189:Drivers/STM32F4xx_HAL_Driver/Src/stm32f4xx_hal.c ****   HAL_NVIC_SetPriorityGrouping(NVIC_PRIORITYGROUP_4);
 190:Drivers/STM32F4xx_HAL_Driver/Src/stm32f4xx_hal.c **** 
 191:Drivers/STM32F4xx_HAL_Driver/Src/stm32f4xx_hal.c ****   /* Use systick as time base source and configure 1ms tick (default clock after Reset is HSI) */
 192:Drivers/STM32F4xx_HAL_Driver/Src/stm32f4xx_hal.c ****   HAL_InitTick(TICK_INT_PRIORITY);
 193:Drivers/STM32F4xx_HAL_Driver/Src/stm32f4xx_hal.c **** 
 194:Drivers/STM32F4xx_HAL_Driver/Src/stm32f4xx_hal.c ****   /* Init the low level hardware */
 195:Drivers/STM32F4xx_HAL_Driver/Src/stm32f4xx_hal.c ****   HAL_MspInit();
 196:Drivers/STM32F4xx_HAL_Driver/Src/stm32f4xx_hal.c **** 
 197:Drivers/STM32F4xx_HAL_Driver/Src/stm32f4xx_hal.c ****   /* Return function status */
 198:Drivers/STM32F4xx_HAL_Driver/Src/stm32f4xx_hal.c ****   return HAL_OK;
 199:Drivers/STM32F4xx_HAL_Driver/Src/stm32f4xx_hal.c **** }
 200:Drivers/STM32F4xx_HAL_Driver/Src/stm32f4xx_hal.c **** 
 201:Drivers/STM32F4xx_HAL_Driver/Src/stm32f4xx_hal.c **** /**
 202:Drivers/STM32F4xx_HAL_Driver/Src/stm32f4xx_hal.c ****   * @brief  This function de-Initializes common part of the HAL and stops the systick.
ARM GAS  C:\Users\svcgu\AppData\Local\Temp\ccVf4H1C.s 			page 5


 203:Drivers/STM32F4xx_HAL_Driver/Src/stm32f4xx_hal.c ****   *         This function is optional.   
 204:Drivers/STM32F4xx_HAL_Driver/Src/stm32f4xx_hal.c ****   * @retval HAL status
 205:Drivers/STM32F4xx_HAL_Driver/Src/stm32f4xx_hal.c ****   */
 206:Drivers/STM32F4xx_HAL_Driver/Src/stm32f4xx_hal.c **** HAL_StatusTypeDef HAL_DeInit(void)
 207:Drivers/STM32F4xx_HAL_Driver/Src/stm32f4xx_hal.c **** {
 208:Drivers/STM32F4xx_HAL_Driver/Src/stm32f4xx_hal.c ****   /* Reset of all peripherals */
 209:Drivers/STM32F4xx_HAL_Driver/Src/stm32f4xx_hal.c ****   __HAL_RCC_APB1_FORCE_RESET();
 210:Drivers/STM32F4xx_HAL_Driver/Src/stm32f4xx_hal.c ****   __HAL_RCC_APB1_RELEASE_RESET();
 211:Drivers/STM32F4xx_HAL_Driver/Src/stm32f4xx_hal.c **** 
 212:Drivers/STM32F4xx_HAL_Driver/Src/stm32f4xx_hal.c ****   __HAL_RCC_APB2_FORCE_RESET();
 213:Drivers/STM32F4xx_HAL_Driver/Src/stm32f4xx_hal.c ****   __HAL_RCC_APB2_RELEASE_RESET();
 214:Drivers/STM32F4xx_HAL_Driver/Src/stm32f4xx_hal.c **** 
 215:Drivers/STM32F4xx_HAL_Driver/Src/stm32f4xx_hal.c ****   __HAL_RCC_AHB1_FORCE_RESET();
 216:Drivers/STM32F4xx_HAL_Driver/Src/stm32f4xx_hal.c ****   __HAL_RCC_AHB1_RELEASE_RESET();
 217:Drivers/STM32F4xx_HAL_Driver/Src/stm32f4xx_hal.c **** 
 218:Drivers/STM32F4xx_HAL_Driver/Src/stm32f4xx_hal.c ****   __HAL_RCC_AHB2_FORCE_RESET();
 219:Drivers/STM32F4xx_HAL_Driver/Src/stm32f4xx_hal.c ****   __HAL_RCC_AHB2_RELEASE_RESET();
 220:Drivers/STM32F4xx_HAL_Driver/Src/stm32f4xx_hal.c **** 
 221:Drivers/STM32F4xx_HAL_Driver/Src/stm32f4xx_hal.c ****   __HAL_RCC_AHB3_FORCE_RESET();
 222:Drivers/STM32F4xx_HAL_Driver/Src/stm32f4xx_hal.c ****   __HAL_RCC_AHB3_RELEASE_RESET();
 223:Drivers/STM32F4xx_HAL_Driver/Src/stm32f4xx_hal.c **** 
 224:Drivers/STM32F4xx_HAL_Driver/Src/stm32f4xx_hal.c ****   /* De-Init the low level hardware */
 225:Drivers/STM32F4xx_HAL_Driver/Src/stm32f4xx_hal.c ****   HAL_MspDeInit();
 226:Drivers/STM32F4xx_HAL_Driver/Src/stm32f4xx_hal.c ****     
 227:Drivers/STM32F4xx_HAL_Driver/Src/stm32f4xx_hal.c ****   /* Return function status */
 228:Drivers/STM32F4xx_HAL_Driver/Src/stm32f4xx_hal.c ****   return HAL_OK;
 229:Drivers/STM32F4xx_HAL_Driver/Src/stm32f4xx_hal.c **** }
 230:Drivers/STM32F4xx_HAL_Driver/Src/stm32f4xx_hal.c **** 
 231:Drivers/STM32F4xx_HAL_Driver/Src/stm32f4xx_hal.c **** /**
 232:Drivers/STM32F4xx_HAL_Driver/Src/stm32f4xx_hal.c ****   * @brief  Initialize the MSP.
 233:Drivers/STM32F4xx_HAL_Driver/Src/stm32f4xx_hal.c ****   * @retval None
 234:Drivers/STM32F4xx_HAL_Driver/Src/stm32f4xx_hal.c ****   */
 235:Drivers/STM32F4xx_HAL_Driver/Src/stm32f4xx_hal.c **** __weak void HAL_MspInit(void)
 236:Drivers/STM32F4xx_HAL_Driver/Src/stm32f4xx_hal.c **** {
  28              		.loc 1 236 0
  29              		.cfi_startproc
  30              		@ args = 0, pretend = 0, frame = 0
  31              		@ frame_needed = 0, uses_anonymous_args = 0
  32              		@ link register save eliminated.
  33 0000 7047     		bx	lr
  34              		.cfi_endproc
  35              	.LFE126:
  37              		.section	.text.HAL_MspDeInit,"ax",%progbits
  38              		.align	1
  39              		.weak	HAL_MspDeInit
  40              		.syntax unified
  41              		.thumb
  42              		.thumb_func
  43              		.fpu fpv4-sp-d16
  45              	HAL_MspDeInit:
  46              	.LFB127:
 237:Drivers/STM32F4xx_HAL_Driver/Src/stm32f4xx_hal.c ****   /* NOTE : This function should not be modified, when the callback is needed,
 238:Drivers/STM32F4xx_HAL_Driver/Src/stm32f4xx_hal.c ****             the HAL_MspInit could be implemented in the user file
 239:Drivers/STM32F4xx_HAL_Driver/Src/stm32f4xx_hal.c ****    */
 240:Drivers/STM32F4xx_HAL_Driver/Src/stm32f4xx_hal.c **** }
 241:Drivers/STM32F4xx_HAL_Driver/Src/stm32f4xx_hal.c **** 
 242:Drivers/STM32F4xx_HAL_Driver/Src/stm32f4xx_hal.c **** /**
ARM GAS  C:\Users\svcgu\AppData\Local\Temp\ccVf4H1C.s 			page 6


 243:Drivers/STM32F4xx_HAL_Driver/Src/stm32f4xx_hal.c ****   * @brief  DeInitializes the MSP.
 244:Drivers/STM32F4xx_HAL_Driver/Src/stm32f4xx_hal.c ****   * @retval None
 245:Drivers/STM32F4xx_HAL_Driver/Src/stm32f4xx_hal.c ****   */
 246:Drivers/STM32F4xx_HAL_Driver/Src/stm32f4xx_hal.c **** __weak void HAL_MspDeInit(void)
 247:Drivers/STM32F4xx_HAL_Driver/Src/stm32f4xx_hal.c **** {
  47              		.loc 1 247 0
  48              		.cfi_startproc
  49              		@ args = 0, pretend = 0, frame = 0
  50              		@ frame_needed = 0, uses_anonymous_args = 0
  51              		@ link register save eliminated.
  52 0000 7047     		bx	lr
  53              		.cfi_endproc
  54              	.LFE127:
  56              		.section	.text.HAL_DeInit,"ax",%progbits
  57              		.align	1
  58              		.global	HAL_DeInit
  59              		.syntax unified
  60              		.thumb
  61              		.thumb_func
  62              		.fpu fpv4-sp-d16
  64              	HAL_DeInit:
  65              	.LFB125:
 207:Drivers/STM32F4xx_HAL_Driver/Src/stm32f4xx_hal.c ****   /* Reset of all peripherals */
  66              		.loc 1 207 0
  67              		.cfi_startproc
  68              		@ args = 0, pretend = 0, frame = 0
  69              		@ frame_needed = 0, uses_anonymous_args = 0
 207:Drivers/STM32F4xx_HAL_Driver/Src/stm32f4xx_hal.c ****   /* Reset of all peripherals */
  70              		.loc 1 207 0
  71 0000 10B5     		push	{r4, lr}
  72              	.LCFI0:
  73              		.cfi_def_cfa_offset 8
  74              		.cfi_offset 4, -8
  75              		.cfi_offset 14, -4
 209:Drivers/STM32F4xx_HAL_Driver/Src/stm32f4xx_hal.c ****   __HAL_RCC_APB1_RELEASE_RESET();
  76              		.loc 1 209 0
  77 0002 094B     		ldr	r3, .L5
  78 0004 4FF0FF32 		mov	r2, #-1
  79 0008 1A62     		str	r2, [r3, #32]
 210:Drivers/STM32F4xx_HAL_Driver/Src/stm32f4xx_hal.c **** 
  80              		.loc 1 210 0
  81 000a 0024     		movs	r4, #0
  82 000c 1C62     		str	r4, [r3, #32]
 212:Drivers/STM32F4xx_HAL_Driver/Src/stm32f4xx_hal.c ****   __HAL_RCC_APB2_RELEASE_RESET();
  83              		.loc 1 212 0
  84 000e 5A62     		str	r2, [r3, #36]
 213:Drivers/STM32F4xx_HAL_Driver/Src/stm32f4xx_hal.c **** 
  85              		.loc 1 213 0
  86 0010 5C62     		str	r4, [r3, #36]
 215:Drivers/STM32F4xx_HAL_Driver/Src/stm32f4xx_hal.c ****   __HAL_RCC_AHB1_RELEASE_RESET();
  87              		.loc 1 215 0
  88 0012 1A61     		str	r2, [r3, #16]
 216:Drivers/STM32F4xx_HAL_Driver/Src/stm32f4xx_hal.c **** 
  89              		.loc 1 216 0
  90 0014 1C61     		str	r4, [r3, #16]
 218:Drivers/STM32F4xx_HAL_Driver/Src/stm32f4xx_hal.c ****   __HAL_RCC_AHB2_RELEASE_RESET();
  91              		.loc 1 218 0
ARM GAS  C:\Users\svcgu\AppData\Local\Temp\ccVf4H1C.s 			page 7


  92 0016 5A61     		str	r2, [r3, #20]
 219:Drivers/STM32F4xx_HAL_Driver/Src/stm32f4xx_hal.c **** 
  93              		.loc 1 219 0
  94 0018 5C61     		str	r4, [r3, #20]
 221:Drivers/STM32F4xx_HAL_Driver/Src/stm32f4xx_hal.c ****   __HAL_RCC_AHB3_RELEASE_RESET();
  95              		.loc 1 221 0
  96 001a 9A61     		str	r2, [r3, #24]
 222:Drivers/STM32F4xx_HAL_Driver/Src/stm32f4xx_hal.c **** 
  97              		.loc 1 222 0
  98 001c 9C61     		str	r4, [r3, #24]
 225:Drivers/STM32F4xx_HAL_Driver/Src/stm32f4xx_hal.c ****     
  99              		.loc 1 225 0
 100 001e FFF7FEFF 		bl	HAL_MspDeInit
 101              	.LVL0:
 229:Drivers/STM32F4xx_HAL_Driver/Src/stm32f4xx_hal.c **** 
 102              		.loc 1 229 0
 103 0022 2046     		mov	r0, r4
 104 0024 10BD     		pop	{r4, pc}
 105              	.L6:
 106 0026 00BF     		.align	2
 107              	.L5:
 108 0028 00380240 		.word	1073887232
 109              		.cfi_endproc
 110              	.LFE125:
 112              		.section	.text.HAL_InitTick,"ax",%progbits
 113              		.align	1
 114              		.weak	HAL_InitTick
 115              		.syntax unified
 116              		.thumb
 117              		.thumb_func
 118              		.fpu fpv4-sp-d16
 120              	HAL_InitTick:
 121              	.LFB128:
 248:Drivers/STM32F4xx_HAL_Driver/Src/stm32f4xx_hal.c ****   /* NOTE : This function should not be modified, when the callback is needed,
 249:Drivers/STM32F4xx_HAL_Driver/Src/stm32f4xx_hal.c ****             the HAL_MspDeInit could be implemented in the user file
 250:Drivers/STM32F4xx_HAL_Driver/Src/stm32f4xx_hal.c ****    */ 
 251:Drivers/STM32F4xx_HAL_Driver/Src/stm32f4xx_hal.c **** }
 252:Drivers/STM32F4xx_HAL_Driver/Src/stm32f4xx_hal.c **** 
 253:Drivers/STM32F4xx_HAL_Driver/Src/stm32f4xx_hal.c **** /**
 254:Drivers/STM32F4xx_HAL_Driver/Src/stm32f4xx_hal.c ****   * @brief This function configures the source of the time base.
 255:Drivers/STM32F4xx_HAL_Driver/Src/stm32f4xx_hal.c ****   *        The time source is configured  to have 1ms time base with a dedicated 
 256:Drivers/STM32F4xx_HAL_Driver/Src/stm32f4xx_hal.c ****   *        Tick interrupt priority.
 257:Drivers/STM32F4xx_HAL_Driver/Src/stm32f4xx_hal.c ****   * @note This function is called  automatically at the beginning of program after
 258:Drivers/STM32F4xx_HAL_Driver/Src/stm32f4xx_hal.c ****   *       reset by HAL_Init() or at any time when clock is reconfigured  by HAL_RCC_ClockConfig().
 259:Drivers/STM32F4xx_HAL_Driver/Src/stm32f4xx_hal.c ****   * @note In the default implementation, SysTick timer is the source of time base. 
 260:Drivers/STM32F4xx_HAL_Driver/Src/stm32f4xx_hal.c ****   *       It is used to generate interrupts at regular time intervals. 
 261:Drivers/STM32F4xx_HAL_Driver/Src/stm32f4xx_hal.c ****   *       Care must be taken if HAL_Delay() is called from a peripheral ISR process, 
 262:Drivers/STM32F4xx_HAL_Driver/Src/stm32f4xx_hal.c ****   *       The SysTick interrupt must have higher priority (numerically lower)
 263:Drivers/STM32F4xx_HAL_Driver/Src/stm32f4xx_hal.c ****   *       than the peripheral interrupt. Otherwise the caller ISR process will be blocked.
 264:Drivers/STM32F4xx_HAL_Driver/Src/stm32f4xx_hal.c ****   *       The function is declared as __weak  to be overwritten  in case of other
 265:Drivers/STM32F4xx_HAL_Driver/Src/stm32f4xx_hal.c ****   *       implementation  in user file.
 266:Drivers/STM32F4xx_HAL_Driver/Src/stm32f4xx_hal.c ****   * @param TickPriority Tick interrupt priority.
 267:Drivers/STM32F4xx_HAL_Driver/Src/stm32f4xx_hal.c ****   * @retval HAL status
 268:Drivers/STM32F4xx_HAL_Driver/Src/stm32f4xx_hal.c ****   */
 269:Drivers/STM32F4xx_HAL_Driver/Src/stm32f4xx_hal.c **** __weak HAL_StatusTypeDef HAL_InitTick(uint32_t TickPriority)
 270:Drivers/STM32F4xx_HAL_Driver/Src/stm32f4xx_hal.c **** {
 122              		.loc 1 270 0
ARM GAS  C:\Users\svcgu\AppData\Local\Temp\ccVf4H1C.s 			page 8


 123              		.cfi_startproc
 124              		@ args = 0, pretend = 0, frame = 0
 125              		@ frame_needed = 0, uses_anonymous_args = 0
 126              	.LVL1:
 127 0000 10B5     		push	{r4, lr}
 128              	.LCFI1:
 129              		.cfi_def_cfa_offset 8
 130              		.cfi_offset 4, -8
 131              		.cfi_offset 14, -4
 132 0002 0446     		mov	r4, r0
 271:Drivers/STM32F4xx_HAL_Driver/Src/stm32f4xx_hal.c ****   /* Configure the SysTick to have interrupt in 1ms time basis*/
 272:Drivers/STM32F4xx_HAL_Driver/Src/stm32f4xx_hal.c ****   if (HAL_SYSTICK_Config(SystemCoreClock / (1000U / uwTickFreq)) > 0U)
 133              		.loc 1 272 0
 134 0004 0E4B     		ldr	r3, .L13
 135 0006 1878     		ldrb	r0, [r3]	@ zero_extendqisi2
 136              	.LVL2:
 137 0008 4FF47A73 		mov	r3, #1000
 138 000c B3FBF0F3 		udiv	r3, r3, r0
 139 0010 0C4A     		ldr	r2, .L13+4
 140 0012 1068     		ldr	r0, [r2]
 141 0014 B0FBF3F0 		udiv	r0, r0, r3
 142 0018 FFF7FEFF 		bl	HAL_SYSTICK_Config
 143              	.LVL3:
 144 001c 68B9     		cbnz	r0, .L9
 273:Drivers/STM32F4xx_HAL_Driver/Src/stm32f4xx_hal.c ****   {
 274:Drivers/STM32F4xx_HAL_Driver/Src/stm32f4xx_hal.c ****     return HAL_ERROR;
 275:Drivers/STM32F4xx_HAL_Driver/Src/stm32f4xx_hal.c ****   }
 276:Drivers/STM32F4xx_HAL_Driver/Src/stm32f4xx_hal.c **** 
 277:Drivers/STM32F4xx_HAL_Driver/Src/stm32f4xx_hal.c ****   /* Configure the SysTick IRQ priority */
 278:Drivers/STM32F4xx_HAL_Driver/Src/stm32f4xx_hal.c ****   if (TickPriority < (1UL << __NVIC_PRIO_BITS))
 145              		.loc 1 278 0
 146 001e 0F2C     		cmp	r4, #15
 147 0020 01D9     		bls	.L12
 279:Drivers/STM32F4xx_HAL_Driver/Src/stm32f4xx_hal.c ****   {
 280:Drivers/STM32F4xx_HAL_Driver/Src/stm32f4xx_hal.c ****     HAL_NVIC_SetPriority(SysTick_IRQn, TickPriority, 0U);
 281:Drivers/STM32F4xx_HAL_Driver/Src/stm32f4xx_hal.c ****     uwTickPrio = TickPriority;
 282:Drivers/STM32F4xx_HAL_Driver/Src/stm32f4xx_hal.c ****   }
 283:Drivers/STM32F4xx_HAL_Driver/Src/stm32f4xx_hal.c ****   else
 284:Drivers/STM32F4xx_HAL_Driver/Src/stm32f4xx_hal.c ****   {
 285:Drivers/STM32F4xx_HAL_Driver/Src/stm32f4xx_hal.c ****     return HAL_ERROR;
 148              		.loc 1 285 0
 149 0022 0120     		movs	r0, #1
 286:Drivers/STM32F4xx_HAL_Driver/Src/stm32f4xx_hal.c ****   }
 287:Drivers/STM32F4xx_HAL_Driver/Src/stm32f4xx_hal.c **** 
 288:Drivers/STM32F4xx_HAL_Driver/Src/stm32f4xx_hal.c ****   /* Return function status */
 289:Drivers/STM32F4xx_HAL_Driver/Src/stm32f4xx_hal.c ****   return HAL_OK;
 290:Drivers/STM32F4xx_HAL_Driver/Src/stm32f4xx_hal.c **** }
 150              		.loc 1 290 0
 151 0024 10BD     		pop	{r4, pc}
 152              	.LVL4:
 153              	.L12:
 280:Drivers/STM32F4xx_HAL_Driver/Src/stm32f4xx_hal.c ****     uwTickPrio = TickPriority;
 154              		.loc 1 280 0
 155 0026 0022     		movs	r2, #0
 156 0028 2146     		mov	r1, r4
 157 002a 4FF0FF30 		mov	r0, #-1
 158 002e FFF7FEFF 		bl	HAL_NVIC_SetPriority
ARM GAS  C:\Users\svcgu\AppData\Local\Temp\ccVf4H1C.s 			page 9


 159              	.LVL5:
 281:Drivers/STM32F4xx_HAL_Driver/Src/stm32f4xx_hal.c ****   }
 160              		.loc 1 281 0
 161 0032 054B     		ldr	r3, .L13+8
 162 0034 1C60     		str	r4, [r3]
 289:Drivers/STM32F4xx_HAL_Driver/Src/stm32f4xx_hal.c **** }
 163              		.loc 1 289 0
 164 0036 0020     		movs	r0, #0
 165 0038 10BD     		pop	{r4, pc}
 166              	.LVL6:
 167              	.L9:
 274:Drivers/STM32F4xx_HAL_Driver/Src/stm32f4xx_hal.c ****   }
 168              		.loc 1 274 0
 169 003a 0120     		movs	r0, #1
 170 003c 10BD     		pop	{r4, pc}
 171              	.LVL7:
 172              	.L14:
 173 003e 00BF     		.align	2
 174              	.L13:
 175 0040 00000000 		.word	.LANCHOR0
 176 0044 00000000 		.word	SystemCoreClock
 177 0048 00000000 		.word	.LANCHOR1
 178              		.cfi_endproc
 179              	.LFE128:
 181              		.section	.text.HAL_Init,"ax",%progbits
 182              		.align	1
 183              		.global	HAL_Init
 184              		.syntax unified
 185              		.thumb
 186              		.thumb_func
 187              		.fpu fpv4-sp-d16
 189              	HAL_Init:
 190              	.LFB124:
 174:Drivers/STM32F4xx_HAL_Driver/Src/stm32f4xx_hal.c ****   /* Configure Flash prefetch, Instruction cache, Data cache */ 
 191              		.loc 1 174 0
 192              		.cfi_startproc
 193              		@ args = 0, pretend = 0, frame = 0
 194              		@ frame_needed = 0, uses_anonymous_args = 0
 195 0000 08B5     		push	{r3, lr}
 196              	.LCFI2:
 197              		.cfi_def_cfa_offset 8
 198              		.cfi_offset 3, -8
 199              		.cfi_offset 14, -4
 177:Drivers/STM32F4xx_HAL_Driver/Src/stm32f4xx_hal.c **** #endif /* INSTRUCTION_CACHE_ENABLE */
 200              		.loc 1 177 0
 201 0002 0B4B     		ldr	r3, .L17
 202 0004 1A68     		ldr	r2, [r3]
 203 0006 42F40072 		orr	r2, r2, #512
 204 000a 1A60     		str	r2, [r3]
 181:Drivers/STM32F4xx_HAL_Driver/Src/stm32f4xx_hal.c **** #endif /* DATA_CACHE_ENABLE */
 205              		.loc 1 181 0
 206 000c 1A68     		ldr	r2, [r3]
 207 000e 42F48062 		orr	r2, r2, #1024
 208 0012 1A60     		str	r2, [r3]
 185:Drivers/STM32F4xx_HAL_Driver/Src/stm32f4xx_hal.c **** #endif /* PREFETCH_ENABLE */
 209              		.loc 1 185 0
 210 0014 1A68     		ldr	r2, [r3]
ARM GAS  C:\Users\svcgu\AppData\Local\Temp\ccVf4H1C.s 			page 10


 211 0016 42F48072 		orr	r2, r2, #256
 212 001a 1A60     		str	r2, [r3]
 189:Drivers/STM32F4xx_HAL_Driver/Src/stm32f4xx_hal.c **** 
 213              		.loc 1 189 0
 214 001c 0320     		movs	r0, #3
 215 001e FFF7FEFF 		bl	HAL_NVIC_SetPriorityGrouping
 216              	.LVL8:
 192:Drivers/STM32F4xx_HAL_Driver/Src/stm32f4xx_hal.c **** 
 217              		.loc 1 192 0
 218 0022 0020     		movs	r0, #0
 219 0024 FFF7FEFF 		bl	HAL_InitTick
 220              	.LVL9:
 195:Drivers/STM32F4xx_HAL_Driver/Src/stm32f4xx_hal.c **** 
 221              		.loc 1 195 0
 222 0028 FFF7FEFF 		bl	HAL_MspInit
 223              	.LVL10:
 199:Drivers/STM32F4xx_HAL_Driver/Src/stm32f4xx_hal.c **** 
 224              		.loc 1 199 0
 225 002c 0020     		movs	r0, #0
 226 002e 08BD     		pop	{r3, pc}
 227              	.L18:
 228              		.align	2
 229              	.L17:
 230 0030 003C0240 		.word	1073888256
 231              		.cfi_endproc
 232              	.LFE124:
 234              		.section	.text.HAL_IncTick,"ax",%progbits
 235              		.align	1
 236              		.weak	HAL_IncTick
 237              		.syntax unified
 238              		.thumb
 239              		.thumb_func
 240              		.fpu fpv4-sp-d16
 242              	HAL_IncTick:
 243              	.LFB129:
 291:Drivers/STM32F4xx_HAL_Driver/Src/stm32f4xx_hal.c **** 
 292:Drivers/STM32F4xx_HAL_Driver/Src/stm32f4xx_hal.c **** /**
 293:Drivers/STM32F4xx_HAL_Driver/Src/stm32f4xx_hal.c ****   * @}
 294:Drivers/STM32F4xx_HAL_Driver/Src/stm32f4xx_hal.c ****   */
 295:Drivers/STM32F4xx_HAL_Driver/Src/stm32f4xx_hal.c **** 
 296:Drivers/STM32F4xx_HAL_Driver/Src/stm32f4xx_hal.c **** /** @defgroup HAL_Exported_Functions_Group2 HAL Control functions 
 297:Drivers/STM32F4xx_HAL_Driver/Src/stm32f4xx_hal.c ****  *  @brief    HAL Control functions
 298:Drivers/STM32F4xx_HAL_Driver/Src/stm32f4xx_hal.c ****  *
 299:Drivers/STM32F4xx_HAL_Driver/Src/stm32f4xx_hal.c **** @verbatim
 300:Drivers/STM32F4xx_HAL_Driver/Src/stm32f4xx_hal.c ****  ===============================================================================
 301:Drivers/STM32F4xx_HAL_Driver/Src/stm32f4xx_hal.c ****                       ##### HAL Control functions #####
 302:Drivers/STM32F4xx_HAL_Driver/Src/stm32f4xx_hal.c ****  ===============================================================================
 303:Drivers/STM32F4xx_HAL_Driver/Src/stm32f4xx_hal.c ****     [..]  This section provides functions allowing to:
 304:Drivers/STM32F4xx_HAL_Driver/Src/stm32f4xx_hal.c ****       (+) Provide a tick value in millisecond
 305:Drivers/STM32F4xx_HAL_Driver/Src/stm32f4xx_hal.c ****       (+) Provide a blocking delay in millisecond
 306:Drivers/STM32F4xx_HAL_Driver/Src/stm32f4xx_hal.c ****       (+) Suspend the time base source interrupt
 307:Drivers/STM32F4xx_HAL_Driver/Src/stm32f4xx_hal.c ****       (+) Resume the time base source interrupt
 308:Drivers/STM32F4xx_HAL_Driver/Src/stm32f4xx_hal.c ****       (+) Get the HAL API driver version
 309:Drivers/STM32F4xx_HAL_Driver/Src/stm32f4xx_hal.c ****       (+) Get the device identifier
 310:Drivers/STM32F4xx_HAL_Driver/Src/stm32f4xx_hal.c ****       (+) Get the device revision identifier
 311:Drivers/STM32F4xx_HAL_Driver/Src/stm32f4xx_hal.c ****       (+) Enable/Disable Debug module during SLEEP mode
 312:Drivers/STM32F4xx_HAL_Driver/Src/stm32f4xx_hal.c ****       (+) Enable/Disable Debug module during STOP mode
ARM GAS  C:\Users\svcgu\AppData\Local\Temp\ccVf4H1C.s 			page 11


 313:Drivers/STM32F4xx_HAL_Driver/Src/stm32f4xx_hal.c ****       (+) Enable/Disable Debug module during STANDBY mode
 314:Drivers/STM32F4xx_HAL_Driver/Src/stm32f4xx_hal.c **** 
 315:Drivers/STM32F4xx_HAL_Driver/Src/stm32f4xx_hal.c **** @endverbatim
 316:Drivers/STM32F4xx_HAL_Driver/Src/stm32f4xx_hal.c ****   * @{
 317:Drivers/STM32F4xx_HAL_Driver/Src/stm32f4xx_hal.c ****   */
 318:Drivers/STM32F4xx_HAL_Driver/Src/stm32f4xx_hal.c **** 
 319:Drivers/STM32F4xx_HAL_Driver/Src/stm32f4xx_hal.c **** /**
 320:Drivers/STM32F4xx_HAL_Driver/Src/stm32f4xx_hal.c ****   * @brief This function is called to increment  a global variable "uwTick"
 321:Drivers/STM32F4xx_HAL_Driver/Src/stm32f4xx_hal.c ****   *        used as application time base.
 322:Drivers/STM32F4xx_HAL_Driver/Src/stm32f4xx_hal.c ****   * @note In the default implementation, this variable is incremented each 1ms
 323:Drivers/STM32F4xx_HAL_Driver/Src/stm32f4xx_hal.c ****   *       in SysTick ISR.
 324:Drivers/STM32F4xx_HAL_Driver/Src/stm32f4xx_hal.c ****  * @note This function is declared as __weak to be overwritten in case of other 
 325:Drivers/STM32F4xx_HAL_Driver/Src/stm32f4xx_hal.c ****   *      implementations in user file.
 326:Drivers/STM32F4xx_HAL_Driver/Src/stm32f4xx_hal.c ****   * @retval None
 327:Drivers/STM32F4xx_HAL_Driver/Src/stm32f4xx_hal.c ****   */
 328:Drivers/STM32F4xx_HAL_Driver/Src/stm32f4xx_hal.c **** __weak void HAL_IncTick(void)
 329:Drivers/STM32F4xx_HAL_Driver/Src/stm32f4xx_hal.c **** {
 244              		.loc 1 329 0
 245              		.cfi_startproc
 246              		@ args = 0, pretend = 0, frame = 0
 247              		@ frame_needed = 0, uses_anonymous_args = 0
 248              		@ link register save eliminated.
 330:Drivers/STM32F4xx_HAL_Driver/Src/stm32f4xx_hal.c ****   uwTick += uwTickFreq;
 249              		.loc 1 330 0
 250 0000 034A     		ldr	r2, .L20
 251 0002 1168     		ldr	r1, [r2]
 252 0004 034B     		ldr	r3, .L20+4
 253 0006 1B78     		ldrb	r3, [r3]	@ zero_extendqisi2
 254 0008 0B44     		add	r3, r3, r1
 255 000a 1360     		str	r3, [r2]
 256 000c 7047     		bx	lr
 257              	.L21:
 258 000e 00BF     		.align	2
 259              	.L20:
 260 0010 00000000 		.word	uwTick
 261 0014 00000000 		.word	.LANCHOR0
 262              		.cfi_endproc
 263              	.LFE129:
 265              		.section	.text.HAL_GetTick,"ax",%progbits
 266              		.align	1
 267              		.weak	HAL_GetTick
 268              		.syntax unified
 269              		.thumb
 270              		.thumb_func
 271              		.fpu fpv4-sp-d16
 273              	HAL_GetTick:
 274              	.LFB130:
 331:Drivers/STM32F4xx_HAL_Driver/Src/stm32f4xx_hal.c **** }
 332:Drivers/STM32F4xx_HAL_Driver/Src/stm32f4xx_hal.c **** 
 333:Drivers/STM32F4xx_HAL_Driver/Src/stm32f4xx_hal.c **** /**
 334:Drivers/STM32F4xx_HAL_Driver/Src/stm32f4xx_hal.c ****   * @brief Provides a tick value in millisecond.
 335:Drivers/STM32F4xx_HAL_Driver/Src/stm32f4xx_hal.c ****   * @note This function is declared as __weak to be overwritten in case of other 
 336:Drivers/STM32F4xx_HAL_Driver/Src/stm32f4xx_hal.c ****   *       implementations in user file.
 337:Drivers/STM32F4xx_HAL_Driver/Src/stm32f4xx_hal.c ****   * @retval tick value
 338:Drivers/STM32F4xx_HAL_Driver/Src/stm32f4xx_hal.c ****   */
 339:Drivers/STM32F4xx_HAL_Driver/Src/stm32f4xx_hal.c **** __weak uint32_t HAL_GetTick(void)
 340:Drivers/STM32F4xx_HAL_Driver/Src/stm32f4xx_hal.c **** {
ARM GAS  C:\Users\svcgu\AppData\Local\Temp\ccVf4H1C.s 			page 12


 275              		.loc 1 340 0
 276              		.cfi_startproc
 277              		@ args = 0, pretend = 0, frame = 0
 278              		@ frame_needed = 0, uses_anonymous_args = 0
 279              		@ link register save eliminated.
 341:Drivers/STM32F4xx_HAL_Driver/Src/stm32f4xx_hal.c ****   return uwTick;
 280              		.loc 1 341 0
 281 0000 014B     		ldr	r3, .L23
 282 0002 1868     		ldr	r0, [r3]
 342:Drivers/STM32F4xx_HAL_Driver/Src/stm32f4xx_hal.c **** }
 283              		.loc 1 342 0
 284 0004 7047     		bx	lr
 285              	.L24:
 286 0006 00BF     		.align	2
 287              	.L23:
 288 0008 00000000 		.word	uwTick
 289              		.cfi_endproc
 290              	.LFE130:
 292              		.section	.text.HAL_GetTickPrio,"ax",%progbits
 293              		.align	1
 294              		.global	HAL_GetTickPrio
 295              		.syntax unified
 296              		.thumb
 297              		.thumb_func
 298              		.fpu fpv4-sp-d16
 300              	HAL_GetTickPrio:
 301              	.LFB131:
 343:Drivers/STM32F4xx_HAL_Driver/Src/stm32f4xx_hal.c **** 
 344:Drivers/STM32F4xx_HAL_Driver/Src/stm32f4xx_hal.c **** /**
 345:Drivers/STM32F4xx_HAL_Driver/Src/stm32f4xx_hal.c ****   * @brief This function returns a tick priority.
 346:Drivers/STM32F4xx_HAL_Driver/Src/stm32f4xx_hal.c ****   * @retval tick priority
 347:Drivers/STM32F4xx_HAL_Driver/Src/stm32f4xx_hal.c ****   */
 348:Drivers/STM32F4xx_HAL_Driver/Src/stm32f4xx_hal.c **** uint32_t HAL_GetTickPrio(void)
 349:Drivers/STM32F4xx_HAL_Driver/Src/stm32f4xx_hal.c **** {
 302              		.loc 1 349 0
 303              		.cfi_startproc
 304              		@ args = 0, pretend = 0, frame = 0
 305              		@ frame_needed = 0, uses_anonymous_args = 0
 306              		@ link register save eliminated.
 350:Drivers/STM32F4xx_HAL_Driver/Src/stm32f4xx_hal.c ****   return uwTickPrio;
 351:Drivers/STM32F4xx_HAL_Driver/Src/stm32f4xx_hal.c **** }
 307              		.loc 1 351 0
 308 0000 014B     		ldr	r3, .L26
 309 0002 1868     		ldr	r0, [r3]
 310 0004 7047     		bx	lr
 311              	.L27:
 312 0006 00BF     		.align	2
 313              	.L26:
 314 0008 00000000 		.word	.LANCHOR1
 315              		.cfi_endproc
 316              	.LFE131:
 318              		.section	.text.HAL_SetTickFreq,"ax",%progbits
 319              		.align	1
 320              		.global	HAL_SetTickFreq
 321              		.syntax unified
 322              		.thumb
 323              		.thumb_func
ARM GAS  C:\Users\svcgu\AppData\Local\Temp\ccVf4H1C.s 			page 13


 324              		.fpu fpv4-sp-d16
 326              	HAL_SetTickFreq:
 327              	.LFB132:
 352:Drivers/STM32F4xx_HAL_Driver/Src/stm32f4xx_hal.c **** 
 353:Drivers/STM32F4xx_HAL_Driver/Src/stm32f4xx_hal.c **** /**
 354:Drivers/STM32F4xx_HAL_Driver/Src/stm32f4xx_hal.c ****   * @brief Set new tick Freq.
 355:Drivers/STM32F4xx_HAL_Driver/Src/stm32f4xx_hal.c ****   * @retval Status
 356:Drivers/STM32F4xx_HAL_Driver/Src/stm32f4xx_hal.c ****   */
 357:Drivers/STM32F4xx_HAL_Driver/Src/stm32f4xx_hal.c **** HAL_StatusTypeDef HAL_SetTickFreq(HAL_TickFreqTypeDef Freq)
 358:Drivers/STM32F4xx_HAL_Driver/Src/stm32f4xx_hal.c **** {
 328              		.loc 1 358 0
 329              		.cfi_startproc
 330              		@ args = 0, pretend = 0, frame = 0
 331              		@ frame_needed = 0, uses_anonymous_args = 0
 332              	.LVL11:
 333 0000 08B5     		push	{r3, lr}
 334              	.LCFI3:
 335              		.cfi_def_cfa_offset 8
 336              		.cfi_offset 3, -8
 337              		.cfi_offset 14, -4
 338              	.LVL12:
 359:Drivers/STM32F4xx_HAL_Driver/Src/stm32f4xx_hal.c ****   HAL_StatusTypeDef status  = HAL_OK;
 360:Drivers/STM32F4xx_HAL_Driver/Src/stm32f4xx_hal.c ****   assert_param(IS_TICKFREQ(Freq));
 361:Drivers/STM32F4xx_HAL_Driver/Src/stm32f4xx_hal.c **** 
 362:Drivers/STM32F4xx_HAL_Driver/Src/stm32f4xx_hal.c ****   if (uwTickFreq != Freq)
 339              		.loc 1 362 0
 340 0002 064B     		ldr	r3, .L32
 341 0004 1B78     		ldrb	r3, [r3]	@ zero_extendqisi2
 342 0006 8342     		cmp	r3, r0
 343 0008 06D0     		beq	.L30
 363:Drivers/STM32F4xx_HAL_Driver/Src/stm32f4xx_hal.c ****   {
 364:Drivers/STM32F4xx_HAL_Driver/Src/stm32f4xx_hal.c ****     uwTickFreq = Freq;
 344              		.loc 1 364 0
 345 000a 044B     		ldr	r3, .L32
 346 000c 1870     		strb	r0, [r3]
 365:Drivers/STM32F4xx_HAL_Driver/Src/stm32f4xx_hal.c **** 
 366:Drivers/STM32F4xx_HAL_Driver/Src/stm32f4xx_hal.c ****     /* Apply the new tick Freq  */
 367:Drivers/STM32F4xx_HAL_Driver/Src/stm32f4xx_hal.c ****     status = HAL_InitTick(uwTickPrio);
 347              		.loc 1 367 0
 348 000e 044B     		ldr	r3, .L32+4
 349 0010 1868     		ldr	r0, [r3]
 350              	.LVL13:
 351 0012 FFF7FEFF 		bl	HAL_InitTick
 352              	.LVL14:
 353 0016 08BD     		pop	{r3, pc}
 354              	.LVL15:
 355              	.L30:
 359:Drivers/STM32F4xx_HAL_Driver/Src/stm32f4xx_hal.c ****   assert_param(IS_TICKFREQ(Freq));
 356              		.loc 1 359 0
 357 0018 0020     		movs	r0, #0
 358              	.LVL16:
 368:Drivers/STM32F4xx_HAL_Driver/Src/stm32f4xx_hal.c ****   }
 369:Drivers/STM32F4xx_HAL_Driver/Src/stm32f4xx_hal.c **** 
 370:Drivers/STM32F4xx_HAL_Driver/Src/stm32f4xx_hal.c ****   return status;
 371:Drivers/STM32F4xx_HAL_Driver/Src/stm32f4xx_hal.c **** }
 359              		.loc 1 371 0
 360 001a 08BD     		pop	{r3, pc}
ARM GAS  C:\Users\svcgu\AppData\Local\Temp\ccVf4H1C.s 			page 14


 361              	.L33:
 362              		.align	2
 363              	.L32:
 364 001c 00000000 		.word	.LANCHOR0
 365 0020 00000000 		.word	.LANCHOR1
 366              		.cfi_endproc
 367              	.LFE132:
 369              		.section	.text.HAL_GetTickFreq,"ax",%progbits
 370              		.align	1
 371              		.global	HAL_GetTickFreq
 372              		.syntax unified
 373              		.thumb
 374              		.thumb_func
 375              		.fpu fpv4-sp-d16
 377              	HAL_GetTickFreq:
 378              	.LFB133:
 372:Drivers/STM32F4xx_HAL_Driver/Src/stm32f4xx_hal.c **** 
 373:Drivers/STM32F4xx_HAL_Driver/Src/stm32f4xx_hal.c **** /**
 374:Drivers/STM32F4xx_HAL_Driver/Src/stm32f4xx_hal.c ****   * @brief Return tick frequency.
 375:Drivers/STM32F4xx_HAL_Driver/Src/stm32f4xx_hal.c ****   * @retval tick period in Hz
 376:Drivers/STM32F4xx_HAL_Driver/Src/stm32f4xx_hal.c ****   */
 377:Drivers/STM32F4xx_HAL_Driver/Src/stm32f4xx_hal.c **** HAL_TickFreqTypeDef HAL_GetTickFreq(void)
 378:Drivers/STM32F4xx_HAL_Driver/Src/stm32f4xx_hal.c **** {
 379              		.loc 1 378 0
 380              		.cfi_startproc
 381              		@ args = 0, pretend = 0, frame = 0
 382              		@ frame_needed = 0, uses_anonymous_args = 0
 383              		@ link register save eliminated.
 379:Drivers/STM32F4xx_HAL_Driver/Src/stm32f4xx_hal.c ****   return uwTickFreq;
 380:Drivers/STM32F4xx_HAL_Driver/Src/stm32f4xx_hal.c **** }
 384              		.loc 1 380 0
 385 0000 014B     		ldr	r3, .L35
 386 0002 1878     		ldrb	r0, [r3]	@ zero_extendqisi2
 387 0004 7047     		bx	lr
 388              	.L36:
 389 0006 00BF     		.align	2
 390              	.L35:
 391 0008 00000000 		.word	.LANCHOR0
 392              		.cfi_endproc
 393              	.LFE133:
 395              		.section	.text.HAL_Delay,"ax",%progbits
 396              		.align	1
 397              		.weak	HAL_Delay
 398              		.syntax unified
 399              		.thumb
 400              		.thumb_func
 401              		.fpu fpv4-sp-d16
 403              	HAL_Delay:
 404              	.LFB134:
 381:Drivers/STM32F4xx_HAL_Driver/Src/stm32f4xx_hal.c **** 
 382:Drivers/STM32F4xx_HAL_Driver/Src/stm32f4xx_hal.c **** /**
 383:Drivers/STM32F4xx_HAL_Driver/Src/stm32f4xx_hal.c ****   * @brief This function provides minimum delay (in milliseconds) based 
 384:Drivers/STM32F4xx_HAL_Driver/Src/stm32f4xx_hal.c ****   *        on variable incremented.
 385:Drivers/STM32F4xx_HAL_Driver/Src/stm32f4xx_hal.c ****   * @note In the default implementation , SysTick timer is the source of time base.
 386:Drivers/STM32F4xx_HAL_Driver/Src/stm32f4xx_hal.c ****   *       It is used to generate interrupts at regular time intervals where uwTick
 387:Drivers/STM32F4xx_HAL_Driver/Src/stm32f4xx_hal.c ****   *       is incremented.
 388:Drivers/STM32F4xx_HAL_Driver/Src/stm32f4xx_hal.c ****   * @note This function is declared as __weak to be overwritten in case of other
ARM GAS  C:\Users\svcgu\AppData\Local\Temp\ccVf4H1C.s 			page 15


 389:Drivers/STM32F4xx_HAL_Driver/Src/stm32f4xx_hal.c ****   *       implementations in user file.
 390:Drivers/STM32F4xx_HAL_Driver/Src/stm32f4xx_hal.c ****   * @param Delay specifies the delay time length, in milliseconds.
 391:Drivers/STM32F4xx_HAL_Driver/Src/stm32f4xx_hal.c ****   * @retval None
 392:Drivers/STM32F4xx_HAL_Driver/Src/stm32f4xx_hal.c ****   */
 393:Drivers/STM32F4xx_HAL_Driver/Src/stm32f4xx_hal.c **** __weak void HAL_Delay(uint32_t Delay)
 394:Drivers/STM32F4xx_HAL_Driver/Src/stm32f4xx_hal.c **** {
 405              		.loc 1 394 0
 406              		.cfi_startproc
 407              		@ args = 0, pretend = 0, frame = 0
 408              		@ frame_needed = 0, uses_anonymous_args = 0
 409              	.LVL17:
 410 0000 38B5     		push	{r3, r4, r5, lr}
 411              	.LCFI4:
 412              		.cfi_def_cfa_offset 16
 413              		.cfi_offset 3, -16
 414              		.cfi_offset 4, -12
 415              		.cfi_offset 5, -8
 416              		.cfi_offset 14, -4
 417 0002 0446     		mov	r4, r0
 395:Drivers/STM32F4xx_HAL_Driver/Src/stm32f4xx_hal.c ****   uint32_t tickstart = HAL_GetTick();
 418              		.loc 1 395 0
 419 0004 FFF7FEFF 		bl	HAL_GetTick
 420              	.LVL18:
 421 0008 0546     		mov	r5, r0
 422              	.LVL19:
 396:Drivers/STM32F4xx_HAL_Driver/Src/stm32f4xx_hal.c ****   uint32_t wait = Delay;
 397:Drivers/STM32F4xx_HAL_Driver/Src/stm32f4xx_hal.c **** 
 398:Drivers/STM32F4xx_HAL_Driver/Src/stm32f4xx_hal.c ****   /* Add a freq to guarantee minimum wait */
 399:Drivers/STM32F4xx_HAL_Driver/Src/stm32f4xx_hal.c ****   if (wait < HAL_MAX_DELAY)
 423              		.loc 1 399 0
 424 000a B4F1FF3F 		cmp	r4, #-1
 425 000e 02D0     		beq	.L39
 400:Drivers/STM32F4xx_HAL_Driver/Src/stm32f4xx_hal.c ****   {
 401:Drivers/STM32F4xx_HAL_Driver/Src/stm32f4xx_hal.c ****     wait += (uint32_t)(uwTickFreq);
 426              		.loc 1 401 0
 427 0010 044B     		ldr	r3, .L41
 428 0012 1B78     		ldrb	r3, [r3]	@ zero_extendqisi2
 429 0014 1C44     		add	r4, r4, r3
 430              	.LVL20:
 431              	.L39:
 402:Drivers/STM32F4xx_HAL_Driver/Src/stm32f4xx_hal.c ****   }
 403:Drivers/STM32F4xx_HAL_Driver/Src/stm32f4xx_hal.c **** 
 404:Drivers/STM32F4xx_HAL_Driver/Src/stm32f4xx_hal.c ****   while((HAL_GetTick() - tickstart) < wait)
 432              		.loc 1 404 0 discriminator 1
 433 0016 FFF7FEFF 		bl	HAL_GetTick
 434              	.LVL21:
 435 001a 401B     		subs	r0, r0, r5
 436 001c 8442     		cmp	r4, r0
 437 001e FAD8     		bhi	.L39
 405:Drivers/STM32F4xx_HAL_Driver/Src/stm32f4xx_hal.c ****   {
 406:Drivers/STM32F4xx_HAL_Driver/Src/stm32f4xx_hal.c ****   }
 407:Drivers/STM32F4xx_HAL_Driver/Src/stm32f4xx_hal.c **** }
 438              		.loc 1 407 0
 439 0020 38BD     		pop	{r3, r4, r5, pc}
 440              	.LVL22:
 441              	.L42:
 442 0022 00BF     		.align	2
ARM GAS  C:\Users\svcgu\AppData\Local\Temp\ccVf4H1C.s 			page 16


 443              	.L41:
 444 0024 00000000 		.word	.LANCHOR0
 445              		.cfi_endproc
 446              	.LFE134:
 448              		.section	.text.HAL_SuspendTick,"ax",%progbits
 449              		.align	1
 450              		.weak	HAL_SuspendTick
 451              		.syntax unified
 452              		.thumb
 453              		.thumb_func
 454              		.fpu fpv4-sp-d16
 456              	HAL_SuspendTick:
 457              	.LFB135:
 408:Drivers/STM32F4xx_HAL_Driver/Src/stm32f4xx_hal.c **** 
 409:Drivers/STM32F4xx_HAL_Driver/Src/stm32f4xx_hal.c **** /**
 410:Drivers/STM32F4xx_HAL_Driver/Src/stm32f4xx_hal.c ****   * @brief Suspend Tick increment.
 411:Drivers/STM32F4xx_HAL_Driver/Src/stm32f4xx_hal.c ****   * @note In the default implementation , SysTick timer is the source of time base. It is
 412:Drivers/STM32F4xx_HAL_Driver/Src/stm32f4xx_hal.c ****   *       used to generate interrupts at regular time intervals. Once HAL_SuspendTick()
 413:Drivers/STM32F4xx_HAL_Driver/Src/stm32f4xx_hal.c ****   *       is called, the SysTick interrupt will be disabled and so Tick increment 
 414:Drivers/STM32F4xx_HAL_Driver/Src/stm32f4xx_hal.c ****   *       is suspended.
 415:Drivers/STM32F4xx_HAL_Driver/Src/stm32f4xx_hal.c ****   * @note This function is declared as __weak to be overwritten in case of other
 416:Drivers/STM32F4xx_HAL_Driver/Src/stm32f4xx_hal.c ****   *       implementations in user file.
 417:Drivers/STM32F4xx_HAL_Driver/Src/stm32f4xx_hal.c ****   * @retval None
 418:Drivers/STM32F4xx_HAL_Driver/Src/stm32f4xx_hal.c ****   */
 419:Drivers/STM32F4xx_HAL_Driver/Src/stm32f4xx_hal.c **** __weak void HAL_SuspendTick(void)
 420:Drivers/STM32F4xx_HAL_Driver/Src/stm32f4xx_hal.c **** {
 458              		.loc 1 420 0
 459              		.cfi_startproc
 460              		@ args = 0, pretend = 0, frame = 0
 461              		@ frame_needed = 0, uses_anonymous_args = 0
 462              		@ link register save eliminated.
 421:Drivers/STM32F4xx_HAL_Driver/Src/stm32f4xx_hal.c ****   /* Disable SysTick Interrupt */
 422:Drivers/STM32F4xx_HAL_Driver/Src/stm32f4xx_hal.c ****   SysTick->CTRL &= ~SysTick_CTRL_TICKINT_Msk;
 463              		.loc 1 422 0
 464 0000 024A     		ldr	r2, .L44
 465 0002 1368     		ldr	r3, [r2]
 466 0004 23F00203 		bic	r3, r3, #2
 467 0008 1360     		str	r3, [r2]
 468 000a 7047     		bx	lr
 469              	.L45:
 470              		.align	2
 471              	.L44:
 472 000c 10E000E0 		.word	-536813552
 473              		.cfi_endproc
 474              	.LFE135:
 476              		.section	.text.HAL_ResumeTick,"ax",%progbits
 477              		.align	1
 478              		.weak	HAL_ResumeTick
 479              		.syntax unified
 480              		.thumb
 481              		.thumb_func
 482              		.fpu fpv4-sp-d16
 484              	HAL_ResumeTick:
 485              	.LFB136:
 423:Drivers/STM32F4xx_HAL_Driver/Src/stm32f4xx_hal.c **** }
 424:Drivers/STM32F4xx_HAL_Driver/Src/stm32f4xx_hal.c **** 
 425:Drivers/STM32F4xx_HAL_Driver/Src/stm32f4xx_hal.c **** /**
ARM GAS  C:\Users\svcgu\AppData\Local\Temp\ccVf4H1C.s 			page 17


 426:Drivers/STM32F4xx_HAL_Driver/Src/stm32f4xx_hal.c ****   * @brief Resume Tick increment.
 427:Drivers/STM32F4xx_HAL_Driver/Src/stm32f4xx_hal.c ****   * @note In the default implementation , SysTick timer is the source of time base. It is
 428:Drivers/STM32F4xx_HAL_Driver/Src/stm32f4xx_hal.c ****   *       used to generate interrupts at regular time intervals. Once HAL_ResumeTick()
 429:Drivers/STM32F4xx_HAL_Driver/Src/stm32f4xx_hal.c ****   *       is called, the SysTick interrupt will be enabled and so Tick increment 
 430:Drivers/STM32F4xx_HAL_Driver/Src/stm32f4xx_hal.c ****   *       is resumed.
 431:Drivers/STM32F4xx_HAL_Driver/Src/stm32f4xx_hal.c ****   * @note This function is declared as __weak to be overwritten in case of other
 432:Drivers/STM32F4xx_HAL_Driver/Src/stm32f4xx_hal.c ****   *       implementations in user file.
 433:Drivers/STM32F4xx_HAL_Driver/Src/stm32f4xx_hal.c ****   * @retval None
 434:Drivers/STM32F4xx_HAL_Driver/Src/stm32f4xx_hal.c ****   */
 435:Drivers/STM32F4xx_HAL_Driver/Src/stm32f4xx_hal.c **** __weak void HAL_ResumeTick(void)
 436:Drivers/STM32F4xx_HAL_Driver/Src/stm32f4xx_hal.c **** {
 486              		.loc 1 436 0
 487              		.cfi_startproc
 488              		@ args = 0, pretend = 0, frame = 0
 489              		@ frame_needed = 0, uses_anonymous_args = 0
 490              		@ link register save eliminated.
 437:Drivers/STM32F4xx_HAL_Driver/Src/stm32f4xx_hal.c ****   /* Enable SysTick Interrupt */
 438:Drivers/STM32F4xx_HAL_Driver/Src/stm32f4xx_hal.c ****   SysTick->CTRL  |= SysTick_CTRL_TICKINT_Msk;
 491              		.loc 1 438 0
 492 0000 024A     		ldr	r2, .L47
 493 0002 1368     		ldr	r3, [r2]
 494 0004 43F00203 		orr	r3, r3, #2
 495 0008 1360     		str	r3, [r2]
 496 000a 7047     		bx	lr
 497              	.L48:
 498              		.align	2
 499              	.L47:
 500 000c 10E000E0 		.word	-536813552
 501              		.cfi_endproc
 502              	.LFE136:
 504              		.section	.text.HAL_GetHalVersion,"ax",%progbits
 505              		.align	1
 506              		.global	HAL_GetHalVersion
 507              		.syntax unified
 508              		.thumb
 509              		.thumb_func
 510              		.fpu fpv4-sp-d16
 512              	HAL_GetHalVersion:
 513              	.LFB137:
 439:Drivers/STM32F4xx_HAL_Driver/Src/stm32f4xx_hal.c **** }
 440:Drivers/STM32F4xx_HAL_Driver/Src/stm32f4xx_hal.c **** 
 441:Drivers/STM32F4xx_HAL_Driver/Src/stm32f4xx_hal.c **** /**
 442:Drivers/STM32F4xx_HAL_Driver/Src/stm32f4xx_hal.c ****   * @brief  Returns the HAL revision
 443:Drivers/STM32F4xx_HAL_Driver/Src/stm32f4xx_hal.c ****   * @retval version : 0xXYZR (8bits for each decimal, R for RC)
 444:Drivers/STM32F4xx_HAL_Driver/Src/stm32f4xx_hal.c ****   */
 445:Drivers/STM32F4xx_HAL_Driver/Src/stm32f4xx_hal.c **** uint32_t HAL_GetHalVersion(void)
 446:Drivers/STM32F4xx_HAL_Driver/Src/stm32f4xx_hal.c **** {
 514              		.loc 1 446 0
 515              		.cfi_startproc
 516              		@ args = 0, pretend = 0, frame = 0
 517              		@ frame_needed = 0, uses_anonymous_args = 0
 518              		@ link register save eliminated.
 447:Drivers/STM32F4xx_HAL_Driver/Src/stm32f4xx_hal.c ****   return __STM32F4xx_HAL_VERSION;
 448:Drivers/STM32F4xx_HAL_Driver/Src/stm32f4xx_hal.c **** }
 519              		.loc 1 448 0
 520 0000 0048     		ldr	r0, .L50
 521 0002 7047     		bx	lr
ARM GAS  C:\Users\svcgu\AppData\Local\Temp\ccVf4H1C.s 			page 18


 522              	.L51:
 523              		.align	2
 524              	.L50:
 525 0004 00030701 		.word	17236736
 526              		.cfi_endproc
 527              	.LFE137:
 529              		.section	.text.HAL_GetREVID,"ax",%progbits
 530              		.align	1
 531              		.global	HAL_GetREVID
 532              		.syntax unified
 533              		.thumb
 534              		.thumb_func
 535              		.fpu fpv4-sp-d16
 537              	HAL_GetREVID:
 538              	.LFB138:
 449:Drivers/STM32F4xx_HAL_Driver/Src/stm32f4xx_hal.c **** 
 450:Drivers/STM32F4xx_HAL_Driver/Src/stm32f4xx_hal.c **** /**
 451:Drivers/STM32F4xx_HAL_Driver/Src/stm32f4xx_hal.c ****   * @brief  Returns the device revision identifier.
 452:Drivers/STM32F4xx_HAL_Driver/Src/stm32f4xx_hal.c ****   * @retval Device revision identifier
 453:Drivers/STM32F4xx_HAL_Driver/Src/stm32f4xx_hal.c ****   */
 454:Drivers/STM32F4xx_HAL_Driver/Src/stm32f4xx_hal.c **** uint32_t HAL_GetREVID(void)
 455:Drivers/STM32F4xx_HAL_Driver/Src/stm32f4xx_hal.c **** {
 539              		.loc 1 455 0
 540              		.cfi_startproc
 541              		@ args = 0, pretend = 0, frame = 0
 542              		@ frame_needed = 0, uses_anonymous_args = 0
 543              		@ link register save eliminated.
 456:Drivers/STM32F4xx_HAL_Driver/Src/stm32f4xx_hal.c ****   return((DBGMCU->IDCODE) >> 16U);
 544              		.loc 1 456 0
 545 0000 014B     		ldr	r3, .L53
 546 0002 1868     		ldr	r0, [r3]
 457:Drivers/STM32F4xx_HAL_Driver/Src/stm32f4xx_hal.c **** }
 547              		.loc 1 457 0
 548 0004 000C     		lsrs	r0, r0, #16
 549 0006 7047     		bx	lr
 550              	.L54:
 551              		.align	2
 552              	.L53:
 553 0008 002004E0 		.word	-536600576
 554              		.cfi_endproc
 555              	.LFE138:
 557              		.section	.text.HAL_GetDEVID,"ax",%progbits
 558              		.align	1
 559              		.global	HAL_GetDEVID
 560              		.syntax unified
 561              		.thumb
 562              		.thumb_func
 563              		.fpu fpv4-sp-d16
 565              	HAL_GetDEVID:
 566              	.LFB139:
 458:Drivers/STM32F4xx_HAL_Driver/Src/stm32f4xx_hal.c **** 
 459:Drivers/STM32F4xx_HAL_Driver/Src/stm32f4xx_hal.c **** /**
 460:Drivers/STM32F4xx_HAL_Driver/Src/stm32f4xx_hal.c ****   * @brief  Returns the device identifier.
 461:Drivers/STM32F4xx_HAL_Driver/Src/stm32f4xx_hal.c ****   * @retval Device identifier
 462:Drivers/STM32F4xx_HAL_Driver/Src/stm32f4xx_hal.c ****   */
 463:Drivers/STM32F4xx_HAL_Driver/Src/stm32f4xx_hal.c **** uint32_t HAL_GetDEVID(void)
 464:Drivers/STM32F4xx_HAL_Driver/Src/stm32f4xx_hal.c **** {
ARM GAS  C:\Users\svcgu\AppData\Local\Temp\ccVf4H1C.s 			page 19


 567              		.loc 1 464 0
 568              		.cfi_startproc
 569              		@ args = 0, pretend = 0, frame = 0
 570              		@ frame_needed = 0, uses_anonymous_args = 0
 571              		@ link register save eliminated.
 465:Drivers/STM32F4xx_HAL_Driver/Src/stm32f4xx_hal.c ****   return((DBGMCU->IDCODE) & IDCODE_DEVID_MASK);
 572              		.loc 1 465 0
 573 0000 024B     		ldr	r3, .L56
 574 0002 1868     		ldr	r0, [r3]
 466:Drivers/STM32F4xx_HAL_Driver/Src/stm32f4xx_hal.c **** }
 575              		.loc 1 466 0
 576 0004 C0F30B00 		ubfx	r0, r0, #0, #12
 577 0008 7047     		bx	lr
 578              	.L57:
 579 000a 00BF     		.align	2
 580              	.L56:
 581 000c 002004E0 		.word	-536600576
 582              		.cfi_endproc
 583              	.LFE139:
 585              		.section	.text.HAL_DBGMCU_EnableDBGSleepMode,"ax",%progbits
 586              		.align	1
 587              		.global	HAL_DBGMCU_EnableDBGSleepMode
 588              		.syntax unified
 589              		.thumb
 590              		.thumb_func
 591              		.fpu fpv4-sp-d16
 593              	HAL_DBGMCU_EnableDBGSleepMode:
 594              	.LFB140:
 467:Drivers/STM32F4xx_HAL_Driver/Src/stm32f4xx_hal.c **** 
 468:Drivers/STM32F4xx_HAL_Driver/Src/stm32f4xx_hal.c **** /**
 469:Drivers/STM32F4xx_HAL_Driver/Src/stm32f4xx_hal.c ****   * @brief  Enable the Debug Module during SLEEP mode
 470:Drivers/STM32F4xx_HAL_Driver/Src/stm32f4xx_hal.c ****   * @retval None
 471:Drivers/STM32F4xx_HAL_Driver/Src/stm32f4xx_hal.c ****   */
 472:Drivers/STM32F4xx_HAL_Driver/Src/stm32f4xx_hal.c **** void HAL_DBGMCU_EnableDBGSleepMode(void)
 473:Drivers/STM32F4xx_HAL_Driver/Src/stm32f4xx_hal.c **** {
 595              		.loc 1 473 0
 596              		.cfi_startproc
 597              		@ args = 0, pretend = 0, frame = 0
 598              		@ frame_needed = 0, uses_anonymous_args = 0
 599              		@ link register save eliminated.
 474:Drivers/STM32F4xx_HAL_Driver/Src/stm32f4xx_hal.c ****   SET_BIT(DBGMCU->CR, DBGMCU_CR_DBG_SLEEP);
 600              		.loc 1 474 0
 601 0000 024A     		ldr	r2, .L59
 602 0002 5368     		ldr	r3, [r2, #4]
 603 0004 43F00103 		orr	r3, r3, #1
 604 0008 5360     		str	r3, [r2, #4]
 605 000a 7047     		bx	lr
 606              	.L60:
 607              		.align	2
 608              	.L59:
 609 000c 002004E0 		.word	-536600576
 610              		.cfi_endproc
 611              	.LFE140:
 613              		.section	.text.HAL_DBGMCU_DisableDBGSleepMode,"ax",%progbits
 614              		.align	1
 615              		.global	HAL_DBGMCU_DisableDBGSleepMode
 616              		.syntax unified
ARM GAS  C:\Users\svcgu\AppData\Local\Temp\ccVf4H1C.s 			page 20


 617              		.thumb
 618              		.thumb_func
 619              		.fpu fpv4-sp-d16
 621              	HAL_DBGMCU_DisableDBGSleepMode:
 622              	.LFB141:
 475:Drivers/STM32F4xx_HAL_Driver/Src/stm32f4xx_hal.c **** }
 476:Drivers/STM32F4xx_HAL_Driver/Src/stm32f4xx_hal.c **** 
 477:Drivers/STM32F4xx_HAL_Driver/Src/stm32f4xx_hal.c **** /**
 478:Drivers/STM32F4xx_HAL_Driver/Src/stm32f4xx_hal.c ****   * @brief  Disable the Debug Module during SLEEP mode
 479:Drivers/STM32F4xx_HAL_Driver/Src/stm32f4xx_hal.c ****   * @retval None
 480:Drivers/STM32F4xx_HAL_Driver/Src/stm32f4xx_hal.c ****   */
 481:Drivers/STM32F4xx_HAL_Driver/Src/stm32f4xx_hal.c **** void HAL_DBGMCU_DisableDBGSleepMode(void)
 482:Drivers/STM32F4xx_HAL_Driver/Src/stm32f4xx_hal.c **** {
 623              		.loc 1 482 0
 624              		.cfi_startproc
 625              		@ args = 0, pretend = 0, frame = 0
 626              		@ frame_needed = 0, uses_anonymous_args = 0
 627              		@ link register save eliminated.
 483:Drivers/STM32F4xx_HAL_Driver/Src/stm32f4xx_hal.c ****   CLEAR_BIT(DBGMCU->CR, DBGMCU_CR_DBG_SLEEP);
 628              		.loc 1 483 0
 629 0000 024A     		ldr	r2, .L62
 630 0002 5368     		ldr	r3, [r2, #4]
 631 0004 23F00103 		bic	r3, r3, #1
 632 0008 5360     		str	r3, [r2, #4]
 633 000a 7047     		bx	lr
 634              	.L63:
 635              		.align	2
 636              	.L62:
 637 000c 002004E0 		.word	-536600576
 638              		.cfi_endproc
 639              	.LFE141:
 641              		.section	.text.HAL_DBGMCU_EnableDBGStopMode,"ax",%progbits
 642              		.align	1
 643              		.global	HAL_DBGMCU_EnableDBGStopMode
 644              		.syntax unified
 645              		.thumb
 646              		.thumb_func
 647              		.fpu fpv4-sp-d16
 649              	HAL_DBGMCU_EnableDBGStopMode:
 650              	.LFB142:
 484:Drivers/STM32F4xx_HAL_Driver/Src/stm32f4xx_hal.c **** }
 485:Drivers/STM32F4xx_HAL_Driver/Src/stm32f4xx_hal.c **** 
 486:Drivers/STM32F4xx_HAL_Driver/Src/stm32f4xx_hal.c **** /**
 487:Drivers/STM32F4xx_HAL_Driver/Src/stm32f4xx_hal.c ****   * @brief  Enable the Debug Module during STOP mode
 488:Drivers/STM32F4xx_HAL_Driver/Src/stm32f4xx_hal.c ****   * @retval None
 489:Drivers/STM32F4xx_HAL_Driver/Src/stm32f4xx_hal.c ****   */
 490:Drivers/STM32F4xx_HAL_Driver/Src/stm32f4xx_hal.c **** void HAL_DBGMCU_EnableDBGStopMode(void)
 491:Drivers/STM32F4xx_HAL_Driver/Src/stm32f4xx_hal.c **** {
 651              		.loc 1 491 0
 652              		.cfi_startproc
 653              		@ args = 0, pretend = 0, frame = 0
 654              		@ frame_needed = 0, uses_anonymous_args = 0
 655              		@ link register save eliminated.
 492:Drivers/STM32F4xx_HAL_Driver/Src/stm32f4xx_hal.c ****   SET_BIT(DBGMCU->CR, DBGMCU_CR_DBG_STOP);
 656              		.loc 1 492 0
 657 0000 024A     		ldr	r2, .L65
 658 0002 5368     		ldr	r3, [r2, #4]
ARM GAS  C:\Users\svcgu\AppData\Local\Temp\ccVf4H1C.s 			page 21


 659 0004 43F00203 		orr	r3, r3, #2
 660 0008 5360     		str	r3, [r2, #4]
 661 000a 7047     		bx	lr
 662              	.L66:
 663              		.align	2
 664              	.L65:
 665 000c 002004E0 		.word	-536600576
 666              		.cfi_endproc
 667              	.LFE142:
 669              		.section	.text.HAL_DBGMCU_DisableDBGStopMode,"ax",%progbits
 670              		.align	1
 671              		.global	HAL_DBGMCU_DisableDBGStopMode
 672              		.syntax unified
 673              		.thumb
 674              		.thumb_func
 675              		.fpu fpv4-sp-d16
 677              	HAL_DBGMCU_DisableDBGStopMode:
 678              	.LFB143:
 493:Drivers/STM32F4xx_HAL_Driver/Src/stm32f4xx_hal.c **** }
 494:Drivers/STM32F4xx_HAL_Driver/Src/stm32f4xx_hal.c **** 
 495:Drivers/STM32F4xx_HAL_Driver/Src/stm32f4xx_hal.c **** /**
 496:Drivers/STM32F4xx_HAL_Driver/Src/stm32f4xx_hal.c ****   * @brief  Disable the Debug Module during STOP mode
 497:Drivers/STM32F4xx_HAL_Driver/Src/stm32f4xx_hal.c ****   * @retval None
 498:Drivers/STM32F4xx_HAL_Driver/Src/stm32f4xx_hal.c ****   */
 499:Drivers/STM32F4xx_HAL_Driver/Src/stm32f4xx_hal.c **** void HAL_DBGMCU_DisableDBGStopMode(void)
 500:Drivers/STM32F4xx_HAL_Driver/Src/stm32f4xx_hal.c **** {
 679              		.loc 1 500 0
 680              		.cfi_startproc
 681              		@ args = 0, pretend = 0, frame = 0
 682              		@ frame_needed = 0, uses_anonymous_args = 0
 683              		@ link register save eliminated.
 501:Drivers/STM32F4xx_HAL_Driver/Src/stm32f4xx_hal.c ****   CLEAR_BIT(DBGMCU->CR, DBGMCU_CR_DBG_STOP);
 684              		.loc 1 501 0
 685 0000 024A     		ldr	r2, .L68
 686 0002 5368     		ldr	r3, [r2, #4]
 687 0004 23F00203 		bic	r3, r3, #2
 688 0008 5360     		str	r3, [r2, #4]
 689 000a 7047     		bx	lr
 690              	.L69:
 691              		.align	2
 692              	.L68:
 693 000c 002004E0 		.word	-536600576
 694              		.cfi_endproc
 695              	.LFE143:
 697              		.section	.text.HAL_DBGMCU_EnableDBGStandbyMode,"ax",%progbits
 698              		.align	1
 699              		.global	HAL_DBGMCU_EnableDBGStandbyMode
 700              		.syntax unified
 701              		.thumb
 702              		.thumb_func
 703              		.fpu fpv4-sp-d16
 705              	HAL_DBGMCU_EnableDBGStandbyMode:
 706              	.LFB144:
 502:Drivers/STM32F4xx_HAL_Driver/Src/stm32f4xx_hal.c **** }
 503:Drivers/STM32F4xx_HAL_Driver/Src/stm32f4xx_hal.c **** 
 504:Drivers/STM32F4xx_HAL_Driver/Src/stm32f4xx_hal.c **** /**
 505:Drivers/STM32F4xx_HAL_Driver/Src/stm32f4xx_hal.c ****   * @brief  Enable the Debug Module during STANDBY mode
ARM GAS  C:\Users\svcgu\AppData\Local\Temp\ccVf4H1C.s 			page 22


 506:Drivers/STM32F4xx_HAL_Driver/Src/stm32f4xx_hal.c ****   * @retval None
 507:Drivers/STM32F4xx_HAL_Driver/Src/stm32f4xx_hal.c ****   */
 508:Drivers/STM32F4xx_HAL_Driver/Src/stm32f4xx_hal.c **** void HAL_DBGMCU_EnableDBGStandbyMode(void)
 509:Drivers/STM32F4xx_HAL_Driver/Src/stm32f4xx_hal.c **** {
 707              		.loc 1 509 0
 708              		.cfi_startproc
 709              		@ args = 0, pretend = 0, frame = 0
 710              		@ frame_needed = 0, uses_anonymous_args = 0
 711              		@ link register save eliminated.
 510:Drivers/STM32F4xx_HAL_Driver/Src/stm32f4xx_hal.c ****   SET_BIT(DBGMCU->CR, DBGMCU_CR_DBG_STANDBY);
 712              		.loc 1 510 0
 713 0000 024A     		ldr	r2, .L71
 714 0002 5368     		ldr	r3, [r2, #4]
 715 0004 43F00403 		orr	r3, r3, #4
 716 0008 5360     		str	r3, [r2, #4]
 717 000a 7047     		bx	lr
 718              	.L72:
 719              		.align	2
 720              	.L71:
 721 000c 002004E0 		.word	-536600576
 722              		.cfi_endproc
 723              	.LFE144:
 725              		.section	.text.HAL_DBGMCU_DisableDBGStandbyMode,"ax",%progbits
 726              		.align	1
 727              		.global	HAL_DBGMCU_DisableDBGStandbyMode
 728              		.syntax unified
 729              		.thumb
 730              		.thumb_func
 731              		.fpu fpv4-sp-d16
 733              	HAL_DBGMCU_DisableDBGStandbyMode:
 734              	.LFB145:
 511:Drivers/STM32F4xx_HAL_Driver/Src/stm32f4xx_hal.c **** }
 512:Drivers/STM32F4xx_HAL_Driver/Src/stm32f4xx_hal.c **** 
 513:Drivers/STM32F4xx_HAL_Driver/Src/stm32f4xx_hal.c **** /**
 514:Drivers/STM32F4xx_HAL_Driver/Src/stm32f4xx_hal.c ****   * @brief  Disable the Debug Module during STANDBY mode
 515:Drivers/STM32F4xx_HAL_Driver/Src/stm32f4xx_hal.c ****   * @retval None
 516:Drivers/STM32F4xx_HAL_Driver/Src/stm32f4xx_hal.c ****   */
 517:Drivers/STM32F4xx_HAL_Driver/Src/stm32f4xx_hal.c **** void HAL_DBGMCU_DisableDBGStandbyMode(void)
 518:Drivers/STM32F4xx_HAL_Driver/Src/stm32f4xx_hal.c **** {
 735              		.loc 1 518 0
 736              		.cfi_startproc
 737              		@ args = 0, pretend = 0, frame = 0
 738              		@ frame_needed = 0, uses_anonymous_args = 0
 739              		@ link register save eliminated.
 519:Drivers/STM32F4xx_HAL_Driver/Src/stm32f4xx_hal.c ****   CLEAR_BIT(DBGMCU->CR, DBGMCU_CR_DBG_STANDBY);
 740              		.loc 1 519 0
 741 0000 024A     		ldr	r2, .L74
 742 0002 5368     		ldr	r3, [r2, #4]
 743 0004 23F00403 		bic	r3, r3, #4
 744 0008 5360     		str	r3, [r2, #4]
 745 000a 7047     		bx	lr
 746              	.L75:
 747              		.align	2
 748              	.L74:
 749 000c 002004E0 		.word	-536600576
 750              		.cfi_endproc
 751              	.LFE145:
ARM GAS  C:\Users\svcgu\AppData\Local\Temp\ccVf4H1C.s 			page 23


 753              		.section	.text.HAL_EnableCompensationCell,"ax",%progbits
 754              		.align	1
 755              		.global	HAL_EnableCompensationCell
 756              		.syntax unified
 757              		.thumb
 758              		.thumb_func
 759              		.fpu fpv4-sp-d16
 761              	HAL_EnableCompensationCell:
 762              	.LFB146:
 520:Drivers/STM32F4xx_HAL_Driver/Src/stm32f4xx_hal.c **** }
 521:Drivers/STM32F4xx_HAL_Driver/Src/stm32f4xx_hal.c **** 
 522:Drivers/STM32F4xx_HAL_Driver/Src/stm32f4xx_hal.c **** /**
 523:Drivers/STM32F4xx_HAL_Driver/Src/stm32f4xx_hal.c ****   * @brief  Enables the I/O Compensation Cell.
 524:Drivers/STM32F4xx_HAL_Driver/Src/stm32f4xx_hal.c ****   * @note   The I/O compensation cell can be used only when the device supply
 525:Drivers/STM32F4xx_HAL_Driver/Src/stm32f4xx_hal.c ****   *         voltage ranges from 2.4 to 3.6 V.  
 526:Drivers/STM32F4xx_HAL_Driver/Src/stm32f4xx_hal.c ****   * @retval None
 527:Drivers/STM32F4xx_HAL_Driver/Src/stm32f4xx_hal.c ****   */
 528:Drivers/STM32F4xx_HAL_Driver/Src/stm32f4xx_hal.c **** void HAL_EnableCompensationCell(void)
 529:Drivers/STM32F4xx_HAL_Driver/Src/stm32f4xx_hal.c **** {
 763              		.loc 1 529 0
 764              		.cfi_startproc
 765              		@ args = 0, pretend = 0, frame = 0
 766              		@ frame_needed = 0, uses_anonymous_args = 0
 767              		@ link register save eliminated.
 530:Drivers/STM32F4xx_HAL_Driver/Src/stm32f4xx_hal.c ****   *(__IO uint32_t *)CMPCR_CMP_PD_BB = (uint32_t)ENABLE;
 768              		.loc 1 530 0
 769 0000 0122     		movs	r2, #1
 770 0002 014B     		ldr	r3, .L77
 771 0004 1A60     		str	r2, [r3]
 772 0006 7047     		bx	lr
 773              	.L78:
 774              		.align	2
 775              	.L77:
 776 0008 00042742 		.word	1109853184
 777              		.cfi_endproc
 778              	.LFE146:
 780              		.section	.text.HAL_DisableCompensationCell,"ax",%progbits
 781              		.align	1
 782              		.global	HAL_DisableCompensationCell
 783              		.syntax unified
 784              		.thumb
 785              		.thumb_func
 786              		.fpu fpv4-sp-d16
 788              	HAL_DisableCompensationCell:
 789              	.LFB147:
 531:Drivers/STM32F4xx_HAL_Driver/Src/stm32f4xx_hal.c **** }
 532:Drivers/STM32F4xx_HAL_Driver/Src/stm32f4xx_hal.c **** 
 533:Drivers/STM32F4xx_HAL_Driver/Src/stm32f4xx_hal.c **** /**
 534:Drivers/STM32F4xx_HAL_Driver/Src/stm32f4xx_hal.c ****   * @brief  Power-down the I/O Compensation Cell.
 535:Drivers/STM32F4xx_HAL_Driver/Src/stm32f4xx_hal.c ****   * @note   The I/O compensation cell can be used only when the device supply
 536:Drivers/STM32F4xx_HAL_Driver/Src/stm32f4xx_hal.c ****   *         voltage ranges from 2.4 to 3.6 V.  
 537:Drivers/STM32F4xx_HAL_Driver/Src/stm32f4xx_hal.c ****   * @retval None
 538:Drivers/STM32F4xx_HAL_Driver/Src/stm32f4xx_hal.c ****   */
 539:Drivers/STM32F4xx_HAL_Driver/Src/stm32f4xx_hal.c **** void HAL_DisableCompensationCell(void)
 540:Drivers/STM32F4xx_HAL_Driver/Src/stm32f4xx_hal.c **** {
 790              		.loc 1 540 0
 791              		.cfi_startproc
ARM GAS  C:\Users\svcgu\AppData\Local\Temp\ccVf4H1C.s 			page 24


 792              		@ args = 0, pretend = 0, frame = 0
 793              		@ frame_needed = 0, uses_anonymous_args = 0
 794              		@ link register save eliminated.
 541:Drivers/STM32F4xx_HAL_Driver/Src/stm32f4xx_hal.c ****   *(__IO uint32_t *)CMPCR_CMP_PD_BB = (uint32_t)DISABLE;
 795              		.loc 1 541 0
 796 0000 0022     		movs	r2, #0
 797 0002 014B     		ldr	r3, .L80
 798 0004 1A60     		str	r2, [r3]
 799 0006 7047     		bx	lr
 800              	.L81:
 801              		.align	2
 802              	.L80:
 803 0008 00042742 		.word	1109853184
 804              		.cfi_endproc
 805              	.LFE147:
 807              		.section	.text.HAL_GetUID,"ax",%progbits
 808              		.align	1
 809              		.global	HAL_GetUID
 810              		.syntax unified
 811              		.thumb
 812              		.thumb_func
 813              		.fpu fpv4-sp-d16
 815              	HAL_GetUID:
 816              	.LFB148:
 542:Drivers/STM32F4xx_HAL_Driver/Src/stm32f4xx_hal.c **** }
 543:Drivers/STM32F4xx_HAL_Driver/Src/stm32f4xx_hal.c **** 
 544:Drivers/STM32F4xx_HAL_Driver/Src/stm32f4xx_hal.c **** /**
 545:Drivers/STM32F4xx_HAL_Driver/Src/stm32f4xx_hal.c ****   * @brief Return the unique device identifier (UID based on 96 bits)
 546:Drivers/STM32F4xx_HAL_Driver/Src/stm32f4xx_hal.c ****   * @param UID pointer to 3 words array.
 547:Drivers/STM32F4xx_HAL_Driver/Src/stm32f4xx_hal.c ****   * @retval Device identifier
 548:Drivers/STM32F4xx_HAL_Driver/Src/stm32f4xx_hal.c ****   */
 549:Drivers/STM32F4xx_HAL_Driver/Src/stm32f4xx_hal.c **** void HAL_GetUID(uint32_t *UID)
 550:Drivers/STM32F4xx_HAL_Driver/Src/stm32f4xx_hal.c **** {
 817              		.loc 1 550 0
 818              		.cfi_startproc
 819              		@ args = 0, pretend = 0, frame = 0
 820              		@ frame_needed = 0, uses_anonymous_args = 0
 821              		@ link register save eliminated.
 822              	.LVL23:
 551:Drivers/STM32F4xx_HAL_Driver/Src/stm32f4xx_hal.c ****   UID[0] = (uint32_t)(READ_REG(*((uint32_t *)UID_BASE)));
 823              		.loc 1 551 0
 824 0000 044B     		ldr	r3, .L83
 825 0002 1B68     		ldr	r3, [r3]
 826 0004 0360     		str	r3, [r0]
 552:Drivers/STM32F4xx_HAL_Driver/Src/stm32f4xx_hal.c ****   UID[1] = (uint32_t)(READ_REG(*((uint32_t *)(UID_BASE + 4U))));
 827              		.loc 1 552 0
 828 0006 044B     		ldr	r3, .L83+4
 829 0008 1B68     		ldr	r3, [r3]
 830 000a 4360     		str	r3, [r0, #4]
 553:Drivers/STM32F4xx_HAL_Driver/Src/stm32f4xx_hal.c ****   UID[2] = (uint32_t)(READ_REG(*((uint32_t *)(UID_BASE + 8U))));
 831              		.loc 1 553 0
 832 000c 034B     		ldr	r3, .L83+8
 833 000e 1B68     		ldr	r3, [r3]
 834 0010 8360     		str	r3, [r0, #8]
 835 0012 7047     		bx	lr
 836              	.L84:
 837              		.align	2
ARM GAS  C:\Users\svcgu\AppData\Local\Temp\ccVf4H1C.s 			page 25


 838              	.L83:
 839 0014 107AFF1F 		.word	536836624
 840 0018 147AFF1F 		.word	536836628
 841 001c 187AFF1F 		.word	536836632
 842              		.cfi_endproc
 843              	.LFE148:
 845              		.global	uwTickFreq
 846              		.global	uwTickPrio
 847              		.comm	uwTick,4,4
 848              		.section	.data.uwTickFreq,"aw",%progbits
 849              		.set	.LANCHOR0,. + 0
 852              	uwTickFreq:
 853 0000 01       		.byte	1
 854              		.section	.data.uwTickPrio,"aw",%progbits
 855              		.align	2
 856              		.set	.LANCHOR1,. + 0
 859              	uwTickPrio:
 860 0000 10000000 		.word	16
 861              		.text
 862              	.Letext0:
 863              		.file 2 "c:\\program files (x86)\\gnu tools arm embedded\\6 2017-q2-update\\arm-none-eabi\\include
 864              		.file 3 "c:\\program files (x86)\\gnu tools arm embedded\\6 2017-q2-update\\arm-none-eabi\\include
 865              		.file 4 "Drivers/CMSIS/Include/core_cm4.h"
 866              		.file 5 "Drivers/CMSIS/Device/ST/STM32F4xx/Include/system_stm32f4xx.h"
 867              		.file 6 "Drivers/CMSIS/Device/ST/STM32F4xx/Include/stm32f407xx.h"
 868              		.file 7 "Drivers/CMSIS/Device/ST/STM32F4xx/Include/stm32f4xx.h"
 869              		.file 8 "c:\\program files (x86)\\gnu tools arm embedded\\6 2017-q2-update\\arm-none-eabi\\include
 870              		.file 9 "c:\\program files (x86)\\gnu tools arm embedded\\6 2017-q2-update\\arm-none-eabi\\include
 871              		.file 10 "c:\\program files (x86)\\gnu tools arm embedded\\6 2017-q2-update\\lib\\gcc\\arm-none-ea
 872              		.file 11 "c:\\program files (x86)\\gnu tools arm embedded\\6 2017-q2-update\\arm-none-eabi\\includ
 873              		.file 12 "Drivers/STM32F4xx_HAL_Driver/Inc/stm32f4xx_hal_def.h"
 874              		.file 13 "Drivers/STM32F4xx_HAL_Driver/Inc/stm32f4xx_hal.h"
 875              		.file 14 "Drivers/STM32F4xx_HAL_Driver/Inc/stm32f4xx_hal_cortex.h"
ARM GAS  C:\Users\svcgu\AppData\Local\Temp\ccVf4H1C.s 			page 26


DEFINED SYMBOLS
                            *ABS*:00000000 stm32f4xx_hal.c
C:\Users\svcgu\AppData\Local\Temp\ccVf4H1C.s:18     .text.HAL_MspInit:00000000 $t
C:\Users\svcgu\AppData\Local\Temp\ccVf4H1C.s:25     .text.HAL_MspInit:00000000 HAL_MspInit
C:\Users\svcgu\AppData\Local\Temp\ccVf4H1C.s:38     .text.HAL_MspDeInit:00000000 $t
C:\Users\svcgu\AppData\Local\Temp\ccVf4H1C.s:45     .text.HAL_MspDeInit:00000000 HAL_MspDeInit
C:\Users\svcgu\AppData\Local\Temp\ccVf4H1C.s:57     .text.HAL_DeInit:00000000 $t
C:\Users\svcgu\AppData\Local\Temp\ccVf4H1C.s:64     .text.HAL_DeInit:00000000 HAL_DeInit
C:\Users\svcgu\AppData\Local\Temp\ccVf4H1C.s:108    .text.HAL_DeInit:00000028 $d
C:\Users\svcgu\AppData\Local\Temp\ccVf4H1C.s:113    .text.HAL_InitTick:00000000 $t
C:\Users\svcgu\AppData\Local\Temp\ccVf4H1C.s:120    .text.HAL_InitTick:00000000 HAL_InitTick
C:\Users\svcgu\AppData\Local\Temp\ccVf4H1C.s:175    .text.HAL_InitTick:00000040 $d
C:\Users\svcgu\AppData\Local\Temp\ccVf4H1C.s:182    .text.HAL_Init:00000000 $t
C:\Users\svcgu\AppData\Local\Temp\ccVf4H1C.s:189    .text.HAL_Init:00000000 HAL_Init
C:\Users\svcgu\AppData\Local\Temp\ccVf4H1C.s:230    .text.HAL_Init:00000030 $d
C:\Users\svcgu\AppData\Local\Temp\ccVf4H1C.s:235    .text.HAL_IncTick:00000000 $t
C:\Users\svcgu\AppData\Local\Temp\ccVf4H1C.s:242    .text.HAL_IncTick:00000000 HAL_IncTick
C:\Users\svcgu\AppData\Local\Temp\ccVf4H1C.s:260    .text.HAL_IncTick:00000010 $d
                            *COM*:00000004 uwTick
C:\Users\svcgu\AppData\Local\Temp\ccVf4H1C.s:266    .text.HAL_GetTick:00000000 $t
C:\Users\svcgu\AppData\Local\Temp\ccVf4H1C.s:273    .text.HAL_GetTick:00000000 HAL_GetTick
C:\Users\svcgu\AppData\Local\Temp\ccVf4H1C.s:288    .text.HAL_GetTick:00000008 $d
C:\Users\svcgu\AppData\Local\Temp\ccVf4H1C.s:293    .text.HAL_GetTickPrio:00000000 $t
C:\Users\svcgu\AppData\Local\Temp\ccVf4H1C.s:300    .text.HAL_GetTickPrio:00000000 HAL_GetTickPrio
C:\Users\svcgu\AppData\Local\Temp\ccVf4H1C.s:314    .text.HAL_GetTickPrio:00000008 $d
C:\Users\svcgu\AppData\Local\Temp\ccVf4H1C.s:319    .text.HAL_SetTickFreq:00000000 $t
C:\Users\svcgu\AppData\Local\Temp\ccVf4H1C.s:326    .text.HAL_SetTickFreq:00000000 HAL_SetTickFreq
C:\Users\svcgu\AppData\Local\Temp\ccVf4H1C.s:364    .text.HAL_SetTickFreq:0000001c $d
C:\Users\svcgu\AppData\Local\Temp\ccVf4H1C.s:370    .text.HAL_GetTickFreq:00000000 $t
C:\Users\svcgu\AppData\Local\Temp\ccVf4H1C.s:377    .text.HAL_GetTickFreq:00000000 HAL_GetTickFreq
C:\Users\svcgu\AppData\Local\Temp\ccVf4H1C.s:391    .text.HAL_GetTickFreq:00000008 $d
C:\Users\svcgu\AppData\Local\Temp\ccVf4H1C.s:396    .text.HAL_Delay:00000000 $t
C:\Users\svcgu\AppData\Local\Temp\ccVf4H1C.s:403    .text.HAL_Delay:00000000 HAL_Delay
C:\Users\svcgu\AppData\Local\Temp\ccVf4H1C.s:444    .text.HAL_Delay:00000024 $d
C:\Users\svcgu\AppData\Local\Temp\ccVf4H1C.s:449    .text.HAL_SuspendTick:00000000 $t
C:\Users\svcgu\AppData\Local\Temp\ccVf4H1C.s:456    .text.HAL_SuspendTick:00000000 HAL_SuspendTick
C:\Users\svcgu\AppData\Local\Temp\ccVf4H1C.s:472    .text.HAL_SuspendTick:0000000c $d
C:\Users\svcgu\AppData\Local\Temp\ccVf4H1C.s:477    .text.HAL_ResumeTick:00000000 $t
C:\Users\svcgu\AppData\Local\Temp\ccVf4H1C.s:484    .text.HAL_ResumeTick:00000000 HAL_ResumeTick
C:\Users\svcgu\AppData\Local\Temp\ccVf4H1C.s:500    .text.HAL_ResumeTick:0000000c $d
C:\Users\svcgu\AppData\Local\Temp\ccVf4H1C.s:505    .text.HAL_GetHalVersion:00000000 $t
C:\Users\svcgu\AppData\Local\Temp\ccVf4H1C.s:512    .text.HAL_GetHalVersion:00000000 HAL_GetHalVersion
C:\Users\svcgu\AppData\Local\Temp\ccVf4H1C.s:525    .text.HAL_GetHalVersion:00000004 $d
C:\Users\svcgu\AppData\Local\Temp\ccVf4H1C.s:530    .text.HAL_GetREVID:00000000 $t
C:\Users\svcgu\AppData\Local\Temp\ccVf4H1C.s:537    .text.HAL_GetREVID:00000000 HAL_GetREVID
C:\Users\svcgu\AppData\Local\Temp\ccVf4H1C.s:553    .text.HAL_GetREVID:00000008 $d
C:\Users\svcgu\AppData\Local\Temp\ccVf4H1C.s:558    .text.HAL_GetDEVID:00000000 $t
C:\Users\svcgu\AppData\Local\Temp\ccVf4H1C.s:565    .text.HAL_GetDEVID:00000000 HAL_GetDEVID
C:\Users\svcgu\AppData\Local\Temp\ccVf4H1C.s:581    .text.HAL_GetDEVID:0000000c $d
C:\Users\svcgu\AppData\Local\Temp\ccVf4H1C.s:586    .text.HAL_DBGMCU_EnableDBGSleepMode:00000000 $t
C:\Users\svcgu\AppData\Local\Temp\ccVf4H1C.s:593    .text.HAL_DBGMCU_EnableDBGSleepMode:00000000 HAL_DBGMCU_EnableDBGSleepMode
C:\Users\svcgu\AppData\Local\Temp\ccVf4H1C.s:609    .text.HAL_DBGMCU_EnableDBGSleepMode:0000000c $d
C:\Users\svcgu\AppData\Local\Temp\ccVf4H1C.s:614    .text.HAL_DBGMCU_DisableDBGSleepMode:00000000 $t
C:\Users\svcgu\AppData\Local\Temp\ccVf4H1C.s:621    .text.HAL_DBGMCU_DisableDBGSleepMode:00000000 HAL_DBGMCU_DisableDBGSleepMode
C:\Users\svcgu\AppData\Local\Temp\ccVf4H1C.s:637    .text.HAL_DBGMCU_DisableDBGSleepMode:0000000c $d
C:\Users\svcgu\AppData\Local\Temp\ccVf4H1C.s:642    .text.HAL_DBGMCU_EnableDBGStopMode:00000000 $t
C:\Users\svcgu\AppData\Local\Temp\ccVf4H1C.s:649    .text.HAL_DBGMCU_EnableDBGStopMode:00000000 HAL_DBGMCU_EnableDBGStopMode
ARM GAS  C:\Users\svcgu\AppData\Local\Temp\ccVf4H1C.s 			page 27


C:\Users\svcgu\AppData\Local\Temp\ccVf4H1C.s:665    .text.HAL_DBGMCU_EnableDBGStopMode:0000000c $d
C:\Users\svcgu\AppData\Local\Temp\ccVf4H1C.s:670    .text.HAL_DBGMCU_DisableDBGStopMode:00000000 $t
C:\Users\svcgu\AppData\Local\Temp\ccVf4H1C.s:677    .text.HAL_DBGMCU_DisableDBGStopMode:00000000 HAL_DBGMCU_DisableDBGStopMode
C:\Users\svcgu\AppData\Local\Temp\ccVf4H1C.s:693    .text.HAL_DBGMCU_DisableDBGStopMode:0000000c $d
C:\Users\svcgu\AppData\Local\Temp\ccVf4H1C.s:698    .text.HAL_DBGMCU_EnableDBGStandbyMode:00000000 $t
C:\Users\svcgu\AppData\Local\Temp\ccVf4H1C.s:705    .text.HAL_DBGMCU_EnableDBGStandbyMode:00000000 HAL_DBGMCU_EnableDBGStandbyMode
C:\Users\svcgu\AppData\Local\Temp\ccVf4H1C.s:721    .text.HAL_DBGMCU_EnableDBGStandbyMode:0000000c $d
C:\Users\svcgu\AppData\Local\Temp\ccVf4H1C.s:726    .text.HAL_DBGMCU_DisableDBGStandbyMode:00000000 $t
C:\Users\svcgu\AppData\Local\Temp\ccVf4H1C.s:733    .text.HAL_DBGMCU_DisableDBGStandbyMode:00000000 HAL_DBGMCU_DisableDBGStandbyMode
C:\Users\svcgu\AppData\Local\Temp\ccVf4H1C.s:749    .text.HAL_DBGMCU_DisableDBGStandbyMode:0000000c $d
C:\Users\svcgu\AppData\Local\Temp\ccVf4H1C.s:754    .text.HAL_EnableCompensationCell:00000000 $t
C:\Users\svcgu\AppData\Local\Temp\ccVf4H1C.s:761    .text.HAL_EnableCompensationCell:00000000 HAL_EnableCompensationCell
C:\Users\svcgu\AppData\Local\Temp\ccVf4H1C.s:776    .text.HAL_EnableCompensationCell:00000008 $d
C:\Users\svcgu\AppData\Local\Temp\ccVf4H1C.s:781    .text.HAL_DisableCompensationCell:00000000 $t
C:\Users\svcgu\AppData\Local\Temp\ccVf4H1C.s:788    .text.HAL_DisableCompensationCell:00000000 HAL_DisableCompensationCell
C:\Users\svcgu\AppData\Local\Temp\ccVf4H1C.s:803    .text.HAL_DisableCompensationCell:00000008 $d
C:\Users\svcgu\AppData\Local\Temp\ccVf4H1C.s:808    .text.HAL_GetUID:00000000 $t
C:\Users\svcgu\AppData\Local\Temp\ccVf4H1C.s:815    .text.HAL_GetUID:00000000 HAL_GetUID
C:\Users\svcgu\AppData\Local\Temp\ccVf4H1C.s:839    .text.HAL_GetUID:00000014 $d
C:\Users\svcgu\AppData\Local\Temp\ccVf4H1C.s:852    .data.uwTickFreq:00000000 uwTickFreq
C:\Users\svcgu\AppData\Local\Temp\ccVf4H1C.s:859    .data.uwTickPrio:00000000 uwTickPrio
C:\Users\svcgu\AppData\Local\Temp\ccVf4H1C.s:855    .data.uwTickPrio:00000000 $d
                     .debug_frame:00000010 $d

UNDEFINED SYMBOLS
HAL_SYSTICK_Config
HAL_NVIC_SetPriority
SystemCoreClock
HAL_NVIC_SetPriorityGrouping
