ARM GAS  C:\Users\svcgu\AppData\Local\Temp\cceIY00A.s 			page 1


   1              		.cpu cortex-m4
   2              		.eabi_attribute 27, 1
   3              		.eabi_attribute 28, 1
   4              		.eabi_attribute 20, 1
   5              		.eabi_attribute 21, 1
   6              		.eabi_attribute 23, 3
   7              		.eabi_attribute 24, 1
   8              		.eabi_attribute 25, 1
   9              		.eabi_attribute 26, 1
  10              		.eabi_attribute 30, 1
  11              		.eabi_attribute 34, 1
  12              		.eabi_attribute 18, 4
  13              		.file	"stm32f4xx_it.c"
  14              		.text
  15              	.Ltext0:
  16              		.cfi_sections	.debug_frame
  17              		.section	.text.NMI_Handler,"ax",%progbits
  18              		.align	1
  19              		.global	NMI_Handler
  20              		.syntax unified
  21              		.thumb
  22              		.thumb_func
  23              		.fpu fpv4-sp-d16
  25              	NMI_Handler:
  26              	.LFB124:
  27              		.file 1 "Src/stm32f4xx_it.c"
   1:Src/stm32f4xx_it.c **** /**
   2:Src/stm32f4xx_it.c ****   ******************************************************************************
   3:Src/stm32f4xx_it.c ****   * @file    stm32f4xx_it.c
   4:Src/stm32f4xx_it.c ****   * @brief   Interrupt Service Routines.
   5:Src/stm32f4xx_it.c ****   ******************************************************************************
   6:Src/stm32f4xx_it.c ****   *
   7:Src/stm32f4xx_it.c ****   * COPYRIGHT(c) 2018 STMicroelectronics
   8:Src/stm32f4xx_it.c ****   *
   9:Src/stm32f4xx_it.c ****   * Redistribution and use in source and binary forms, with or without modification,
  10:Src/stm32f4xx_it.c ****   * are permitted provided that the following conditions are met:
  11:Src/stm32f4xx_it.c ****   *   1. Redistributions of source code must retain the above copyright notice,
  12:Src/stm32f4xx_it.c ****   *      this list of conditions and the following disclaimer.
  13:Src/stm32f4xx_it.c ****   *   2. Redistributions in binary form must reproduce the above copyright notice,
  14:Src/stm32f4xx_it.c ****   *      this list of conditions and the following disclaimer in the documentation
  15:Src/stm32f4xx_it.c ****   *      and/or other materials provided with the distribution.
  16:Src/stm32f4xx_it.c ****   *   3. Neither the name of STMicroelectronics nor the names of its contributors
  17:Src/stm32f4xx_it.c ****   *      may be used to endorse or promote products derived from this software
  18:Src/stm32f4xx_it.c ****   *      without specific prior written permission.
  19:Src/stm32f4xx_it.c ****   *
  20:Src/stm32f4xx_it.c ****   * THIS SOFTWARE IS PROVIDED BY THE COPYRIGHT HOLDERS AND CONTRIBUTORS "AS IS"
  21:Src/stm32f4xx_it.c ****   * AND ANY EXPRESS OR IMPLIED WARRANTIES, INCLUDING, BUT NOT LIMITED TO, THE
  22:Src/stm32f4xx_it.c ****   * IMPLIED WARRANTIES OF MERCHANTABILITY AND FITNESS FOR A PARTICULAR PURPOSE ARE
  23:Src/stm32f4xx_it.c ****   * DISCLAIMED. IN NO EVENT SHALL THE COPYRIGHT HOLDER OR CONTRIBUTORS BE LIABLE
  24:Src/stm32f4xx_it.c ****   * FOR ANY DIRECT, INDIRECT, INCIDENTAL, SPECIAL, EXEMPLARY, OR CONSEQUENTIAL
  25:Src/stm32f4xx_it.c ****   * DAMAGES (INCLUDING, BUT NOT LIMITED TO, PROCUREMENT OF SUBSTITUTE GOODS OR
  26:Src/stm32f4xx_it.c ****   * SERVICES; LOSS OF USE, DATA, OR PROFITS; OR BUSINESS INTERRUPTION) HOWEVER
  27:Src/stm32f4xx_it.c ****   * CAUSED AND ON ANY THEORY OF LIABILITY, WHETHER IN CONTRACT, STRICT LIABILITY,
  28:Src/stm32f4xx_it.c ****   * OR TORT (INCLUDING NEGLIGENCE OR OTHERWISE) ARISING IN ANY WAY OUT OF THE USE
  29:Src/stm32f4xx_it.c ****   * OF THIS SOFTWARE, EVEN IF ADVISED OF THE POSSIBILITY OF SUCH DAMAGE.
  30:Src/stm32f4xx_it.c ****   *
  31:Src/stm32f4xx_it.c ****   ******************************************************************************
ARM GAS  C:\Users\svcgu\AppData\Local\Temp\cceIY00A.s 			page 2


  32:Src/stm32f4xx_it.c ****   */
  33:Src/stm32f4xx_it.c **** /* Includes ------------------------------------------------------------------*/
  34:Src/stm32f4xx_it.c **** #include "stm32f4xx_hal.h"
  35:Src/stm32f4xx_it.c **** #include "stm32f4xx.h"
  36:Src/stm32f4xx_it.c **** #include "stm32f4xx_it.h"
  37:Src/stm32f4xx_it.c **** 
  38:Src/stm32f4xx_it.c **** /* USER CODE BEGIN 0 */
  39:Src/stm32f4xx_it.c **** 
  40:Src/stm32f4xx_it.c **** /* USER CODE END 0 */
  41:Src/stm32f4xx_it.c **** 
  42:Src/stm32f4xx_it.c **** /* External variables --------------------------------------------------------*/
  43:Src/stm32f4xx_it.c **** extern SD_HandleTypeDef hsd;
  44:Src/stm32f4xx_it.c **** extern TIM_HandleTypeDef htim6;
  45:Src/stm32f4xx_it.c **** extern TIM_HandleTypeDef htim7;
  46:Src/stm32f4xx_it.c **** extern UART_HandleTypeDef huart4;
  47:Src/stm32f4xx_it.c **** 
  48:Src/stm32f4xx_it.c **** /******************************************************************************/
  49:Src/stm32f4xx_it.c **** /*            Cortex-M4 Processor Interruption and Exception Handlers         */ 
  50:Src/stm32f4xx_it.c **** /******************************************************************************/
  51:Src/stm32f4xx_it.c **** 
  52:Src/stm32f4xx_it.c **** /**
  53:Src/stm32f4xx_it.c **** * @brief This function handles Non maskable interrupt.
  54:Src/stm32f4xx_it.c **** */
  55:Src/stm32f4xx_it.c **** void NMI_Handler(void)
  56:Src/stm32f4xx_it.c **** {
  28              		.loc 1 56 0
  29              		.cfi_startproc
  30              		@ args = 0, pretend = 0, frame = 0
  31              		@ frame_needed = 0, uses_anonymous_args = 0
  32              		@ link register save eliminated.
  33 0000 7047     		bx	lr
  34              		.cfi_endproc
  35              	.LFE124:
  37              		.section	.text.HardFault_Handler,"ax",%progbits
  38              		.align	1
  39              		.global	HardFault_Handler
  40              		.syntax unified
  41              		.thumb
  42              		.thumb_func
  43              		.fpu fpv4-sp-d16
  45              	HardFault_Handler:
  46              	.LFB125:
  57:Src/stm32f4xx_it.c ****   /* USER CODE BEGIN NonMaskableInt_IRQn 0 */
  58:Src/stm32f4xx_it.c **** 
  59:Src/stm32f4xx_it.c ****   /* USER CODE END NonMaskableInt_IRQn 0 */
  60:Src/stm32f4xx_it.c ****   /* USER CODE BEGIN NonMaskableInt_IRQn 1 */
  61:Src/stm32f4xx_it.c **** 
  62:Src/stm32f4xx_it.c ****   /* USER CODE END NonMaskableInt_IRQn 1 */
  63:Src/stm32f4xx_it.c **** }
  64:Src/stm32f4xx_it.c **** 
  65:Src/stm32f4xx_it.c **** /**
  66:Src/stm32f4xx_it.c **** * @brief This function handles Hard fault interrupt.
  67:Src/stm32f4xx_it.c **** */
  68:Src/stm32f4xx_it.c **** void HardFault_Handler(void)
  69:Src/stm32f4xx_it.c **** {
  47              		.loc 1 69 0
  48              		.cfi_startproc
ARM GAS  C:\Users\svcgu\AppData\Local\Temp\cceIY00A.s 			page 3


  49              		@ Volatile: function does not return.
  50              		@ args = 0, pretend = 0, frame = 0
  51              		@ frame_needed = 0, uses_anonymous_args = 0
  52              		@ link register save eliminated.
  53              	.L3:
  54 0000 FEE7     		b	.L3
  55              		.cfi_endproc
  56              	.LFE125:
  58              		.section	.text.MemManage_Handler,"ax",%progbits
  59              		.align	1
  60              		.global	MemManage_Handler
  61              		.syntax unified
  62              		.thumb
  63              		.thumb_func
  64              		.fpu fpv4-sp-d16
  66              	MemManage_Handler:
  67              	.LFB126:
  70:Src/stm32f4xx_it.c ****   /* USER CODE BEGIN HardFault_IRQn 0 */
  71:Src/stm32f4xx_it.c **** 
  72:Src/stm32f4xx_it.c ****   /* USER CODE END HardFault_IRQn 0 */
  73:Src/stm32f4xx_it.c ****   while (1)
  74:Src/stm32f4xx_it.c ****   {
  75:Src/stm32f4xx_it.c ****     /* USER CODE BEGIN W1_HardFault_IRQn 0 */
  76:Src/stm32f4xx_it.c ****     /* USER CODE END W1_HardFault_IRQn 0 */
  77:Src/stm32f4xx_it.c ****   }
  78:Src/stm32f4xx_it.c ****   /* USER CODE BEGIN HardFault_IRQn 1 */
  79:Src/stm32f4xx_it.c **** 
  80:Src/stm32f4xx_it.c ****   /* USER CODE END HardFault_IRQn 1 */
  81:Src/stm32f4xx_it.c **** }
  82:Src/stm32f4xx_it.c **** 
  83:Src/stm32f4xx_it.c **** /**
  84:Src/stm32f4xx_it.c **** * @brief This function handles Memory management fault.
  85:Src/stm32f4xx_it.c **** */
  86:Src/stm32f4xx_it.c **** void MemManage_Handler(void)
  87:Src/stm32f4xx_it.c **** {
  68              		.loc 1 87 0
  69              		.cfi_startproc
  70              		@ Volatile: function does not return.
  71              		@ args = 0, pretend = 0, frame = 0
  72              		@ frame_needed = 0, uses_anonymous_args = 0
  73              		@ link register save eliminated.
  74              	.L5:
  75 0000 FEE7     		b	.L5
  76              		.cfi_endproc
  77              	.LFE126:
  79              		.section	.text.BusFault_Handler,"ax",%progbits
  80              		.align	1
  81              		.global	BusFault_Handler
  82              		.syntax unified
  83              		.thumb
  84              		.thumb_func
  85              		.fpu fpv4-sp-d16
  87              	BusFault_Handler:
  88              	.LFB127:
  88:Src/stm32f4xx_it.c ****   /* USER CODE BEGIN MemoryManagement_IRQn 0 */
  89:Src/stm32f4xx_it.c **** 
  90:Src/stm32f4xx_it.c ****   /* USER CODE END MemoryManagement_IRQn 0 */
ARM GAS  C:\Users\svcgu\AppData\Local\Temp\cceIY00A.s 			page 4


  91:Src/stm32f4xx_it.c ****   while (1)
  92:Src/stm32f4xx_it.c ****   {
  93:Src/stm32f4xx_it.c ****     /* USER CODE BEGIN W1_MemoryManagement_IRQn 0 */
  94:Src/stm32f4xx_it.c ****     /* USER CODE END W1_MemoryManagement_IRQn 0 */
  95:Src/stm32f4xx_it.c ****   }
  96:Src/stm32f4xx_it.c ****   /* USER CODE BEGIN MemoryManagement_IRQn 1 */
  97:Src/stm32f4xx_it.c **** 
  98:Src/stm32f4xx_it.c ****   /* USER CODE END MemoryManagement_IRQn 1 */
  99:Src/stm32f4xx_it.c **** }
 100:Src/stm32f4xx_it.c **** 
 101:Src/stm32f4xx_it.c **** /**
 102:Src/stm32f4xx_it.c **** * @brief This function handles Pre-fetch fault, memory access fault.
 103:Src/stm32f4xx_it.c **** */
 104:Src/stm32f4xx_it.c **** void BusFault_Handler(void)
 105:Src/stm32f4xx_it.c **** {
  89              		.loc 1 105 0
  90              		.cfi_startproc
  91              		@ Volatile: function does not return.
  92              		@ args = 0, pretend = 0, frame = 0
  93              		@ frame_needed = 0, uses_anonymous_args = 0
  94              		@ link register save eliminated.
  95              	.L7:
  96 0000 FEE7     		b	.L7
  97              		.cfi_endproc
  98              	.LFE127:
 100              		.section	.text.UsageFault_Handler,"ax",%progbits
 101              		.align	1
 102              		.global	UsageFault_Handler
 103              		.syntax unified
 104              		.thumb
 105              		.thumb_func
 106              		.fpu fpv4-sp-d16
 108              	UsageFault_Handler:
 109              	.LFB128:
 106:Src/stm32f4xx_it.c ****   /* USER CODE BEGIN BusFault_IRQn 0 */
 107:Src/stm32f4xx_it.c **** 
 108:Src/stm32f4xx_it.c ****   /* USER CODE END BusFault_IRQn 0 */
 109:Src/stm32f4xx_it.c ****   while (1)
 110:Src/stm32f4xx_it.c ****   {
 111:Src/stm32f4xx_it.c ****     /* USER CODE BEGIN W1_BusFault_IRQn 0 */
 112:Src/stm32f4xx_it.c ****     /* USER CODE END W1_BusFault_IRQn 0 */
 113:Src/stm32f4xx_it.c ****   }
 114:Src/stm32f4xx_it.c ****   /* USER CODE BEGIN BusFault_IRQn 1 */
 115:Src/stm32f4xx_it.c **** 
 116:Src/stm32f4xx_it.c ****   /* USER CODE END BusFault_IRQn 1 */
 117:Src/stm32f4xx_it.c **** }
 118:Src/stm32f4xx_it.c **** 
 119:Src/stm32f4xx_it.c **** /**
 120:Src/stm32f4xx_it.c **** * @brief This function handles Undefined instruction or illegal state.
 121:Src/stm32f4xx_it.c **** */
 122:Src/stm32f4xx_it.c **** void UsageFault_Handler(void)
 123:Src/stm32f4xx_it.c **** {
 110              		.loc 1 123 0
 111              		.cfi_startproc
 112              		@ Volatile: function does not return.
 113              		@ args = 0, pretend = 0, frame = 0
 114              		@ frame_needed = 0, uses_anonymous_args = 0
ARM GAS  C:\Users\svcgu\AppData\Local\Temp\cceIY00A.s 			page 5


 115              		@ link register save eliminated.
 116              	.L9:
 117 0000 FEE7     		b	.L9
 118              		.cfi_endproc
 119              	.LFE128:
 121              		.section	.text.SVC_Handler,"ax",%progbits
 122              		.align	1
 123              		.global	SVC_Handler
 124              		.syntax unified
 125              		.thumb
 126              		.thumb_func
 127              		.fpu fpv4-sp-d16
 129              	SVC_Handler:
 130              	.LFB129:
 124:Src/stm32f4xx_it.c ****   /* USER CODE BEGIN UsageFault_IRQn 0 */
 125:Src/stm32f4xx_it.c **** 
 126:Src/stm32f4xx_it.c ****   /* USER CODE END UsageFault_IRQn 0 */
 127:Src/stm32f4xx_it.c ****   while (1)
 128:Src/stm32f4xx_it.c ****   {
 129:Src/stm32f4xx_it.c ****     /* USER CODE BEGIN W1_UsageFault_IRQn 0 */
 130:Src/stm32f4xx_it.c ****     /* USER CODE END W1_UsageFault_IRQn 0 */
 131:Src/stm32f4xx_it.c ****   }
 132:Src/stm32f4xx_it.c ****   /* USER CODE BEGIN UsageFault_IRQn 1 */
 133:Src/stm32f4xx_it.c **** 
 134:Src/stm32f4xx_it.c ****   /* USER CODE END UsageFault_IRQn 1 */
 135:Src/stm32f4xx_it.c **** }
 136:Src/stm32f4xx_it.c **** 
 137:Src/stm32f4xx_it.c **** /**
 138:Src/stm32f4xx_it.c **** * @brief This function handles System service call via SWI instruction.
 139:Src/stm32f4xx_it.c **** */
 140:Src/stm32f4xx_it.c **** void SVC_Handler(void)
 141:Src/stm32f4xx_it.c **** {
 131              		.loc 1 141 0
 132              		.cfi_startproc
 133              		@ args = 0, pretend = 0, frame = 0
 134              		@ frame_needed = 0, uses_anonymous_args = 0
 135              		@ link register save eliminated.
 136 0000 7047     		bx	lr
 137              		.cfi_endproc
 138              	.LFE129:
 140              		.section	.text.DebugMon_Handler,"ax",%progbits
 141              		.align	1
 142              		.global	DebugMon_Handler
 143              		.syntax unified
 144              		.thumb
 145              		.thumb_func
 146              		.fpu fpv4-sp-d16
 148              	DebugMon_Handler:
 149              	.LFB130:
 142:Src/stm32f4xx_it.c ****   /* USER CODE BEGIN SVCall_IRQn 0 */
 143:Src/stm32f4xx_it.c **** 
 144:Src/stm32f4xx_it.c ****   /* USER CODE END SVCall_IRQn 0 */
 145:Src/stm32f4xx_it.c ****   /* USER CODE BEGIN SVCall_IRQn 1 */
 146:Src/stm32f4xx_it.c **** 
 147:Src/stm32f4xx_it.c ****   /* USER CODE END SVCall_IRQn 1 */
 148:Src/stm32f4xx_it.c **** }
 149:Src/stm32f4xx_it.c **** 
ARM GAS  C:\Users\svcgu\AppData\Local\Temp\cceIY00A.s 			page 6


 150:Src/stm32f4xx_it.c **** /**
 151:Src/stm32f4xx_it.c **** * @brief This function handles Debug monitor.
 152:Src/stm32f4xx_it.c **** */
 153:Src/stm32f4xx_it.c **** void DebugMon_Handler(void)
 154:Src/stm32f4xx_it.c **** {
 150              		.loc 1 154 0
 151              		.cfi_startproc
 152              		@ args = 0, pretend = 0, frame = 0
 153              		@ frame_needed = 0, uses_anonymous_args = 0
 154              		@ link register save eliminated.
 155 0000 7047     		bx	lr
 156              		.cfi_endproc
 157              	.LFE130:
 159              		.section	.text.PendSV_Handler,"ax",%progbits
 160              		.align	1
 161              		.global	PendSV_Handler
 162              		.syntax unified
 163              		.thumb
 164              		.thumb_func
 165              		.fpu fpv4-sp-d16
 167              	PendSV_Handler:
 168              	.LFB131:
 155:Src/stm32f4xx_it.c ****   /* USER CODE BEGIN DebugMonitor_IRQn 0 */
 156:Src/stm32f4xx_it.c **** 
 157:Src/stm32f4xx_it.c ****   /* USER CODE END DebugMonitor_IRQn 0 */
 158:Src/stm32f4xx_it.c ****   /* USER CODE BEGIN DebugMonitor_IRQn 1 */
 159:Src/stm32f4xx_it.c **** 
 160:Src/stm32f4xx_it.c ****   /* USER CODE END DebugMonitor_IRQn 1 */
 161:Src/stm32f4xx_it.c **** }
 162:Src/stm32f4xx_it.c **** 
 163:Src/stm32f4xx_it.c **** /**
 164:Src/stm32f4xx_it.c **** * @brief This function handles Pendable request for system service.
 165:Src/stm32f4xx_it.c **** */
 166:Src/stm32f4xx_it.c **** void PendSV_Handler(void)
 167:Src/stm32f4xx_it.c **** {
 169              		.loc 1 167 0
 170              		.cfi_startproc
 171              		@ args = 0, pretend = 0, frame = 0
 172              		@ frame_needed = 0, uses_anonymous_args = 0
 173              		@ link register save eliminated.
 174 0000 7047     		bx	lr
 175              		.cfi_endproc
 176              	.LFE131:
 178              		.section	.text.SysTick_Handler,"ax",%progbits
 179              		.align	1
 180              		.global	SysTick_Handler
 181              		.syntax unified
 182              		.thumb
 183              		.thumb_func
 184              		.fpu fpv4-sp-d16
 186              	SysTick_Handler:
 187              	.LFB132:
 168:Src/stm32f4xx_it.c ****   /* USER CODE BEGIN PendSV_IRQn 0 */
 169:Src/stm32f4xx_it.c **** 
 170:Src/stm32f4xx_it.c ****   /* USER CODE END PendSV_IRQn 0 */
 171:Src/stm32f4xx_it.c ****   /* USER CODE BEGIN PendSV_IRQn 1 */
 172:Src/stm32f4xx_it.c **** 
ARM GAS  C:\Users\svcgu\AppData\Local\Temp\cceIY00A.s 			page 7


 173:Src/stm32f4xx_it.c ****   /* USER CODE END PendSV_IRQn 1 */
 174:Src/stm32f4xx_it.c **** }
 175:Src/stm32f4xx_it.c **** 
 176:Src/stm32f4xx_it.c **** /**
 177:Src/stm32f4xx_it.c **** * @brief This function handles System tick timer.
 178:Src/stm32f4xx_it.c **** */
 179:Src/stm32f4xx_it.c **** void SysTick_Handler(void)
 180:Src/stm32f4xx_it.c **** {
 188              		.loc 1 180 0
 189              		.cfi_startproc
 190              		@ args = 0, pretend = 0, frame = 0
 191              		@ frame_needed = 0, uses_anonymous_args = 0
 192              		.loc 1 180 0
 193 0000 08B5     		push	{r3, lr}
 194              	.LCFI0:
 195              		.cfi_def_cfa_offset 8
 196              		.cfi_offset 3, -8
 197              		.cfi_offset 14, -4
 181:Src/stm32f4xx_it.c ****   /* USER CODE BEGIN SysTick_IRQn 0 */
 182:Src/stm32f4xx_it.c **** 
 183:Src/stm32f4xx_it.c ****   /* USER CODE END SysTick_IRQn 0 */
 184:Src/stm32f4xx_it.c ****   HAL_IncTick();
 198              		.loc 1 184 0
 199 0002 FFF7FEFF 		bl	HAL_IncTick
 200              	.LVL0:
 185:Src/stm32f4xx_it.c ****   HAL_SYSTICK_IRQHandler();
 201              		.loc 1 185 0
 202 0006 FFF7FEFF 		bl	HAL_SYSTICK_IRQHandler
 203              	.LVL1:
 204 000a 08BD     		pop	{r3, pc}
 205              		.cfi_endproc
 206              	.LFE132:
 208              		.section	.text.SDIO_IRQHandler,"ax",%progbits
 209              		.align	1
 210              		.global	SDIO_IRQHandler
 211              		.syntax unified
 212              		.thumb
 213              		.thumb_func
 214              		.fpu fpv4-sp-d16
 216              	SDIO_IRQHandler:
 217              	.LFB133:
 186:Src/stm32f4xx_it.c ****   /* USER CODE BEGIN SysTick_IRQn 1 */
 187:Src/stm32f4xx_it.c **** 
 188:Src/stm32f4xx_it.c ****   /* USER CODE END SysTick_IRQn 1 */
 189:Src/stm32f4xx_it.c **** }
 190:Src/stm32f4xx_it.c **** 
 191:Src/stm32f4xx_it.c **** /******************************************************************************/
 192:Src/stm32f4xx_it.c **** /* STM32F4xx Peripheral Interrupt Handlers                                    */
 193:Src/stm32f4xx_it.c **** /* Add here the Interrupt Handlers for the used peripherals.                  */
 194:Src/stm32f4xx_it.c **** /* For the available peripheral interrupt handler names,                      */
 195:Src/stm32f4xx_it.c **** /* please refer to the startup file (startup_stm32f4xx.s).                    */
 196:Src/stm32f4xx_it.c **** /******************************************************************************/
 197:Src/stm32f4xx_it.c **** 
 198:Src/stm32f4xx_it.c **** /**
 199:Src/stm32f4xx_it.c **** * @brief This function handles SDIO global interrupt.
 200:Src/stm32f4xx_it.c **** */
 201:Src/stm32f4xx_it.c **** void SDIO_IRQHandler(void)
ARM GAS  C:\Users\svcgu\AppData\Local\Temp\cceIY00A.s 			page 8


 202:Src/stm32f4xx_it.c **** {
 218              		.loc 1 202 0
 219              		.cfi_startproc
 220              		@ args = 0, pretend = 0, frame = 0
 221              		@ frame_needed = 0, uses_anonymous_args = 0
 222 0000 08B5     		push	{r3, lr}
 223              	.LCFI1:
 224              		.cfi_def_cfa_offset 8
 225              		.cfi_offset 3, -8
 226              		.cfi_offset 14, -4
 203:Src/stm32f4xx_it.c ****   /* USER CODE BEGIN SDIO_IRQn 0 */
 204:Src/stm32f4xx_it.c **** 
 205:Src/stm32f4xx_it.c ****   /* USER CODE END SDIO_IRQn 0 */
 206:Src/stm32f4xx_it.c ****   HAL_SD_IRQHandler(&hsd);
 227              		.loc 1 206 0
 228 0002 0248     		ldr	r0, .L17
 229 0004 FFF7FEFF 		bl	HAL_SD_IRQHandler
 230              	.LVL2:
 231 0008 08BD     		pop	{r3, pc}
 232              	.L18:
 233 000a 00BF     		.align	2
 234              	.L17:
 235 000c 00000000 		.word	hsd
 236              		.cfi_endproc
 237              	.LFE133:
 239              		.section	.text.UART4_IRQHandler,"ax",%progbits
 240              		.align	1
 241              		.global	UART4_IRQHandler
 242              		.syntax unified
 243              		.thumb
 244              		.thumb_func
 245              		.fpu fpv4-sp-d16
 247              	UART4_IRQHandler:
 248              	.LFB134:
 207:Src/stm32f4xx_it.c ****   /* USER CODE BEGIN SDIO_IRQn 1 */
 208:Src/stm32f4xx_it.c **** 
 209:Src/stm32f4xx_it.c ****   /* USER CODE END SDIO_IRQn 1 */
 210:Src/stm32f4xx_it.c **** }
 211:Src/stm32f4xx_it.c **** 
 212:Src/stm32f4xx_it.c **** /**
 213:Src/stm32f4xx_it.c **** * @brief This function handles UART4 global interrupt.
 214:Src/stm32f4xx_it.c **** */
 215:Src/stm32f4xx_it.c **** void UART4_IRQHandler(void)
 216:Src/stm32f4xx_it.c **** {
 249              		.loc 1 216 0
 250              		.cfi_startproc
 251              		@ args = 0, pretend = 0, frame = 0
 252              		@ frame_needed = 0, uses_anonymous_args = 0
 253 0000 08B5     		push	{r3, lr}
 254              	.LCFI2:
 255              		.cfi_def_cfa_offset 8
 256              		.cfi_offset 3, -8
 257              		.cfi_offset 14, -4
 217:Src/stm32f4xx_it.c ****   /* USER CODE BEGIN UART4_IRQn 0 */
 218:Src/stm32f4xx_it.c **** 
 219:Src/stm32f4xx_it.c ****   /* USER CODE END UART4_IRQn 0 */
 220:Src/stm32f4xx_it.c ****   HAL_UART_IRQHandler(&huart4);
ARM GAS  C:\Users\svcgu\AppData\Local\Temp\cceIY00A.s 			page 9


 258              		.loc 1 220 0
 259 0002 0248     		ldr	r0, .L21
 260 0004 FFF7FEFF 		bl	HAL_UART_IRQHandler
 261              	.LVL3:
 262 0008 08BD     		pop	{r3, pc}
 263              	.L22:
 264 000a 00BF     		.align	2
 265              	.L21:
 266 000c 00000000 		.word	huart4
 267              		.cfi_endproc
 268              	.LFE134:
 270              		.section	.text.TIM6_DAC_IRQHandler,"ax",%progbits
 271              		.align	1
 272              		.global	TIM6_DAC_IRQHandler
 273              		.syntax unified
 274              		.thumb
 275              		.thumb_func
 276              		.fpu fpv4-sp-d16
 278              	TIM6_DAC_IRQHandler:
 279              	.LFB135:
 221:Src/stm32f4xx_it.c ****   /* USER CODE BEGIN UART4_IRQn 1 */
 222:Src/stm32f4xx_it.c **** 
 223:Src/stm32f4xx_it.c ****   /* USER CODE END UART4_IRQn 1 */
 224:Src/stm32f4xx_it.c **** }
 225:Src/stm32f4xx_it.c **** 
 226:Src/stm32f4xx_it.c **** /**
 227:Src/stm32f4xx_it.c **** * @brief This function handles TIM6 global interrupt, DAC1 and DAC2 underrun error interrupts.
 228:Src/stm32f4xx_it.c **** */
 229:Src/stm32f4xx_it.c **** void TIM6_DAC_IRQHandler(void)
 230:Src/stm32f4xx_it.c **** {
 280              		.loc 1 230 0
 281              		.cfi_startproc
 282              		@ args = 0, pretend = 0, frame = 0
 283              		@ frame_needed = 0, uses_anonymous_args = 0
 284 0000 08B5     		push	{r3, lr}
 285              	.LCFI3:
 286              		.cfi_def_cfa_offset 8
 287              		.cfi_offset 3, -8
 288              		.cfi_offset 14, -4
 231:Src/stm32f4xx_it.c ****   /* USER CODE BEGIN TIM6_DAC_IRQn 0 */
 232:Src/stm32f4xx_it.c **** 
 233:Src/stm32f4xx_it.c ****   /* USER CODE END TIM6_DAC_IRQn 0 */
 234:Src/stm32f4xx_it.c ****   HAL_TIM_IRQHandler(&htim6);
 289              		.loc 1 234 0
 290 0002 0248     		ldr	r0, .L25
 291 0004 FFF7FEFF 		bl	HAL_TIM_IRQHandler
 292              	.LVL4:
 293 0008 08BD     		pop	{r3, pc}
 294              	.L26:
 295 000a 00BF     		.align	2
 296              	.L25:
 297 000c 00000000 		.word	htim6
 298              		.cfi_endproc
 299              	.LFE135:
 301              		.section	.text.TIM7_IRQHandler,"ax",%progbits
 302              		.align	1
 303              		.global	TIM7_IRQHandler
ARM GAS  C:\Users\svcgu\AppData\Local\Temp\cceIY00A.s 			page 10


 304              		.syntax unified
 305              		.thumb
 306              		.thumb_func
 307              		.fpu fpv4-sp-d16
 309              	TIM7_IRQHandler:
 310              	.LFB136:
 235:Src/stm32f4xx_it.c ****   /* USER CODE BEGIN TIM6_DAC_IRQn 1 */
 236:Src/stm32f4xx_it.c **** 
 237:Src/stm32f4xx_it.c ****   /* USER CODE END TIM6_DAC_IRQn 1 */
 238:Src/stm32f4xx_it.c **** }
 239:Src/stm32f4xx_it.c **** 
 240:Src/stm32f4xx_it.c **** /**
 241:Src/stm32f4xx_it.c **** * @brief This function handles TIM7 global interrupt.
 242:Src/stm32f4xx_it.c **** */
 243:Src/stm32f4xx_it.c **** void TIM7_IRQHandler(void)
 244:Src/stm32f4xx_it.c **** {
 311              		.loc 1 244 0
 312              		.cfi_startproc
 313              		@ args = 0, pretend = 0, frame = 0
 314              		@ frame_needed = 0, uses_anonymous_args = 0
 315 0000 08B5     		push	{r3, lr}
 316              	.LCFI4:
 317              		.cfi_def_cfa_offset 8
 318              		.cfi_offset 3, -8
 319              		.cfi_offset 14, -4
 245:Src/stm32f4xx_it.c ****   /* USER CODE BEGIN TIM7_IRQn 0 */
 246:Src/stm32f4xx_it.c **** 
 247:Src/stm32f4xx_it.c ****   /* USER CODE END TIM7_IRQn 0 */
 248:Src/stm32f4xx_it.c ****   HAL_TIM_IRQHandler(&htim7);
 320              		.loc 1 248 0
 321 0002 0248     		ldr	r0, .L29
 322 0004 FFF7FEFF 		bl	HAL_TIM_IRQHandler
 323              	.LVL5:
 324 0008 08BD     		pop	{r3, pc}
 325              	.L30:
 326 000a 00BF     		.align	2
 327              	.L29:
 328 000c 00000000 		.word	htim7
 329              		.cfi_endproc
 330              	.LFE136:
 332              		.text
 333              	.Letext0:
 334              		.file 2 "c:\\program files (x86)\\gnu tools arm embedded\\6 2017-q2-update\\arm-none-eabi\\include
 335              		.file 3 "c:\\program files (x86)\\gnu tools arm embedded\\6 2017-q2-update\\arm-none-eabi\\include
 336              		.file 4 "Drivers/CMSIS/Include/core_cm4.h"
 337              		.file 5 "Drivers/CMSIS/Device/ST/STM32F4xx/Include/system_stm32f4xx.h"
 338              		.file 6 "Drivers/CMSIS/Device/ST/STM32F4xx/Include/stm32f407xx.h"
 339              		.file 7 "c:\\program files (x86)\\gnu tools arm embedded\\6 2017-q2-update\\arm-none-eabi\\include
 340              		.file 8 "c:\\program files (x86)\\gnu tools arm embedded\\6 2017-q2-update\\arm-none-eabi\\include
 341              		.file 9 "c:\\program files (x86)\\gnu tools arm embedded\\6 2017-q2-update\\lib\\gcc\\arm-none-eab
 342              		.file 10 "c:\\program files (x86)\\gnu tools arm embedded\\6 2017-q2-update\\arm-none-eabi\\includ
 343              		.file 11 "Drivers/STM32F4xx_HAL_Driver/Inc/stm32f4xx_hal_def.h"
 344              		.file 12 "Drivers/STM32F4xx_HAL_Driver/Inc/stm32f4xx_hal_dma.h"
 345              		.file 13 "Drivers/STM32F4xx_HAL_Driver/Inc/stm32f4xx_ll_sdmmc.h"
 346              		.file 14 "Drivers/STM32F4xx_HAL_Driver/Inc/stm32f4xx_hal_sd.h"
 347              		.file 15 "Drivers/STM32F4xx_HAL_Driver/Inc/stm32f4xx_hal_tim.h"
 348              		.file 16 "Drivers/STM32F4xx_HAL_Driver/Inc/stm32f4xx_hal_uart.h"
ARM GAS  C:\Users\svcgu\AppData\Local\Temp\cceIY00A.s 			page 11


 349              		.file 17 "Drivers/STM32F4xx_HAL_Driver/Inc/stm32f4xx_hal.h"
 350              		.file 18 "Drivers/STM32F4xx_HAL_Driver/Inc/stm32f4xx_hal_cortex.h"
ARM GAS  C:\Users\svcgu\AppData\Local\Temp\cceIY00A.s 			page 12


DEFINED SYMBOLS
                            *ABS*:00000000 stm32f4xx_it.c
C:\Users\svcgu\AppData\Local\Temp\cceIY00A.s:18     .text.NMI_Handler:00000000 $t
C:\Users\svcgu\AppData\Local\Temp\cceIY00A.s:25     .text.NMI_Handler:00000000 NMI_Handler
C:\Users\svcgu\AppData\Local\Temp\cceIY00A.s:38     .text.HardFault_Handler:00000000 $t
C:\Users\svcgu\AppData\Local\Temp\cceIY00A.s:45     .text.HardFault_Handler:00000000 HardFault_Handler
C:\Users\svcgu\AppData\Local\Temp\cceIY00A.s:59     .text.MemManage_Handler:00000000 $t
C:\Users\svcgu\AppData\Local\Temp\cceIY00A.s:66     .text.MemManage_Handler:00000000 MemManage_Handler
C:\Users\svcgu\AppData\Local\Temp\cceIY00A.s:80     .text.BusFault_Handler:00000000 $t
C:\Users\svcgu\AppData\Local\Temp\cceIY00A.s:87     .text.BusFault_Handler:00000000 BusFault_Handler
C:\Users\svcgu\AppData\Local\Temp\cceIY00A.s:101    .text.UsageFault_Handler:00000000 $t
C:\Users\svcgu\AppData\Local\Temp\cceIY00A.s:108    .text.UsageFault_Handler:00000000 UsageFault_Handler
C:\Users\svcgu\AppData\Local\Temp\cceIY00A.s:122    .text.SVC_Handler:00000000 $t
C:\Users\svcgu\AppData\Local\Temp\cceIY00A.s:129    .text.SVC_Handler:00000000 SVC_Handler
C:\Users\svcgu\AppData\Local\Temp\cceIY00A.s:141    .text.DebugMon_Handler:00000000 $t
C:\Users\svcgu\AppData\Local\Temp\cceIY00A.s:148    .text.DebugMon_Handler:00000000 DebugMon_Handler
C:\Users\svcgu\AppData\Local\Temp\cceIY00A.s:160    .text.PendSV_Handler:00000000 $t
C:\Users\svcgu\AppData\Local\Temp\cceIY00A.s:167    .text.PendSV_Handler:00000000 PendSV_Handler
C:\Users\svcgu\AppData\Local\Temp\cceIY00A.s:179    .text.SysTick_Handler:00000000 $t
C:\Users\svcgu\AppData\Local\Temp\cceIY00A.s:186    .text.SysTick_Handler:00000000 SysTick_Handler
C:\Users\svcgu\AppData\Local\Temp\cceIY00A.s:209    .text.SDIO_IRQHandler:00000000 $t
C:\Users\svcgu\AppData\Local\Temp\cceIY00A.s:216    .text.SDIO_IRQHandler:00000000 SDIO_IRQHandler
C:\Users\svcgu\AppData\Local\Temp\cceIY00A.s:235    .text.SDIO_IRQHandler:0000000c $d
C:\Users\svcgu\AppData\Local\Temp\cceIY00A.s:240    .text.UART4_IRQHandler:00000000 $t
C:\Users\svcgu\AppData\Local\Temp\cceIY00A.s:247    .text.UART4_IRQHandler:00000000 UART4_IRQHandler
C:\Users\svcgu\AppData\Local\Temp\cceIY00A.s:266    .text.UART4_IRQHandler:0000000c $d
C:\Users\svcgu\AppData\Local\Temp\cceIY00A.s:271    .text.TIM6_DAC_IRQHandler:00000000 $t
C:\Users\svcgu\AppData\Local\Temp\cceIY00A.s:278    .text.TIM6_DAC_IRQHandler:00000000 TIM6_DAC_IRQHandler
C:\Users\svcgu\AppData\Local\Temp\cceIY00A.s:297    .text.TIM6_DAC_IRQHandler:0000000c $d
C:\Users\svcgu\AppData\Local\Temp\cceIY00A.s:302    .text.TIM7_IRQHandler:00000000 $t
C:\Users\svcgu\AppData\Local\Temp\cceIY00A.s:309    .text.TIM7_IRQHandler:00000000 TIM7_IRQHandler
C:\Users\svcgu\AppData\Local\Temp\cceIY00A.s:328    .text.TIM7_IRQHandler:0000000c $d
                     .debug_frame:00000010 $d

UNDEFINED SYMBOLS
HAL_IncTick
HAL_SYSTICK_IRQHandler
HAL_SD_IRQHandler
hsd
HAL_UART_IRQHandler
huart4
HAL_TIM_IRQHandler
htim6
htim7
