ARM GAS  C:\Users\svcgu\AppData\Local\Temp\ccSwxrmi.s 			page 1


   1              		.cpu cortex-m4
   2              		.eabi_attribute 27, 1
   3              		.eabi_attribute 28, 1
   4              		.eabi_attribute 20, 1
   5              		.eabi_attribute 21, 1
   6              		.eabi_attribute 23, 3
   7              		.eabi_attribute 24, 1
   8              		.eabi_attribute 25, 1
   9              		.eabi_attribute 26, 1
  10              		.eabi_attribute 30, 1
  11              		.eabi_attribute 34, 1
  12              		.eabi_attribute 18, 4
  13              		.file	"usart.c"
  14              		.text
  15              	.Ltext0:
  16              		.cfi_sections	.debug_frame
  17              		.section	.text.MX_UART4_Init,"ax",%progbits
  18              		.align	1
  19              		.global	MX_UART4_Init
  20              		.syntax unified
  21              		.thumb
  22              		.thumb_func
  23              		.fpu fpv4-sp-d16
  25              	MX_UART4_Init:
  26              	.LFB124:
  27              		.file 1 "Src/usart.c"
   1:Src/usart.c   **** /**
   2:Src/usart.c   ****   ******************************************************************************
   3:Src/usart.c   ****   * File Name          : USART.c
   4:Src/usart.c   ****   * Description        : This file provides code for the configuration
   5:Src/usart.c   ****   *                      of the USART instances.
   6:Src/usart.c   ****   ******************************************************************************
   7:Src/usart.c   ****   * This notice applies to any and all portions of this file
   8:Src/usart.c   ****   * that are not between comment pairs USER CODE BEGIN and
   9:Src/usart.c   ****   * USER CODE END. Other portions of this file, whether 
  10:Src/usart.c   ****   * inserted by the user or by software development tools
  11:Src/usart.c   ****   * are owned by their respective copyright owners.
  12:Src/usart.c   ****   *
  13:Src/usart.c   ****   * Copyright (c) 2018 STMicroelectronics International N.V. 
  14:Src/usart.c   ****   * All rights reserved.
  15:Src/usart.c   ****   *
  16:Src/usart.c   ****   * Redistribution and use in source and binary forms, with or without 
  17:Src/usart.c   ****   * modification, are permitted, provided that the following conditions are met:
  18:Src/usart.c   ****   *
  19:Src/usart.c   ****   * 1. Redistribution of source code must retain the above copyright notice, 
  20:Src/usart.c   ****   *    this list of conditions and the following disclaimer.
  21:Src/usart.c   ****   * 2. Redistributions in binary form must reproduce the above copyright notice,
  22:Src/usart.c   ****   *    this list of conditions and the following disclaimer in the documentation
  23:Src/usart.c   ****   *    and/or other materials provided with the distribution.
  24:Src/usart.c   ****   * 3. Neither the name of STMicroelectronics nor the names of other 
  25:Src/usart.c   ****   *    contributors to this software may be used to endorse or promote products 
  26:Src/usart.c   ****   *    derived from this software without specific written permission.
  27:Src/usart.c   ****   * 4. This software, including modifications and/or derivative works of this 
  28:Src/usart.c   ****   *    software, must execute solely and exclusively on microcontroller or
  29:Src/usart.c   ****   *    microprocessor devices manufactured by or for STMicroelectronics.
  30:Src/usart.c   ****   * 5. Redistribution and use of this software other than as permitted under 
  31:Src/usart.c   ****   *    this license is void and will automatically terminate your rights under 
ARM GAS  C:\Users\svcgu\AppData\Local\Temp\ccSwxrmi.s 			page 2


  32:Src/usart.c   ****   *    this license. 
  33:Src/usart.c   ****   *
  34:Src/usart.c   ****   * THIS SOFTWARE IS PROVIDED BY STMICROELECTRONICS AND CONTRIBUTORS "AS IS" 
  35:Src/usart.c   ****   * AND ANY EXPRESS, IMPLIED OR STATUTORY WARRANTIES, INCLUDING, BUT NOT 
  36:Src/usart.c   ****   * LIMITED TO, THE IMPLIED WARRANTIES OF MERCHANTABILITY, FITNESS FOR A 
  37:Src/usart.c   ****   * PARTICULAR PURPOSE AND NON-INFRINGEMENT OF THIRD PARTY INTELLECTUAL PROPERTY
  38:Src/usart.c   ****   * RIGHTS ARE DISCLAIMED TO THE FULLEST EXTENT PERMITTED BY LAW. IN NO EVENT 
  39:Src/usart.c   ****   * SHALL STMICROELECTRONICS OR CONTRIBUTORS BE LIABLE FOR ANY DIRECT, INDIRECT,
  40:Src/usart.c   ****   * INCIDENTAL, SPECIAL, EXEMPLARY, OR CONSEQUENTIAL DAMAGES (INCLUDING, BUT NOT
  41:Src/usart.c   ****   * LIMITED TO, PROCUREMENT OF SUBSTITUTE GOODS OR SERVICES; LOSS OF USE, DATA, 
  42:Src/usart.c   ****   * OR PROFITS; OR BUSINESS INTERRUPTION) HOWEVER CAUSED AND ON ANY THEORY OF 
  43:Src/usart.c   ****   * LIABILITY, WHETHER IN CONTRACT, STRICT LIABILITY, OR TORT (INCLUDING 
  44:Src/usart.c   ****   * NEGLIGENCE OR OTHERWISE) ARISING IN ANY WAY OUT OF THE USE OF THIS SOFTWARE,
  45:Src/usart.c   ****   * EVEN IF ADVISED OF THE POSSIBILITY OF SUCH DAMAGE.
  46:Src/usart.c   ****   *
  47:Src/usart.c   ****   ******************************************************************************
  48:Src/usart.c   ****   */
  49:Src/usart.c   **** 
  50:Src/usart.c   **** /* Includes ------------------------------------------------------------------*/
  51:Src/usart.c   **** #include "usart.h"
  52:Src/usart.c   **** 
  53:Src/usart.c   **** #include "gpio.h"
  54:Src/usart.c   **** 
  55:Src/usart.c   **** /* USER CODE BEGIN 0 */
  56:Src/usart.c   **** 
  57:Src/usart.c   **** /* USER CODE END 0 */
  58:Src/usart.c   **** 
  59:Src/usart.c   **** UART_HandleTypeDef huart4;
  60:Src/usart.c   **** 
  61:Src/usart.c   **** /* UART4 init function */
  62:Src/usart.c   **** void MX_UART4_Init(void)
  63:Src/usart.c   **** {
  28              		.loc 1 63 0
  29              		.cfi_startproc
  30              		@ args = 0, pretend = 0, frame = 0
  31              		@ frame_needed = 0, uses_anonymous_args = 0
  32 0000 08B5     		push	{r3, lr}
  33              	.LCFI0:
  34              		.cfi_def_cfa_offset 8
  35              		.cfi_offset 3, -8
  36              		.cfi_offset 14, -4
  64:Src/usart.c   **** 
  65:Src/usart.c   ****   huart4.Instance = UART4;
  37              		.loc 1 65 0
  38 0002 0B48     		ldr	r0, .L5
  39 0004 0B4B     		ldr	r3, .L5+4
  40 0006 0360     		str	r3, [r0]
  66:Src/usart.c   ****   huart4.Init.BaudRate = 115200;
  41              		.loc 1 66 0
  42 0008 4FF4E133 		mov	r3, #115200
  43 000c 4360     		str	r3, [r0, #4]
  67:Src/usart.c   ****   huart4.Init.WordLength = UART_WORDLENGTH_8B;
  44              		.loc 1 67 0
  45 000e 0023     		movs	r3, #0
  46 0010 8360     		str	r3, [r0, #8]
  68:Src/usart.c   ****   huart4.Init.StopBits = UART_STOPBITS_1;
  47              		.loc 1 68 0
ARM GAS  C:\Users\svcgu\AppData\Local\Temp\ccSwxrmi.s 			page 3


  48 0012 C360     		str	r3, [r0, #12]
  69:Src/usart.c   ****   huart4.Init.Parity = UART_PARITY_NONE;
  49              		.loc 1 69 0
  50 0014 0361     		str	r3, [r0, #16]
  70:Src/usart.c   ****   huart4.Init.Mode = UART_MODE_TX_RX;
  51              		.loc 1 70 0
  52 0016 0C22     		movs	r2, #12
  53 0018 4261     		str	r2, [r0, #20]
  71:Src/usart.c   ****   huart4.Init.HwFlowCtl = UART_HWCONTROL_NONE;
  54              		.loc 1 71 0
  55 001a 8361     		str	r3, [r0, #24]
  72:Src/usart.c   ****   huart4.Init.OverSampling = UART_OVERSAMPLING_16;
  56              		.loc 1 72 0
  57 001c C361     		str	r3, [r0, #28]
  73:Src/usart.c   ****   if (HAL_UART_Init(&huart4) != HAL_OK)
  58              		.loc 1 73 0
  59 001e FFF7FEFF 		bl	HAL_UART_Init
  60              	.LVL0:
  61 0022 00B9     		cbnz	r0, .L4
  62              	.L1:
  63 0024 08BD     		pop	{r3, pc}
  64              	.L4:
  74:Src/usart.c   ****   {
  75:Src/usart.c   ****     _Error_Handler(__FILE__, __LINE__);
  65              		.loc 1 75 0
  66 0026 4B21     		movs	r1, #75
  67 0028 0348     		ldr	r0, .L5+8
  68 002a FFF7FEFF 		bl	_Error_Handler
  69              	.LVL1:
  76:Src/usart.c   ****   }
  77:Src/usart.c   **** 
  78:Src/usart.c   **** }
  70              		.loc 1 78 0
  71 002e F9E7     		b	.L1
  72              	.L6:
  73              		.align	2
  74              	.L5:
  75 0030 00000000 		.word	huart4
  76 0034 004C0040 		.word	1073761280
  77 0038 00000000 		.word	.LC0
  78              		.cfi_endproc
  79              	.LFE124:
  81              		.section	.text.HAL_UART_MspInit,"ax",%progbits
  82              		.align	1
  83              		.global	HAL_UART_MspInit
  84              		.syntax unified
  85              		.thumb
  86              		.thumb_func
  87              		.fpu fpv4-sp-d16
  89              	HAL_UART_MspInit:
  90              	.LFB125:
  79:Src/usart.c   **** 
  80:Src/usart.c   **** void HAL_UART_MspInit(UART_HandleTypeDef* uartHandle)
  81:Src/usart.c   **** {
  91              		.loc 1 81 0
  92              		.cfi_startproc
  93              		@ args = 0, pretend = 0, frame = 24
ARM GAS  C:\Users\svcgu\AppData\Local\Temp\ccSwxrmi.s 			page 4


  94              		@ frame_needed = 0, uses_anonymous_args = 0
  95              	.LVL2:
  82:Src/usart.c   **** 
  83:Src/usart.c   ****   GPIO_InitTypeDef GPIO_InitStruct;
  84:Src/usart.c   ****   if(uartHandle->Instance==UART4)
  96              		.loc 1 84 0
  97 0000 0268     		ldr	r2, [r0]
  98 0002 154B     		ldr	r3, .L14
  99 0004 9A42     		cmp	r2, r3
 100 0006 00D0     		beq	.L13
 101 0008 7047     		bx	lr
 102              	.L13:
  81:Src/usart.c   **** 
 103              		.loc 1 81 0
 104 000a 10B5     		push	{r4, lr}
 105              	.LCFI1:
 106              		.cfi_def_cfa_offset 8
 107              		.cfi_offset 4, -8
 108              		.cfi_offset 14, -4
 109 000c 86B0     		sub	sp, sp, #24
 110              	.LCFI2:
 111              		.cfi_def_cfa_offset 32
 112              	.LBB2:
  85:Src/usart.c   ****   {
  86:Src/usart.c   ****   /* USER CODE BEGIN UART4_MspInit 0 */
  87:Src/usart.c   **** 
  88:Src/usart.c   ****   /* USER CODE END UART4_MspInit 0 */
  89:Src/usart.c   ****     /* UART4 clock enable */
  90:Src/usart.c   ****     __HAL_RCC_UART4_CLK_ENABLE();
 113              		.loc 1 90 0
 114 000e 0024     		movs	r4, #0
 115 0010 0094     		str	r4, [sp]
 116 0012 03F5F633 		add	r3, r3, #125952
 117 0016 1A6C     		ldr	r2, [r3, #64]
 118 0018 42F40022 		orr	r2, r2, #524288
 119 001c 1A64     		str	r2, [r3, #64]
 120 001e 1B6C     		ldr	r3, [r3, #64]
 121 0020 03F40023 		and	r3, r3, #524288
 122 0024 0093     		str	r3, [sp]
 123 0026 009B     		ldr	r3, [sp]
 124              	.LBE2:
  91:Src/usart.c   ****   
  92:Src/usart.c   ****     /**UART4 GPIO Configuration    
  93:Src/usart.c   ****     PA0-WKUP     ------> UART4_TX
  94:Src/usart.c   ****     PA1     ------> UART4_RX 
  95:Src/usart.c   ****     */
  96:Src/usart.c   ****     GPIO_InitStruct.Pin = DEBUG_TX_Pin|DEBUG_RX_Pin;
 125              		.loc 1 96 0
 126 0028 0323     		movs	r3, #3
 127 002a 0193     		str	r3, [sp, #4]
  97:Src/usart.c   ****     GPIO_InitStruct.Mode = GPIO_MODE_AF_PP;
 128              		.loc 1 97 0
 129 002c 0222     		movs	r2, #2
 130 002e 0292     		str	r2, [sp, #8]
  98:Src/usart.c   ****     GPIO_InitStruct.Pull = GPIO_PULLUP;
 131              		.loc 1 98 0
 132 0030 0122     		movs	r2, #1
ARM GAS  C:\Users\svcgu\AppData\Local\Temp\ccSwxrmi.s 			page 5


 133 0032 0392     		str	r2, [sp, #12]
  99:Src/usart.c   ****     GPIO_InitStruct.Speed = GPIO_SPEED_FREQ_VERY_HIGH;
 134              		.loc 1 99 0
 135 0034 0493     		str	r3, [sp, #16]
 100:Src/usart.c   ****     GPIO_InitStruct.Alternate = GPIO_AF8_UART4;
 136              		.loc 1 100 0
 137 0036 0823     		movs	r3, #8
 138 0038 0593     		str	r3, [sp, #20]
 101:Src/usart.c   ****     HAL_GPIO_Init(GPIOA, &GPIO_InitStruct);
 139              		.loc 1 101 0
 140 003a 01A9     		add	r1, sp, #4
 141 003c 0748     		ldr	r0, .L14+4
 142              	.LVL3:
 143 003e FFF7FEFF 		bl	HAL_GPIO_Init
 144              	.LVL4:
 102:Src/usart.c   **** 
 103:Src/usart.c   ****     /* UART4 interrupt Init */
 104:Src/usart.c   ****     HAL_NVIC_SetPriority(UART4_IRQn, 0, 0);
 145              		.loc 1 104 0
 146 0042 2246     		mov	r2, r4
 147 0044 2146     		mov	r1, r4
 148 0046 3420     		movs	r0, #52
 149 0048 FFF7FEFF 		bl	HAL_NVIC_SetPriority
 150              	.LVL5:
 105:Src/usart.c   ****     HAL_NVIC_EnableIRQ(UART4_IRQn);
 151              		.loc 1 105 0
 152 004c 3420     		movs	r0, #52
 153 004e FFF7FEFF 		bl	HAL_NVIC_EnableIRQ
 154              	.LVL6:
 106:Src/usart.c   ****   /* USER CODE BEGIN UART4_MspInit 1 */
 107:Src/usart.c   **** 
 108:Src/usart.c   ****   /* USER CODE END UART4_MspInit 1 */
 109:Src/usart.c   ****   }
 110:Src/usart.c   **** }
 155              		.loc 1 110 0
 156 0052 06B0     		add	sp, sp, #24
 157              	.LCFI3:
 158              		.cfi_def_cfa_offset 8
 159              		@ sp needed
 160 0054 10BD     		pop	{r4, pc}
 161              	.L15:
 162 0056 00BF     		.align	2
 163              	.L14:
 164 0058 004C0040 		.word	1073761280
 165 005c 00000240 		.word	1073872896
 166              		.cfi_endproc
 167              	.LFE125:
 169              		.section	.text.HAL_UART_MspDeInit,"ax",%progbits
 170              		.align	1
 171              		.global	HAL_UART_MspDeInit
 172              		.syntax unified
 173              		.thumb
 174              		.thumb_func
 175              		.fpu fpv4-sp-d16
 177              	HAL_UART_MspDeInit:
 178              	.LFB126:
 111:Src/usart.c   **** 
ARM GAS  C:\Users\svcgu\AppData\Local\Temp\ccSwxrmi.s 			page 6


 112:Src/usart.c   **** void HAL_UART_MspDeInit(UART_HandleTypeDef* uartHandle)
 113:Src/usart.c   **** {
 179              		.loc 1 113 0
 180              		.cfi_startproc
 181              		@ args = 0, pretend = 0, frame = 0
 182              		@ frame_needed = 0, uses_anonymous_args = 0
 183              	.LVL7:
 184 0000 08B5     		push	{r3, lr}
 185              	.LCFI4:
 186              		.cfi_def_cfa_offset 8
 187              		.cfi_offset 3, -8
 188              		.cfi_offset 14, -4
 114:Src/usart.c   **** 
 115:Src/usart.c   ****   if(uartHandle->Instance==UART4)
 189              		.loc 1 115 0
 190 0002 0268     		ldr	r2, [r0]
 191 0004 084B     		ldr	r3, .L20
 192 0006 9A42     		cmp	r2, r3
 193 0008 00D0     		beq	.L19
 194              	.LVL8:
 195              	.L16:
 196 000a 08BD     		pop	{r3, pc}
 197              	.LVL9:
 198              	.L19:
 116:Src/usart.c   ****   {
 117:Src/usart.c   ****   /* USER CODE BEGIN UART4_MspDeInit 0 */
 118:Src/usart.c   **** 
 119:Src/usart.c   ****   /* USER CODE END UART4_MspDeInit 0 */
 120:Src/usart.c   ****     /* Peripheral clock disable */
 121:Src/usart.c   ****     __HAL_RCC_UART4_CLK_DISABLE();
 199              		.loc 1 121 0
 200 000c 074A     		ldr	r2, .L20+4
 201 000e 136C     		ldr	r3, [r2, #64]
 202 0010 23F40023 		bic	r3, r3, #524288
 203 0014 1364     		str	r3, [r2, #64]
 122:Src/usart.c   ****   
 123:Src/usart.c   ****     /**UART4 GPIO Configuration    
 124:Src/usart.c   ****     PA0-WKUP     ------> UART4_TX
 125:Src/usart.c   ****     PA1     ------> UART4_RX 
 126:Src/usart.c   ****     */
 127:Src/usart.c   ****     HAL_GPIO_DeInit(GPIOA, DEBUG_TX_Pin|DEBUG_RX_Pin);
 204              		.loc 1 127 0
 205 0016 0321     		movs	r1, #3
 206 0018 0548     		ldr	r0, .L20+8
 207              	.LVL10:
 208 001a FFF7FEFF 		bl	HAL_GPIO_DeInit
 209              	.LVL11:
 128:Src/usart.c   **** 
 129:Src/usart.c   ****     /* UART4 interrupt Deinit */
 130:Src/usart.c   ****     HAL_NVIC_DisableIRQ(UART4_IRQn);
 210              		.loc 1 130 0
 211 001e 3420     		movs	r0, #52
 212 0020 FFF7FEFF 		bl	HAL_NVIC_DisableIRQ
 213              	.LVL12:
 131:Src/usart.c   ****   /* USER CODE BEGIN UART4_MspDeInit 1 */
 132:Src/usart.c   **** 
 133:Src/usart.c   ****   /* USER CODE END UART4_MspDeInit 1 */
ARM GAS  C:\Users\svcgu\AppData\Local\Temp\ccSwxrmi.s 			page 7


 134:Src/usart.c   ****   }
 135:Src/usart.c   **** } 
 214              		.loc 1 135 0
 215 0024 F1E7     		b	.L16
 216              	.L21:
 217 0026 00BF     		.align	2
 218              	.L20:
 219 0028 004C0040 		.word	1073761280
 220 002c 00380240 		.word	1073887232
 221 0030 00000240 		.word	1073872896
 222              		.cfi_endproc
 223              	.LFE126:
 225              		.comm	huart4,64,4
 226              		.section	.rodata.MX_UART4_Init.str1.4,"aMS",%progbits,1
 227              		.align	2
 228              	.LC0:
 229 0000 5372632F 		.ascii	"Src/usart.c\000"
 229      75736172 
 229      742E6300 
 230              		.text
 231              	.Letext0:
 232              		.file 2 "c:\\program files (x86)\\gnu tools arm embedded\\6 2017-q2-update\\arm-none-eabi\\include
 233              		.file 3 "c:\\program files (x86)\\gnu tools arm embedded\\6 2017-q2-update\\arm-none-eabi\\include
 234              		.file 4 "Drivers/CMSIS/Include/core_cm4.h"
 235              		.file 5 "Drivers/CMSIS/Device/ST/STM32F4xx/Include/system_stm32f4xx.h"
 236              		.file 6 "Drivers/CMSIS/Device/ST/STM32F4xx/Include/stm32f407xx.h"
 237              		.file 7 "c:\\program files (x86)\\gnu tools arm embedded\\6 2017-q2-update\\arm-none-eabi\\include
 238              		.file 8 "c:\\program files (x86)\\gnu tools arm embedded\\6 2017-q2-update\\arm-none-eabi\\include
 239              		.file 9 "c:\\program files (x86)\\gnu tools arm embedded\\6 2017-q2-update\\lib\\gcc\\arm-none-eab
 240              		.file 10 "c:\\program files (x86)\\gnu tools arm embedded\\6 2017-q2-update\\arm-none-eabi\\includ
 241              		.file 11 "Drivers/STM32F4xx_HAL_Driver/Inc/stm32f4xx_hal_def.h"
 242              		.file 12 "Drivers/STM32F4xx_HAL_Driver/Inc/stm32f4xx_hal_gpio.h"
 243              		.file 13 "Drivers/STM32F4xx_HAL_Driver/Inc/stm32f4xx_hal_dma.h"
 244              		.file 14 "Drivers/STM32F4xx_HAL_Driver/Inc/stm32f4xx_hal_uart.h"
 245              		.file 15 "Inc/usart.h"
 246              		.file 16 "Drivers/STM32F4xx_HAL_Driver/Inc/stm32f4xx_hal_cortex.h"
ARM GAS  C:\Users\svcgu\AppData\Local\Temp\ccSwxrmi.s 			page 8


DEFINED SYMBOLS
                            *ABS*:00000000 usart.c
C:\Users\svcgu\AppData\Local\Temp\ccSwxrmi.s:18     .text.MX_UART4_Init:00000000 $t
C:\Users\svcgu\AppData\Local\Temp\ccSwxrmi.s:25     .text.MX_UART4_Init:00000000 MX_UART4_Init
C:\Users\svcgu\AppData\Local\Temp\ccSwxrmi.s:75     .text.MX_UART4_Init:00000030 $d
                            *COM*:00000040 huart4
C:\Users\svcgu\AppData\Local\Temp\ccSwxrmi.s:82     .text.HAL_UART_MspInit:00000000 $t
C:\Users\svcgu\AppData\Local\Temp\ccSwxrmi.s:89     .text.HAL_UART_MspInit:00000000 HAL_UART_MspInit
C:\Users\svcgu\AppData\Local\Temp\ccSwxrmi.s:164    .text.HAL_UART_MspInit:00000058 $d
C:\Users\svcgu\AppData\Local\Temp\ccSwxrmi.s:170    .text.HAL_UART_MspDeInit:00000000 $t
C:\Users\svcgu\AppData\Local\Temp\ccSwxrmi.s:177    .text.HAL_UART_MspDeInit:00000000 HAL_UART_MspDeInit
C:\Users\svcgu\AppData\Local\Temp\ccSwxrmi.s:219    .text.HAL_UART_MspDeInit:00000028 $d
C:\Users\svcgu\AppData\Local\Temp\ccSwxrmi.s:227    .rodata.MX_UART4_Init.str1.4:00000000 $d
                     .debug_frame:00000010 $d

UNDEFINED SYMBOLS
HAL_UART_Init
_Error_Handler
HAL_GPIO_Init
HAL_NVIC_SetPriority
HAL_NVIC_EnableIRQ
HAL_GPIO_DeInit
HAL_NVIC_DisableIRQ
